"../../../Engine/Content/Functions/Engine_MaterialFunctions01/Opacity/CameraDepthFade.uasset" 0
"../../../Engine/Content/EngineMaterials/T_Default_Material_Grid_M.uasset" 1
"../../../Engine/Content/EngineMaterials/T_Default_Material_Grid_N.uasset" 2
"../../../Engine/Content/EngineMaterials/WorldGridMaterial.uasset" 3
"../../../Engine/Content/ArtTools/RenderToTexture/Meshes/S_1_Unit_Plane.uasset" 4
"../../../Engine/Content/EngineMaterials/DefaultMaterial.uasset" 5
"../../../Engine/Content/BasicShapes/Cone.uasset" 6
"../../../Engine/Content/BasicShapes/Plane.uasset" 7
"../../../Engine/Content/BasicShapes/Sphere.uasset" 8
"../../../Engine/Content/EngineMaterials/DefaultPhysicalMaterial.uasset" 9
"../../../Engine/Content/BufferVisualization/AmbientOcclusion.uasset" 10
"../../../Engine/Content/BufferVisualization/BaseColor.uasset" 11
"../../../Engine/Content/BufferVisualization/CustomDepth.uasset" 12
"../../../Engine/Content/Functions/Engine_MaterialFunctions02/Utility/VectorLength.uasset" 13
"../../../Engine/Content/BufferVisualization/CustomDepthWorldUnits.uasset" 14
"../../../Engine/Content/Functions/Engine_MaterialFunctions02/Utility/BreakOutFloat2Components.uasset" 15
"../../../Engine/Content/Functions/Engine_MaterialFunctions01/Texturing/ScaleUVsByCenter.uasset" 16
"../../../Engine/Content/Functions/Engine_MaterialFunctions02/ScreenResolution.uasset" 17
"../../../Engine/Content/Functions/Engine_MaterialFunctions02/Texturing/ScreenAlignedUVs.uasset" 18
"../../../Engine/Content/Functions/Engine_MaterialFunctions02/Utility/MakeFloat2.uasset" 19
"../../../Engine/Content/Functions/Engine_MaterialFunctions02/Utility/MakeFloat3.uasset" 20
"../../../Engine/Content/EngineMaterials/MiniFont.uasset" 21
"../../../Engine/Content/BufferVisualization/CustomStencil.uasset" 22
"../../../Engine/Content/BufferVisualization/FinalImage.uasset" 23
"../../../Engine/Content/BufferVisualization/LightingModel.uasset" 24
"../../../Engine/Content/BufferVisualization/MaterialAO.uasset" 25
"../../../Engine/Content/BufferVisualization/Metallic.uasset" 26
"../../../Engine/Content/BufferVisualization/Opacity.uasset" 27
"../../../Engine/Content/BufferVisualization/PostTonemapHDRColor.uasset" 28
"../../../Engine/Content/BufferVisualization/PreTonemapHDRColor.uasset" 29
"../../../Engine/Content/BufferVisualization/Roughness.uasset" 30
"../../../Engine/Content/BufferVisualization/SceneColor.uasset" 31
"../../../Engine/Content/BufferVisualization/SceneDepth.uasset" 32
"../../../Engine/Content/BufferVisualization/SceneDepthWorldUnits.uasset" 33
"../../../Engine/Content/BufferVisualization/SeparateTranslucencyA.uasset" 34
"../../../Engine/Content/BufferVisualization/SeparateTranslucencyRGB.uasset" 35
"../../../Engine/Content/BufferVisualization/Specular.uasset" 36
"../../../Engine/Content/BufferVisualization/SubsurfaceColor.uasset" 37
"../../../Engine/Content/BufferVisualization/WorldNormal.uasset" 38
"../../../Engine/Content/EditorLandscapeResources/DataLayer.uasset" 39
"../../../Engine/Content/EditorLandscapeResources/DefaultAlphaTexture.uasset" 40
"../../../Engine/Content/EditorLandscapeResources/LandscapeGizmoHeight_Mat.uasset" 41
"../../../Engine/Content/EditorLandscapeResources/LandscapeGizmo_Mat.uasset" 42
"../../../Engine/Content/EditorLandscapeResources/LandscapeGizmo_Mat_Copied.uasset" 43
"../../../Engine/Content/EditorLandscapeResources/SplineEditorMeshMat.uasset" 44
"../../../Engine/Content/EditorLandscapeResources/SplineEditorMesh.uasset" 45
"../../../Engine/Content/EditorMaterials/Cross.uasset" 46
"../../../Engine/Content/EditorMaterials/Cross_Mat.uasset" 47
"../../../Engine/Content/EditorMaterials/GizmoMaterial.uasset" 48
"../../../Engine/Content/Functions/Engine_MaterialFunctions02/Utility/Sign.uasset" 49
"../../../Engine/Content/Functions/Engine_MaterialFunctions02/Utility/Round.uasset" 50
"../../../Engine/Content/Functions/Engine_MaterialFunctions02/ExampleContent/Textures/flipbook.uasset" 51
"../../../Engine/Content/Functions/Engine_MaterialFunctions02/Texturing/FlipBook.uasset" 52
"../../../Engine/Content/EditorResources/T_EditorHelp.uasset" 53
"../../../Engine/Content/EditorMaterials/HelpActorMaterial.uasset" 54
"../../../Engine/Content/EditorMaterials/CompositeARGBLayer.uasset" 55
"../../../Engine/Content/EditorMaterials/TilingAALineIntegral.uasset" 56
"../../../Engine/Content/EditorMaterials/TilingAALineBoxFiltered.uasset" 57
"../../../Engine/Content/Functions/Engine_MaterialFunctions03/Procedurals/ComputeFilterWidth.uasset" 58
"../../../Engine/Content/EditorMaterials/TilingAADots.uasset" 59
"../../../Engine/Content/EditorMaterials/Cascade/CASC_Cross.uasset" 60
"../../../Engine/Content/EditorMaterials/Cascade/CASC_None.uasset" 61
"../../../Engine/Content/Functions/Engine_MaterialFunctions03/Blends/Blend_Screen.uasset" 62
"../../../Engine/Content/EditorMaterials/TilingAAGrid.uasset" 63
"../../../Engine/Content/EditorMaterials/LevelGridMaterial.uasset" 64
"../../../Engine/Content/EditorMaterials/MakeCompositeARGBLayer.uasset" 65
"../../../Engine/Content/EditorResources/LevelGrid1DStripes.uasset" 66
"../../../Engine/Content/EditorMaterials/TextureGridCascaded1D.uasset" 67
"../../../Engine/Content/EditorMaterials/TextureGridCascaded2D.uasset" 68
"../../../Engine/Content/EditorMaterials/LevelGridMaterial2.uasset" 69
"../../../Engine/Content/EditorMaterials/MAT_Groups_Toggle.uasset" 70
"../../../Engine/Content/EditorMaterials/MAT_Groups_Visibility.uasset" 71
"../../../Engine/Content/EditorMaterials/PhAT_BoneSelectedMaterial.uasset" 72
"../../../Engine/Content/EditorMaterials/PhAT_ElemSelectedMaterial.uasset" 73
"../../../Engine/Content/EditorMaterials/PhAT_NoCollisionMaterial.uasset" 74
"../../../Engine/Content/EditorMaterials/PhAT_UnselectedMaterial.uasset" 75
"../../../Engine/Content/EditorMaterials/PreviewShadowIndicator.uasset" 76
"../../../Engine/Content/EditorMaterials/PreviewShadowIndicatorMaterial.uasset" 77
"../../../Engine/Content/EditorMaterials/TargetIcon.uasset" 78
"../../../Engine/Content/EditorMaterials/Tick.uasset" 79
"../../../Engine/Content/EditorMaterials/Tick_Mat.uasset" 80
"../../../Engine/Content/EditorMaterials/WidgetGridVertexColorMaterial.uasset" 81
"../../../Engine/Content/EditorMaterials/WidgetGridVertexColorMaterial_Ma.uasset" 82
"../../../Engine/Content/EditorMaterials/WidgetMaterial.uasset" 83
"../../../Engine/Content/EditorMaterials/WidgetMaterial_Current.uasset" 84
"../../../Engine/Content/EditorMaterials/WidgetMaterial_X.uasset" 85
"../../../Engine/Content/EditorMaterials/WidgetMaterial_Y.uasset" 86
"../../../Engine/Content/EditorMaterials/WidgetMaterial_Z.uasset" 87
"../../../Engine/Content/EditorMaterials/WidgetVertexColorMaterial.uasset" 88
"../../../Engine/Content/EditorMaterials/MatineeGroups/MAT_ColorTrack.uasset" 89
"../../../Engine/Content/EditorMaterials/MatineeGroups/MAT_Groups_Anim.uasset" 90
"../../../Engine/Content/EditorMaterials/MatineeGroups/MAT_Groups_AudioMaster.uasset" 91
"../../../Engine/Content/EditorMaterials/MatineeGroups/MAT_Groups_Director.uasset" 92
"../../../Engine/Content/EditorMaterials/MatineeGroups/MAT_Groups_Event.uasset" 93
"../../../Engine/Content/EditorMaterials/MatineeGroups/MAT_Groups_Fade.uasset" 94
"../../../Engine/Content/EditorMaterials/MatineeGroups/MAT_Groups_Float.uasset" 95
"../../../Engine/Content/EditorMaterials/MatineeGroups/MAT_Groups_Move.uasset" 96
"../../../Engine/Content/EditorMaterials/MatineeGroups/MAT_Groups_Slomo.uasset" 97
"../../../Engine/Content/EditorMaterials/MatineeGroups/MAT_Groups_Sound.uasset" 98
"../../../Engine/Content/EditorMaterials/MatineeGroups/MAT_Groups_Vector.uasset" 99
"../../../Engine/Content/EditorMaterials/ParticleSystems/PSysThumbnail_NoImage.uasset" 100
"../../../Engine/Content/EditorMaterials/ParticleSystems/PSysThumbnail_OOD.uasset" 101
"../../../Engine/Content/EngineMaterials/Grid.uasset" 102
"../../../Engine/Content/EditorMaterials/Thumbnails/FloorPlaneMaterial.uasset" 103
"../../../Engine/Content/EditorMeshes/EditorCube.uasset" 104
"../../../Engine/Content/EditorMeshes/EditorCylinder.uasset" 105
"../../../Engine/Content/EditorMeshes/EditorPlane.uasset" 106
"../../../Engine/Content/EditorMaterials/Thumbnails/SkySphereMaterial.uasset" 107
"../../../Engine/Content/EditorMeshes/EditorSkySphere.uasset" 108
"../../../Engine/Content/EditorMeshes/EditorSphere.uasset" 109
"../../../Engine/Content/EditorResources/MatineeCam_D.uasset" 110
"../../../Engine/Content/EditorMaterials/MatineeCam_mat.uasset" 111
"../../../Engine/Content/EditorMeshes/MatineeCam_SM.uasset" 112
"../../../Engine/Content/EditorMaterials/Camera/CineMat.uasset" 113
"../../../Engine/Content/EditorMaterials/Camera/MI_CineMat_CameraBody.uasset" 114
"../../../Engine/Content/EngineDebugMaterials/M_SimpleOpaque.uasset" 115
"../../../Engine/Content/EditorMaterials/Camera/MI_CineMat_CamViewFinder.uasset" 116
"../../../Engine/Content/EditorMeshes/Camera/SM_CineCam.uasset" 117
"../../../Engine/Content/EditorMaterials/Camera/MI_CineMat_Rig.uasset" 118
"../../../Engine/Content/EditorMeshes/Camera/SM_CraneRig_Arm.uasset" 119
"../../../Engine/Content/EditorMeshes/Camera/SM_CraneRig_Base.uasset" 120
"../../../Engine/Content/EditorMeshes/Camera/SM_CraneRig_Body.uasset" 121
"../../../Engine/Content/EditorMeshes/Camera/SM_CraneRig_Mount.uasset" 122
"../../../Engine/Content/EditorMeshes/Camera/SM_RailRig_Mount.uasset" 123
"../../../Engine/Content/EditorMeshes/Camera/SM_RailRig_Track.uasset" 124
"../../../Engine/Content/EditorMeshes/ColorCalibrator/M_ChromeBall.uasset" 125
"../../../Engine/Content/EditorMeshes/ColorCalibrator/M_ClearCoat.uasset" 126
"../../../Engine/Content/EditorMeshes/ColorCalibrator/M_ClearCoatBlack.uasset" 127
"../../../Engine/Content/EditorMeshes/ColorCalibrator/Color_checker.uasset" 128
"../../../Engine/Content/EditorMeshes/ColorCalibrator/M_ColorGrid.uasset" 129
"../../../Engine/Content/EditorMeshes/ColorCalibrator/M_GreyBall.uasset" 130
"../../../Engine/Content/EditorMeshes/ColorCalibrator/SM_ColorCalibrator.uasset" 131
"../../../Engine/Content/EditorResources/Bad.uasset" 132
"../../../Engine/Content/EditorResources/BSPVertex.uasset" 133
"../../../Engine/Content/EditorResources/EmptyActor.uasset" 134
"../../../Engine/Content/EditorResources/MatInstActSprite.uasset" 135
"../../../Engine/Content/EditorResources/SceneManager.uasset" 136
"../../../Engine/Content/EditorResources/SmallFont.uasset" 137
"../../../Engine/Content/EditorResources/S_Actor.uasset" 138
"../../../Engine/Content/EditorResources/S_DecalActorIcon.uasset" 139
"../../../Engine/Content/EditorResources/S_Emitter.uasset" 140
"../../../Engine/Content/EditorResources/S_ExpoHeightFog.uasset" 141
"../../../Engine/Content/EditorResources/S_FTest.uasset" 142
"../../../Engine/Content/EditorResources/S_KBSJoint.uasset" 143
"../../../Engine/Content/EditorResources/S_KHinge.uasset" 144
"../../../Engine/Content/EditorResources/S_KPrismatic.uasset" 145
"../../../Engine/Content/EditorResources/S_LevelSequence.uasset" 146
"../../../Engine/Content/EditorResources/S_NavP.uasset" 147
"../../../Engine/Content/EditorResources/S_Note.uasset" 148
"../../../Engine/Content/EditorResources/S_Player.uasset" 149
"../../../Engine/Content/EditorResources/S_PortalActorIcon2.uasset" 150
"../../../Engine/Content/EditorResources/S_RadForce.uasset" 151
"../../../Engine/Content/EditorResources/S_ReflActorIcon.uasset" 152
"../../../Engine/Content/EditorResources/S_Terrain.uasset" 153
"../../../Engine/Content/EditorResources/S_TextRenderActorIcon.uasset" 154
"../../../Engine/Content/EditorResources/S_Thruster.uasset" 155
"../../../Engine/Content/EditorResources/S_Trigger.uasset" 156
"../../../Engine/Content/EditorResources/S_VectorFieldVol.uasset" 157
"../../../Engine/Content/EditorResources/S_WindDirectional.uasset" 158
"../../../Engine/Content/EditorResources/AI/S_NavLink.uasset" 159
"../../../Engine/Content/EditorResources/LightIcons/SkyLight.uasset" 160
"../../../Engine/Content/EditorResources/LightIcons/S_LightDirectional.uasset" 161
"../../../Engine/Content/EditorResources/LightIcons/S_LightDirectionalMove.uasset" 162
"../../../Engine/Content/EditorResources/LightIcons/S_LightError.uasset" 163
"../../../Engine/Content/EditorResources/LightIcons/S_LightPoint.uasset" 164
"../../../Engine/Content/EditorResources/LightIcons/S_LightPointMove.uasset" 165
"../../../Engine/Content/EditorResources/LightIcons/S_LightSpot.uasset" 166
"../../../Engine/Content/EditorResources/LightIcons/S_LightSpotMove.uasset" 167
"../../../Engine/Content/EditorResources/SequenceRecorder/Countdown.uasset" 168
"../../../Engine/Content/EditorResources/SequenceRecorder/RecordingIndicator.uasset" 169
"../../../Engine/Content/EditorResources/Spline/T_Loft_Spline.uasset" 170
"../../../Engine/Content/EditorSounds/Notifications/CompileFailed.uasset" 171
"../../../Engine/Content/EditorSounds/Notifications/CompileFailed_Cue.uasset" 172
"../../../Engine/Content/EditorSounds/Notifications/CompileSuccess.uasset" 173
"../../../Engine/Content/EditorSounds/Notifications/CompileStart_Cue.uasset" 174
"../../../Engine/Content/EditorSounds/Notifications/CompileSuccess_Cue.uasset" 175
"../../../Engine/Content/EngineDamageTypes/DmgTypeBP_Environmental.uasset" 176
"../../../Engine/Content/EngineDebugMaterials/HeatmapGradient.uasset" 177
"../../../Engine/Content/EngineDebugMaterials/BoneWeightMaterial.uasset" 178
"../../../Engine/Content/EngineDebugMaterials/ClothMaterial.uasset" 179
"../../../Engine/Content/EngineDebugMaterials/ClothMaterial_WF.uasset" 180
"../../../Engine/Content/EngineDebugMaterials/DebugEditorMaterial.uasset" 181
"../../../Engine/Content/EngineDebugMaterials/DebugMeshMaterial.uasset" 182
"../../../Engine/Content/EngineDebugMaterials/GeomMaterial.uasset" 183
"../../../Engine/Content/Functions/Engine_MaterialFunctions01/Shading/ConvertFromDiffSpec.uasset" 184
"../../../Engine/Content/EngineDebugMaterials/LevelColorationLitMaterial.uasset" 185
"../../../Engine/Content/EngineDebugMaterials/LevelColorationUnlitMaterial.uasset" 186
"../../../Engine/Content/EngineMaterials/DefaultWhiteGrid.uasset" 187
"../../../Engine/Content/EngineDebugMaterials/MAT_LevelColorationLitLightmapUV.uasset" 188
"../../../Engine/Content/EngineDebugMaterials/M_SimpleTranslucent.uasset" 189
"../../../Engine/Content/EngineDebugMaterials/ShadedLevelColorationLitMaterial.uasset" 190
"../../../Engine/Content/EngineDebugMaterials/ShadedLevelColorationUnlitMateri.uasset" 191
"../../../Engine/Content/EngineDebugMaterials/VertexColorMaterial.uasset" 192
"../../../Engine/Content/EngineDebugMaterials/VertexColorViewMode_AlphaAsColor.uasset" 193
"../../../Engine/Content/EngineDebugMaterials/VertexColorViewMode_BlueOnly.uasset" 194
"../../../Engine/Content/EngineDebugMaterials/VertexColorViewMode_ColorOnly.uasset" 195
"../../../Engine/Content/EngineDebugMaterials/VertexColorViewMode_GreenOnly.uasset" 196
"../../../Engine/Content/EngineDebugMaterials/VertexColorViewMode_RedOnly.uasset" 197
"../../../Engine/Content/EngineDebugMaterials/WireframeMaterial.uasset" 198
"../../../Engine/Content/EngineFonts/Faces/RobotoBold.uasset" 199
"../../../Engine/Content/EngineFonts/Faces/RobotoBoldItalic.uasset" 200
"../../../Engine/Content/EngineFonts/Faces/RobotoItalic.uasset" 201
"../../../Engine/Content/EngineFonts/Faces/RobotoLight.uasset" 202
"../../../Engine/Content/EngineFonts/Faces/RobotoRegular.uasset" 203
"../../../Engine/Content/EngineFonts/Roboto.uasset" 204
"../../../Engine/Content/EngineFonts/Faces/RobotoTiny.uasset" 205
"../../../Engine/Content/EngineFonts/RobotoTiny.uasset" 206
"../../../Engine/Content/EngineFonts/SmallFont.uasset" 207
"../../../Engine/Content/EngineFonts/TinyFont.uasset" 208
"../../../Engine/Content/EngineResources/WhiteSquareTexture.uasset" 209
"../../../Engine/Content/EngineMaterials/BlinkingCaret.uasset" 210
"../../../Engine/Content/EngineMaterials/DefaultBloomKernel.uasset" 211
"../../../Engine/Content/EngineMaterials/DefaultBokeh.uasset" 212
"../../../Engine/Content/EngineMaterials/DefaultDiffuse.uasset" 213
"../../../Engine/Content/EngineMaterials/DefaultDeferredDecalMaterial.uasset" 214
"../../../Engine/Content/EngineMaterials/DefaultLightFunctionMaterial.uasset" 215
"../../../Engine/Content/EngineMaterials/DefaultNormal.uasset" 216
"../../../Engine/Content/EngineMaterials/DefaultPostProcessMaterial.uasset" 217
"../../../Engine/Content/EngineFonts/RobotoDistanceField.uasset" 218
"../../../Engine/Content/EngineMaterials/DefaultTextMaterialOpaque.uasset" 219
"../../../Engine/Content/EngineMaterials/EditorBrushMaterial.uasset" 220
"../../../Engine/Content/EngineMaterials/Good64x64TilingNoiseHighFreq.uasset" 221
"../../../Engine/Content/EngineMaterials/Grid_N.uasset" 222
"../../../Engine/Content/EngineMaterials/HighResolutionScreenshotMaskFunction.uasset" 223
"../../../Engine/Content/EngineMaterials/HighResScreenshot.uasset" 224
"../../../Engine/Content/EngineMaterials/HighResScreenshotCaptureRegion.uasset" 225
"../../../Engine/Content/EngineMaterials/HighResScreenshotMask.uasset" 226
"../../../Engine/Content/EngineMaterials/LandscapeHolePhysicalMaterial.uasset" 227
"../../../Engine/Content/EngineMaterials/InvalidLightmapSettings.uasset" 228
"../../../Engine/Content/EngineMaterials/M_InvalidLightmapSettings.uasset" 229
"../../../Engine/Content/EngineMaterials/PaperDiffuse.uasset" 230
"../../../Engine/Content/EngineMaterials/PaperNormal.uasset" 231
"../../../Engine/Content/Functions/Engine_MaterialFunctions02/WorldPositionOffset/CameraOffset.uasset" 232
"../../../Engine/Content/EngineMaterials/PhAT_JointLimitMaterial.uasset" 233
"../../../Engine/Content/EngineMaterials/PhysMat_Rubber.uasset" 234
"../../../Engine/Content/EngineMaterials/PreintegratedSkinBRDF.uasset" 235
"../../../Engine/Content/EngineMaterials/RemoveSurfaceMaterial.uasset" 236
"../../../Engine/Content/EngineMaterials/WeightMapPlaceholderTexture.uasset" 237
"../../../Engine/Content/EngineMaterials/Widget3DPassThrough.uasset" 238
"../../../Engine/Content/EngineMaterials/Widget3DPassThrough_Masked.uasset" 239
"../../../Engine/Content/EngineMaterials/Widget3DPassThrough_Opaque.uasset" 240
"../../../Engine/Content/EngineMaterials/Widget3DPassThrough_Masked_OneSided.uasset" 241
"../../../Engine/Content/EngineMaterials/Widget3DPassThrough_Opaque_OneSided.uasset" 242
"../../../Engine/Content/EngineMaterials/Widget3DPassThrough_Translucent.uasset" 243
"../../../Engine/Content/EngineMaterials/Widget3DPassThrough_Translucent_OneSided.uasset" 244
"../../../Engine/Content/EngineMeshes/Cube.uasset" 245
"../../../Engine/Content/EngineMeshes/Cylinder.uasset" 246
"../../../Engine/Content/EngineMeshes/Sphere.uasset" 247
"../../../Engine/Content/EngineResources/Black.uasset" 248
"../../../Engine/Content/EngineResources/DefaultTexture.uasset" 249
"../../../Engine/Content/EngineResources/DefaultTextureCube.uasset" 250
"../../../Engine/Content/EngineResources/GradientTexture0.uasset" 251
"../../../Engine/Content/EngineResources/StreamingPauseIcon.uasset" 252
"../../../Engine/Content/EngineResources/M_StreamingPause.uasset" 253
"../../../Engine/Content/EngineSounds/Master.uasset" 254
"../../../Engine/Content/Functions/Engine_MaterialFunctions01/Shading/PowerToRoughness.uasset" 255
"../../../Engine/Content/Maps/Templates/Thumbnails/Default.uasset" 256
"../../../Engine/Content/Maps/Templates/Thumbnails/VR-Basic.uasset" 257
"../../../Engine/Content/MapTemplates/Sky/DaylightAmbientCubemap.uasset" 258
"../../../Engine/Content/MobileResources/T_MobileControls_texture.uasset" 259
"../../../Engine/Content/MobileResources/T_MobileMenu2.uasset" 260
"../../../Engine/Content/MobileResources/HUD/AnalogHat.uasset" 261
"../../../Engine/Content/MobileResources/HUD/VirtualJoystick_Background.uasset" 262
"../../../Engine/Content/MobileResources/HUD/VirtualJoystick_Thumb.uasset" 263
"../../../Engine/Content/MobileResources/HUD/DefaultVirtualJoysticks.uasset" 264
"../../../Engine/Content/MobileResources/HUD/LeftVirtualJoystickOnly.uasset" 265
"../../../Engine/Content/MobileResources/HUD/MobileHUDButton1_off.uasset" 266
"../../../Engine/Content/MobileResources/HUD/MobileHUDButton1_on.uasset" 267
"../../../Engine/Content/MobileResources/HUD/MobileHUDButton2_off.uasset" 268
"../../../Engine/Content/MobileResources/HUD/MobileHUDButton2_on.uasset" 269
"../../../Engine/Content/MobileResources/HUD/MobileHUDButton3.uasset" 270
"../../../Engine/Content/MobileResources/HUD/MobileHUDButtonFire.uasset" 271
"../../../Engine/Content/MobileResources/HUD/MobileHUDDirectionPad.uasset" 272
"../../../Engine/Content/MobileResources/HUD/MobileHUDDirectionPad2.uasset" 273
"../../../Engine/Content/MobileResources/HUD/MobileHUDDirectionPad3.uasset" 274
"../../../Engine/Content/MobileResources/HUD/MobileHUDDirectionStick.uasset" 275
"../../../Engine/Content/MobileResources/HUD/T_Castle_ThumbstickInner.uasset" 276
"../../../Engine/Content/MobileResources/HUD/T_Castle_ThumbstickOutter.uasset" 277
"../../../Engine/Content/Tutorial/ContentIntroCurve.uasset" 278
"../../../Engine/Content/Tutorial/Basics/TutorialAssets/icon_tab_Levels_40x.uasset" 279
"../../../Engine/Content/Tutorial/BlueprintTutorials/TutorialAssets/BlueprintInterface_64x.uasset" 280
"../../../Engine/Content/Tutorial/BlueprintTutorials/TutorialAssets/BlueprintMacroLibrary_64x.uasset" 281
"../../../Engine/Content/Tutorial/BlueprintTutorials/TutorialAssets/Blueprint_64x.uasset" 282
"../../../Engine/Content/Tutorial/BlueprintTutorials/TutorialAssets/Tutorial_BP_Interface.uasset" 283
"../../../Engine/Content/Tutorial/Foliage/TutorialAssets/Foliage.uasset" 284
"../../../Engine/Content/Tutorial/Landscape/TutorialAssets/Landscape.uasset" 285
"../../../Engine/Content/Tutorial/Mobile/TutorialAssets/android_Icon.uasset" 286
"../../../Engine/Content/Tutorial/Paper2D/TutorialAssets/Paper2DFlipbook_TutorialIcon.uasset" 287
"../../../Engine/Content/Tutorial/Paper2D/TutorialAssets/Paper2DSprite_TutorialIcon.uasset" 288
"../../../Engine/Content/Tutorial/SubEditors/TutorialAssets/icon_Editor_Preferences_General_40x.uasset" 289
"../../../Engine/Content/Tutorial/SubEditors/TutorialAssets/icon_ShowSkeletalMeshes_40x.uasset" 290
"../../../Engine/Content/Tutorial/SubEditors/TutorialAssets/TutorialMaterial.uasset" 291
"../../../Engine/Content/Tutorial/SubEditors/TutorialAssets/T_SmokeSubUV_8X8.uasset" 292
"../../../Engine/Content/Tutorial/SubEditors/TutorialAssets/T_soft_smoke.uasset" 293
"../../../Engine/Content/Tutorial/SubEditors/TutorialAssets/M_smoke_subUV_blackbody.uasset" 294
"../../../Engine/Content/Tutorial/SubEditors/TutorialAssets/TutorialParticleSystem.uasset" 295
"../../../Engine/Content/VREditor/Devices/Generic/GenericHMDMaterial.uasset" 296
"../../../Engine/Content/VREditor/Devices/Generic/GenericHMD.uasset" 297
"../../../Engine/Content/Functions/Engine_MaterialFunctions02/Utility/BreakOutFloat3Components.uasset" 298
"../../../Engine/Content/VREditor/Devices/Vive/VivePreController_MasksB.uasset" 299
"../../../Engine/Content/VREditor/Devices/Oculus/OculusControllerMaterial.uasset" 300
"../../../Engine/Content/VREditor/Devices/Oculus/OculusControllerMaterial_Inst.uasset" 301
"../../../Engine/Content/VREditor/Devices/Oculus/OculusControllerMesh.uasset" 302
"../../../Engine/Content/VREditor/Devices/Vive/T_VivePreController_EM.uasset" 303
"../../../Engine/Content/VREditor/Devices/Vive/VivePreController_MasksA.uasset" 304
"../../../Engine/Content/VREditor/Devices/Vive/VivePreControllerDiffuse.uasset" 305
"../../../Engine/Content/VREditor/Devices/Vive/VivePreControllerSpec.uasset" 306
"../../../Engine/Content/VREditor/LaserPointer/VR_LaserPower_01.uasset" 307
"../../../Engine/Content/VREditor/Devices/Vive/VivePreControllerMaterial.uasset" 308
"../../../Engine/Content/VREditor/Devices/Vive/VivePreControllerMaterial_Inst.uasset" 309
"../../../Engine/Content/VREditor/Devices/Vive/VivePreControllerMesh.uasset" 310
"../../../Engine/Content/VREditor/FloatingText/LineMaterial.uasset" 311
"../../../Engine/Content/VREditor/FloatingText/JointSphere.uasset" 312
"../../../Engine/Content/VREditor/FloatingText/LineSegmentCylinder.uasset" 313
"../../../Engine/Content/VREditor/Fonts/VRText_RobotoLarge.uasset" 314
"../../../Engine/Content/VREditor/Fonts/VRTextMaterial.uasset" 315
"../../../Engine/Content/VREditor/Fonts/TranslucentVRTextMaterial.uasset" 316
"../../../Engine/Content/VREditor/LaserPointer/CursorPointer.uasset" 317
"../../../Engine/Content/VREditor/TransformGizmo/TransformGizmoMaterial.uasset" 318
"../../../Engine/Content/VREditor/LaserPointer/HoverMaterial.uasset" 319
"../../../Engine/Content/VREditor/TransformGizmo/TranslucentTransformGizmoMaterial.uasset" 320
"../../../Engine/Content/VREditor/LaserPointer/TranslucentHoverMaterial.uasset" 321
"../../../Engine/Content/VREditor/LaserPointer/HoverMesh.uasset" 322
"../../../Engine/Content/VREditor/LaserPointer/LaserPointerMaterial.uasset" 323
"../../../Engine/Content/VREditor/LaserPointer/LaserPointerMaterialInst.uasset" 324
"../../../Engine/Content/VREditor/LaserPointer/TranslucentLaserPointerMaterialInst.uasset" 325
"../../../Engine/Content/VREditor/LaserPointer/LaserPointerMesh.uasset" 326
"../../../Engine/Content/VREditor/LaserPointer/LaserPointerMesh_End.uasset" 327
"../../../Engine/Content/VREditor/LaserPointer/LaserPointerMesh_Start.uasset" 328
"../../../Engine/Content/VREditor/Sounds/VR_teleport.uasset" 329
"../../../Engine/Content/VREditor/Sounds/UI/Click_on_Button.uasset" 330
"../../../Engine/Content/VREditor/Sounds/UI/Click_on_Button_Cue.uasset" 331
"../../../Engine/Content/VREditor/Sounds/UI/Dockable_Window_Close.uasset" 332
"../../../Engine/Content/VREditor/Sounds/UI/Dockable_Window_Drop.uasset" 333
"../../../Engine/Content/VREditor/Sounds/UI/Dockable_Window_Open.uasset" 334
"../../../Engine/Content/VREditor/Sounds/UI/Dockable_Window_Pick_Up.uasset" 335
"../../../Engine/Content/VREditor/Sounds/UI/Drop_Item_From_ContentBrowser.uasset" 336
"../../../Engine/Content/VREditor/Sounds/UI/Floating_UI_Open-001.uasset" 337
"../../../Engine/Content/VREditor/Sounds/UI/Radial_Menu_FadeOut.uasset" 338
"../../../Engine/Content/VREditor/Sounds/UI/Teleport_Mode_Entered.uasset" 339
"../../../Engine/Content/VREditor/Teleport/TeleportDirectionMaterial.uasset" 340
"../../../Engine/Content/VREditor/Teleport/TeleportDirectionMaterial_Inst.uasset" 341
"../../../Engine/Content/VREditor/Teleport/TeleportDirectionMesh.uasset" 342
"../../../Engine/Content/VREditor/TransformGizmo/BoundingBoxCorner.uasset" 343
"../../../Engine/Content/VREditor/TransformGizmo/BoundingBoxEdge.uasset" 344
"../../../Engine/Content/VREditor/TransformGizmo/PlaneTranslationHandle.uasset" 345
"../../../Engine/Content/VREditor/TransformGizmo/Main.uasset" 346
"../../../Engine/Content/VREditor/TransformGizmo/Xray.uasset" 347
"../../../Engine/Content/VREditor/TransformGizmo/SM_Dialog_Close.uasset" 348
"../../../Engine/Content/VREditor/TransformGizmo/SM_Dialog_Move.uasset" 349
"../../../Engine/Content/VREditor/TransformGizmo/SM_Sequencer_Key.uasset" 350
"../../../Engine/Content/VREditor/TransformGizmo/SM_Sequencer_Node.uasset" 351
"../../../Engine/Content/VREditor/TransformGizmo/TransformGizmoMaterial_Inst.uasset" 352
"../../../Engine/Content/VREditor/TransformGizmo/TranslucentTransformGizmoMaterial_Inst.uasset" 353
"../../../Engine/Content/VREditor/Devices/Vive/UE4_Logo.uasset" 354
"../../../Engine/Content/VREditor/UI/M_ContentWindow.uasset" 355
"../../../Engine/Content/VREditor/UI/SM_ContentWindow_01.uasset" 356
"../../../Engine/Content/VREditor/UI/KeyDiskMaterial.uasset" 357
"../../../Engine/Content/VREditor/UI/DiscMaterial.uasset" 358
"../../../Engine/Content/VREditor/UI/SM_Radial_Disk.uasset" 359
"../../../Engine/Content/VREditor/UI/ArrowMaterial.uasset" 360
"../../../Engine/Content/VREditor/UI/SM_Radial_Pointer.uasset" 361
"../../../Engine/Content/Functions/Engine_MaterialFunctions01/Gradient/RadialGradient.uasset" 362
"../../../Engine/Content/VREditor/WorldMovementGrid/SimpleGrid.uasset" 363
"../../../Engine/Content/VREditor/WorldMovementGrid/GridMaterial.uasset" 364
"../../../Engine/Content/Functions/Engine_MaterialFunctions01/Density/ExponentialDensity.uasset" 365
"../../../Engine/Content/VREditor/WorldMovementGrid/GridPostProcess.uasset" 366
"../../../Engine/Content/EditorLandscapeResources/FlattenHeightMat.uasset" 367
"../../../Engine/Content/VREditor/WorldMovementGrid/PlaneMesh.uasset" 368
"../../../../../EDU/UE4/EndlessRunnerGame/Content/StarterContent/Audio/Explosion01.uasset" 369
"../../../../../EDU/UE4/EndlessRunnerGame/Content/StarterContent/Audio/Explosion02.uasset" 370
"../../Plugins/2D/Paper2D/Content/PlaceholderTextures/DummySpriteTexture.uasset" 371
"../../Plugins/2D/Paper2D/Content/DummySprite.uasset" 372
"../../Plugins/2D/Paper2D/Content/DefaultPaperTerrainMaterial.uasset" 373
"../../Plugins/2D/Paper2D/Content/DefaultSpriteMaterial.uasset" 374
"../../Plugins/2D/Paper2D/Content/MaskedUnlitSpriteMaterial.uasset" 375
"../../Plugins/2D/Paper2D/Content/OpaqueUnlitSpriteMaterial.uasset" 376
"../../Plugins/Media/MediaCompositing/Content/DefaultMediaPlaneTexture.uasset" 377
"../../Plugins/Media/MediaCompositing/Content/DefaultMediaPlaneMaterial.uasset" 378
"../../../Engine/Content/Functions/Engine_MaterialFunctions02/Utility/MakeFloat4.uasset" 379
"../../Plugins/Runtime/AppleARKit/Content/ARKitCameraMaterial.uasset" 380
"../../Plugins/Runtime/Oculus/OculusVR/Content/Textures/GearVRController_AO.uasset" 381
"../../Plugins/Runtime/Oculus/OculusVR/Content/Textures/GearVRController_Color.uasset" 382
"../../Plugins/Runtime/Oculus/OculusVR/Content/Textures/GearVRController_Normal.uasset" 383
"../../Plugins/Runtime/Oculus/OculusVR/Content/Materials/GearVRControllerMaterial.uasset" 384
"../../Plugins/Runtime/Oculus/OculusVR/Content/Meshes/GearVrController.uasset" 385
"../../../Engine/Content/Maps/Entry.umap" 386
"../../../Engine/Content/EngineMeshes/Humanoid.uasset" 387
"../../../../../EDU/UE4/EndlessRunnerGame/Content/ThirdPersonBP/Runner_Character/jasper_Skeleton.uasset" 388
"../../../../../EDU/UE4/EndlessRunnerGame/Content/ThirdPersonJump_End.uasset" 389
"../../../../../EDU/UE4/EndlessRunnerGame/Content/ThirdPersonJump_Loop.uasset" 390
"../../../../../EDU/UE4/EndlessRunnerGame/Content/ThirdPersonJump_Start.uasset" 391
"../../../../../EDU/UE4/EndlessRunnerGame/Content/ThirdPersonIdle.uasset" 392
"../../../../../EDU/UE4/EndlessRunnerGame/Content/ThirdPersonRun.uasset" 393
"../../../../../EDU/UE4/EndlessRunnerGame/Content/ThirdPersonWalk.uasset" 394
"../../../../../EDU/UE4/EndlessRunnerGame/Content/ThirdPerson_IdleRun_2D.uasset" 395
"../../../../../EDU/UE4/EndlessRunnerGame/Content/ThirdPersonBP/Runner_Character/Runner_AnimBP.uasset" 396
"../../../Engine/Content/EditorBlueprintResources/StandardMacros.uasset" 397
"../../../Engine/Content/Functions/Engine_MaterialFunctions02/Utility/BlendAngleCorrectedNormals.uasset" 398
"../../../../../EDU/UE4/EndlessRunnerGame/Content/StarterContent/Textures/T_Detail_Rocky_N.uasset" 399
"../../../../../EDU/UE4/EndlessRunnerGame/Content/StarterContent/Textures/T_Rock_Basalt_D.uasset" 400
"../../../../../EDU/UE4/EndlessRunnerGame/Content/StarterContent/Textures/T_RockMesh_M.uasset" 401
"../../../../../EDU/UE4/EndlessRunnerGame/Content/StarterContent/Textures/T_RockMesh_N.uasset" 402
"../../../../../EDU/UE4/EndlessRunnerGame/Content/StarterContent/Props/Materials/M_Rock.uasset" 403
"../../../../../EDU/UE4/EndlessRunnerGame/Content/StarterContent/Props/SM_Rock.uasset" 404
"../../../../../EDU/UE4/EndlessRunnerGame/Content/ThirdPersonBP/Blueprints/BP_Blocker.uasset" 405
"../../../../../EDU/UE4/EndlessRunnerGame/Content/ThirdPersonBP/Meshes/mag.uasset" 406
"../../../../../EDU/UE4/EndlessRunnerGame/Content/ThirdPersonBP/Meshes/engel.uasset" 407
"../../../../../EDU/UE4/EndlessRunnerGame/Content/ThirdPersonBP/Blueprints/BP_Blocker2.uasset" 408
"../../../../../EDU/UE4/EndlessRunnerGame/Content/StarterContent/Textures/T_MacroVariation.uasset" 409
"../../../../../EDU/UE4/EndlessRunnerGame/Content/StarterContent/Textures/T_Metal_Gold_D.uasset" 410
"../../../../../EDU/UE4/EndlessRunnerGame/Content/StarterContent/Textures/T_Metal_Gold_N.uasset" 411
"../../../../../EDU/UE4/EndlessRunnerGame/Content/StarterContent/Materials/M_Metal_Gold.uasset" 412
"../../../Engine/Content/BasicShapes/Cylinder.uasset" 413
"../../../../../EDU/UE4/EndlessRunnerGame/Content/Assets/Sounds/CoinPickup.uasset" 414
"../../../../../EDU/UE4/EndlessRunnerGame/Content/Assets/Sounds/CoinPickup_Cue.uasset" 415
"../../../../../EDU/UE4/EndlessRunnerGame/Content/ThirdPersonBP/Blueprints/BP_Coin.uasset" 416
"../../../../../EDU/UE4/EndlessRunnerGame/Content/ThirdPersonBP/Blueprints/BP_Jetpack.uasset" 417
"../../../../../EDU/UE4/EndlessRunnerGame/Content/ThirdPersonBP/Meshes/ns.uasset" 418
"../../../../../EDU/UE4/EndlessRunnerGame/Content/StarterContent/Materials/M_Basic_Wall.uasset" 419
"../../../../../EDU/UE4/EndlessRunnerGame/Content/StarterContent/Architecture/Pillar_50x500.uasset" 420
"../../../../../EDU/UE4/EndlessRunnerGame/Content/ThirdPersonBP/Blueprints/BP_Jumper.uasset" 421
"../../../../../EDU/UE4/EndlessRunnerGame/Content/ThirdPersonBP/Meshes/ns_1.uasset" 422
"../../../../../EDU/UE4/EndlessRunnerGame/Content/ThirdPersonBP/Meshes/south_1.uasset" 423
"../../../../../EDU/UE4/EndlessRunnerGame/Content/ThirdPersonBP/Meshes/north_1.uasset" 424
"../../../../../EDU/UE4/EndlessRunnerGame/Content/ThirdPersonBP/Meshes/magnet.uasset" 425
"../../../../../EDU/UE4/EndlessRunnerGame/Content/ThirdPersonBP/Blueprints/BP_Magnet.uasset" 426
"../../../Engine/Content/VREditor/BasicMeshes/T_CleanFloorGrunge_01_D.uasset" 427
"../../../Engine/Content/VREditor/BasicMeshes/M_Floor_01.uasset" 428
"../../../Engine/Content/VREditor/BasicMeshes/MI_Ball_01.uasset" 429
"../../../Engine/Content/VREditor/BasicMeshes/SM_Ball_01.uasset" 430
"../../../../../EDU/UE4/EndlessRunnerGame/Content/Assets/Sounds/MultiplierPickup.uasset" 431
"../../../../../EDU/UE4/EndlessRunnerGame/Content/Assets/Sounds/MultiplierPickup_Cue.uasset" 432
"../../../../../EDU/UE4/EndlessRunnerGame/Content/ThirdPersonBP/Blueprints/BP_MultiItem.uasset" 433
"../../../Engine/Content/BasicShapes/Cube.uasset" 434
"../../../../../EDU/UE4/EndlessRunnerGame/Content/Geometry/Curve2.uasset" 435
"../../../../../EDU/UE4/EndlessRunnerGame/Content/ThirdPersonBP/CurrentDirection.uasset" 436
"../../../../../EDU/UE4/EndlessRunnerGame/Content/ThirdPersonBP/Blueprints/BP_Fork.uasset" 437
"../../../../../EDU/UE4/EndlessRunnerGame/Content/ThirdPersonBP/Blueprints/RunGameInstance.uasset" 438
"../../../../../EDU/UE4/EndlessRunnerGame/Content/ThirdPersonBP/ShopData.uasset" 439
"../../../../../EDU/UE4/EndlessRunnerGame/Content/ThirdPersonBP/Blueprints/RunSaveGame.uasset" 440
"../../../../../EDU/UE4/EndlessRunnerGame/Content/Assets/Sounds/GameMusic.uasset" 441
"../../../../../EDU/UE4/EndlessRunnerGame/Content/Assets/Sounds/GameMusic_Cue.uasset" 442
"../../../../../EDU/UE4/EndlessRunnerGame/Content/Assets/Sounds/MenuMusic.uasset" 443
"../../../../../EDU/UE4/EndlessRunnerGame/Content/Assets/Sounds/MenuMusic_Cue.uasset" 444
"../../../../../EDU/UE4/EndlessRunnerGame/Content/ThirdPersonBP/UMG/Assets/Button.uasset" 445
"../../../../../EDU/UE4/EndlessRunnerGame/Content/ThirdPersonBP/UMG/Assets/HoveredButton.uasset" 446
"../../../../../EDU/UE4/EndlessRunnerGame/Content/ThirdPersonBP/UMG/Assets/EmptyBar.uasset" 447
"../../../../../EDU/UE4/EndlessRunnerGame/Content/ThirdPersonBP/UMG/Assets/FullBar.uasset" 448
"../../../../../EDU/UE4/EndlessRunnerGame/Content/ThirdPersonBP/UMG/Assets/PauseBackground.uasset" 449
"../../../../../EDU/UE4/EndlessRunnerGame/Content/ThirdPersonBP/UMG/Shop.uasset" 450
"../../../../../EDU/UE4/EndlessRunnerGame/Content/ThirdPersonBP/UMG/MainMenu.uasset" 451
"../../../../../EDU/UE4/EndlessRunnerGame/Content/ThirdPersonBP/UMG/PauseMenu.uasset" 452
"../../../../../EDU/UE4/EndlessRunnerGame/Content/ThirdPersonBP/UMG/RunHUD.uasset" 453
"../../../../../EDU/UE4/EndlessRunnerGame/Content/ThirdPersonBP/Blueprints/RunGameMode.uasset" 454
"../../../../../EDU/UE4/EndlessRunnerGame/Content/Textures/Road3Lanes3.uasset" 455
"../../../../../EDU/UE4/EndlessRunnerGame/Content/Textures/Road3Lanes3_N.uasset" 456
"../../../../../EDU/UE4/EndlessRunnerGame/Content/Materials/M_Road.uasset" 457
"../../../../../EDU/UE4/EndlessRunnerGame/Content/StarterContent/Textures/T_Brick_Clay_Beveled_D.uasset" 458
"../../../../../EDU/UE4/EndlessRunnerGame/Content/StarterContent/Textures/T_Brick_Clay_Beveled_M.uasset" 459
"../../../../../EDU/UE4/EndlessRunnerGame/Content/StarterContent/Textures/T_Brick_Clay_Beveled_N.uasset" 460
"../../../../../EDU/UE4/EndlessRunnerGame/Content/StarterContent/Materials/M_Brick_Clay_Beveled.uasset" 461
"../../../../../EDU/UE4/EndlessRunnerGame/Content/ThirdPersonBP/Meshes/binatexture2.uasset" 462
"../../../../../EDU/UE4/EndlessRunnerGame/Content/ThirdPersonBP/Meshes/M_Bina.uasset" 463
"../../../../../EDU/UE4/EndlessRunnerGame/Content/Geometry/Box_Brush_StaticMesh.uasset" 464
"../../../../../EDU/UE4/EndlessRunnerGame/Content/ThirdPersonBP/Meshes/bina.uasset" 465
"../../../../../EDU/UE4/EndlessRunnerGame/Content/ThirdPersonBP/Blueprints/BP_FloorTile.uasset" 466
"../../../../../EDU/UE4/EndlessRunnerGame/Content/ThirdPersonBP/Blueprints/BP_MenuCamera.uasset" 467
"../../../../../EDU/UE4/EndlessRunnerGame/Content/StarterContent/Audio/Explosion_Cue.uasset" 468
"../../../../../EDU/UE4/EndlessRunnerGame/Content/StarterContent/Textures/T_Burst_M.uasset" 469
"../../../../../EDU/UE4/EndlessRunnerGame/Content/StarterContent/Particles/Materials/M_Burst.uasset" 470
"../../../../../EDU/UE4/EndlessRunnerGame/Content/StarterContent/Textures/T_Explosion_SubUV.uasset" 471
"../../../../../EDU/UE4/EndlessRunnerGame/Content/StarterContent/Particles/Materials/M_explosion_subUV.uasset" 472
"../../../../../EDU/UE4/EndlessRunnerGame/Content/StarterContent/Particles/Materials/m_flare_01.uasset" 473
"../../../../../EDU/UE4/EndlessRunnerGame/Content/StarterContent/Particles/Materials/M_radial_ramp.uasset" 474
"../../../../../EDU/UE4/EndlessRunnerGame/Content/StarterContent/Textures/T_Smoke_SubUV.uasset" 475
"../../../../../EDU/UE4/EndlessRunnerGame/Content/StarterContent/Textures/T_Smoke_Tiled_D.uasset" 476
"../../../../../EDU/UE4/EndlessRunnerGame/Content/StarterContent/Particles/Materials/M_smoke_subUV.uasset" 477
"../../../../../EDU/UE4/EndlessRunnerGame/Content/StarterContent/Particles/P_Explosion.uasset" 478
"../../../../../EDU/UE4/EndlessRunnerGame/Content/ThirdPersonBP/Runner_Character/Jasper_Body_Diffuse.uasset" 479
"../../../../../EDU/UE4/EndlessRunnerGame/Content/ThirdPersonBP/Runner_Character/Jasper_Body_Gloss.uasset" 480
"../../../../../EDU/UE4/EndlessRunnerGame/Content/ThirdPersonBP/Runner_Character/Jasper_Body_Normal.uasset" 481
"../../../../../EDU/UE4/EndlessRunnerGame/Content/ThirdPersonBP/Runner_Character/Jasper_Body_Opacity.uasset" 482
"../../../../../EDU/UE4/EndlessRunnerGame/Content/ThirdPersonBP/Runner_Character/Jasper_Body_Specular.uasset" 483
"../../../../../EDU/UE4/EndlessRunnerGame/Content/ThirdPersonBP/Runner_Character/Bodymat.uasset" 484
"../../../../../EDU/UE4/EndlessRunnerGame/Content/ThirdPersonBP/Runner_Character/Jasper_Bottom_Diffuse.uasset" 485
"../../../../../EDU/UE4/EndlessRunnerGame/Content/ThirdPersonBP/Runner_Character/Jasper_Bottom_Gloss.uasset" 486
"../../../../../EDU/UE4/EndlessRunnerGame/Content/ThirdPersonBP/Runner_Character/Jasper_Bottom_Normal.uasset" 487
"../../../../../EDU/UE4/EndlessRunnerGame/Content/ThirdPersonBP/Runner_Character/Jasper_Bottom_Opacity.uasset" 488
"../../../../../EDU/UE4/EndlessRunnerGame/Content/ThirdPersonBP/Runner_Character/Jasper_Bottom_Specular.uasset" 489
"../../../../../EDU/UE4/EndlessRunnerGame/Content/ThirdPersonBP/Runner_Character/Bottommat.uasset" 490
"../../../../../EDU/UE4/EndlessRunnerGame/Content/ThirdPersonBP/Runner_Character/Jasper_Hair_Diffuse.uasset" 491
"../../../../../EDU/UE4/EndlessRunnerGame/Content/ThirdPersonBP/Runner_Character/Jasper_Hair_Gloss.uasset" 492
"../../../../../EDU/UE4/EndlessRunnerGame/Content/ThirdPersonBP/Runner_Character/Jasper_Hair_Normal.uasset" 493
"../../../../../EDU/UE4/EndlessRunnerGame/Content/ThirdPersonBP/Runner_Character/Jasper_Hair_Opacity.uasset" 494
"../../../../../EDU/UE4/EndlessRunnerGame/Content/ThirdPersonBP/Runner_Character/Jasper_Hair_Specular.uasset" 495
"../../../../../EDU/UE4/EndlessRunnerGame/Content/ThirdPersonBP/Runner_Character/Hairmat.uasset" 496
"../../../../../EDU/UE4/EndlessRunnerGame/Content/ThirdPersonBP/Runner_Character/Jasper_Shoes_Diffuse.uasset" 497
"../../../../../EDU/UE4/EndlessRunnerGame/Content/ThirdPersonBP/Runner_Character/Jasper_Shoes_Gloss.uasset" 498
"../../../../../EDU/UE4/EndlessRunnerGame/Content/ThirdPersonBP/Runner_Character/Jasper_Shoes_Normal.uasset" 499
"../../../../../EDU/UE4/EndlessRunnerGame/Content/ThirdPersonBP/Runner_Character/Jasper_Shoes_Opacity.uasset" 500
"../../../../../EDU/UE4/EndlessRunnerGame/Content/ThirdPersonBP/Runner_Character/Jasper_Shoes_Specular.uasset" 501
"../../../../../EDU/UE4/EndlessRunnerGame/Content/ThirdPersonBP/Runner_Character/Shoesmat.uasset" 502
"../../../../../EDU/UE4/EndlessRunnerGame/Content/ThirdPersonBP/Runner_Character/Jasper_Top_Diffuse.uasset" 503
"../../../../../EDU/UE4/EndlessRunnerGame/Content/ThirdPersonBP/Runner_Character/Jasper_Top_Gloss.uasset" 504
"../../../../../EDU/UE4/EndlessRunnerGame/Content/ThirdPersonBP/Runner_Character/Jasper_Top_Normal.uasset" 505
"../../../../../EDU/UE4/EndlessRunnerGame/Content/ThirdPersonBP/Runner_Character/Jasper_Top_Opacity.uasset" 506
"../../../../../EDU/UE4/EndlessRunnerGame/Content/ThirdPersonBP/Runner_Character/Jasper_Top_Specular.uasset" 507
"../../../../../EDU/UE4/EndlessRunnerGame/Content/ThirdPersonBP/Runner_Character/Topmat.uasset" 508
"../../../../../EDU/UE4/EndlessRunnerGame/Content/ThirdPersonBP/Runner_Character/jasper_PhysicsAsset.uasset" 509
"../../../../../EDU/UE4/EndlessRunnerGame/Content/ThirdPersonBP/Runner_Character/jasper.uasset" 510
"../../../../../EDU/UE4/EndlessRunnerGame/Content/ThirdPersonBP/UMG/DeathScreen.uasset" 511
"../../../../../EDU/UE4/EndlessRunnerGame/Content/ThirdPersonBP/Blueprints/RunCharacter.uasset" 512
"../../../Engine/Content/EngineSky/C_Sky_Cloud_Color.uasset" 513
"../../../Engine/Content/EngineSky/C_Sky_Horizon_Color.uasset" 514
"../../../Engine/Content/EngineSky/C_Sky_Zenith_Color.uasset" 515
"../../../Engine/Content/EngineSky/T_Sky_Blue.uasset" 516
"../../../Engine/Content/EngineSky/T_Sky_Clouds_M.uasset" 517
"../../../Engine/Content/EngineSky/T_Sky_Stars.uasset" 518
"../../../Engine/Content/EngineSky/M_Sky_Panning_Clouds2.uasset" 519
"../../../Engine/Content/EngineSky/SM_SkySphere.uasset" 520
"../../../Engine/Content/EngineSky/BP_Sky_Sphere.uasset" 521
"../../../../../EDU/UE4/EndlessRunnerGame/Content/ThirdPersonBP/Blueprints/BP_StartTiles.uasset" 522
"../../../../../EDU/UE4/EndlessRunnerGame/Content/Levels/RunLevel_BuiltData.uasset" 523
"../../../../../EDU/UE4/EndlessRunnerGame/Content/Levels/RunLevel.umap" 524
