"../../../Engine/Content/EngineMeshes/Humanoid.uasset" 0
"../../../../../EDU/UE4/EndlessRunnerGame/Content/ThirdPersonBP/Runner_Character/jasper_Skeleton.uasset" 1
"../../../../../EDU/UE4/EndlessRunnerGame/Content/ThirdPerson_Jump.uasset" 2
"../../../../../EDU/UE4/EndlessRunnerGame/Content/AnimStarterPack/UE4_Mannequin/Mesh/UE4_Mannequin_Skeleton.uasset" 3
"../../../../../EDU/UE4/EndlessRunnerGame/Content/AnimStarterPack/Aim_Space_Hip.uasset" 4
"../../../../../EDU/UE4/EndlessRunnerGame/Content/AnimStarterPack/Aim_Space_Ironsights.uasset" 5
"../../../../../EDU/UE4/EndlessRunnerGame/Content/AnimStarterPack/Crouch_to_Stand_Rifle_Hip.uasset" 6
"../../../../../EDU/UE4/EndlessRunnerGame/Content/AnimStarterPack/Crouch_to_Stand_Rifle_Ironsights.uasset" 7
"../../../../../EDU/UE4/EndlessRunnerGame/Content/AnimStarterPack/Crouch_Walk_Bwd_Rifle_Ironsights.uasset" 8
"../../../../../EDU/UE4/EndlessRunnerGame/Content/AnimStarterPack/Crouch_Walk_Lt_Rifle_Ironsights.uasset" 9
"../../../../../EDU/UE4/EndlessRunnerGame/Content/AnimStarterPack/Crouch_Walk_Rt_Rifle_Ironsights.uasset" 10
"../../../../../EDU/UE4/EndlessRunnerGame/Content/AnimStarterPack/Death_1.uasset" 11
"../../../../../EDU/UE4/EndlessRunnerGame/Content/AnimStarterPack/Death_2.uasset" 12
"../../../../../EDU/UE4/EndlessRunnerGame/Content/AnimStarterPack/Death_3.uasset" 13
"../../../../../EDU/UE4/EndlessRunnerGame/Content/AnimStarterPack/Death_Ironsights_1.uasset" 14
"../../../../../EDU/UE4/EndlessRunnerGame/Content/AnimStarterPack/Death_Ironsights_2.uasset" 15
"../../../../../EDU/UE4/EndlessRunnerGame/Content/AnimStarterPack/Equip_Rifle_Standing.uasset" 16
"../../../../../EDU/UE4/EndlessRunnerGame/Content/AnimStarterPack/Fire_Rifle_Hip.uasset" 17
"../../../../../EDU/UE4/EndlessRunnerGame/Content/AnimStarterPack/Fire_Shotgun_Hip.uasset" 18
"../../../../../EDU/UE4/EndlessRunnerGame/Content/AnimStarterPack/Fire_Shotgun_Ironsights.uasset" 19
"../../../../../EDU/UE4/EndlessRunnerGame/Content/AnimStarterPack/Hit_React_4.uasset" 20
"../../../../../EDU/UE4/EndlessRunnerGame/Content/AnimStarterPack/Idle_Pistol.uasset" 21
"../../../../../EDU/UE4/EndlessRunnerGame/Content/AnimStarterPack/Idle_Rifle_Ironsights.uasset" 22
"../../../../../EDU/UE4/EndlessRunnerGame/Content/AnimStarterPack/Jump_From_Stand_Ironsights.uasset" 23
"../../../../../EDU/UE4/EndlessRunnerGame/Content/AnimStarterPack/Prone_Death_1.uasset" 24
"../../../../../EDU/UE4/EndlessRunnerGame/Content/AnimStarterPack/Prone_Death_2.uasset" 25
"../../../../../EDU/UE4/EndlessRunnerGame/Content/AnimStarterPack/Prone_Fire_1.uasset" 26
"../../../../../EDU/UE4/EndlessRunnerGame/Content/AnimStarterPack/Prone_Fire_2.uasset" 27
"../../../../../EDU/UE4/EndlessRunnerGame/Content/AnimStarterPack/Prone_Idle.uasset" 28
"../../../../../EDU/UE4/EndlessRunnerGame/Content/AnimStarterPack/Prone_Reload_Rifle.uasset" 29
"../../../../../EDU/UE4/EndlessRunnerGame/Content/AnimStarterPack/Prone_Reload_Shotgun.uasset" 30
"../../../../../EDU/UE4/EndlessRunnerGame/Content/AnimStarterPack/Prone_To_Stand.uasset" 31
"../../../../../EDU/UE4/EndlessRunnerGame/Content/AnimStarterPack/Reload_Pistol.uasset" 32
"../../../../../EDU/UE4/EndlessRunnerGame/Content/AnimStarterPack/Reload_Rifle_Ironsights.uasset" 33
"../../../../../EDU/UE4/EndlessRunnerGame/Content/AnimStarterPack/Reload_Shotgun_Hip.uasset" 34
"../../../../../EDU/UE4/EndlessRunnerGame/Content/AnimStarterPack/Reload_Shotgun_Ironsights.uasset" 35
"../../../../../EDU/UE4/EndlessRunnerGame/Content/AnimStarterPack/Sprint_Fwd_Rifle.uasset" 36
"../../../../../EDU/UE4/EndlessRunnerGame/Content/AnimStarterPack/Stand_to_Crouch_Rifle_Hip.uasset" 37
"../../../../../EDU/UE4/EndlessRunnerGame/Content/AnimStarterPack/Stand_to_Crouch_Rifle_Ironsights.uasset" 38
"../../../../../EDU/UE4/EndlessRunnerGame/Content/AnimStarterPack/Stand_To_Prone.uasset" 39
"../../../../../EDU/UE4/EndlessRunnerGame/Content/AnimStarterPack/Walk_Bwd_Rifle_Ironsights.uasset" 40
"../../../../../EDU/UE4/EndlessRunnerGame/Content/AnimStarterPack/Walk_Lt_Rifle_Ironsights.uasset" 41
"../../../../../EDU/UE4/EndlessRunnerGame/Content/AnimStarterPack/Walk_Rt_Rifle_Ironsights.uasset" 42
"../../../Engine/Content/Functions/Engine_MaterialFunctions01/Opacity/CameraDepthFade.uasset" 43
"../../../Engine/Content/EngineMaterials/T_Default_Material_Grid_M.uasset" 44
"../../../Engine/Content/EngineMaterials/T_Default_Material_Grid_N.uasset" 45
"../../../Engine/Content/EngineMaterials/WorldGridMaterial.uasset" 46
"../../../../../EDU/UE4/EndlessRunnerGame/Content/Geometry/Curve.uasset" 47
"../../../../../EDU/UE4/EndlessRunnerGame/Content/Geometry/Meshes/CubeMaterial.uasset" 48
"../../../../../EDU/UE4/EndlessRunnerGame/Content/Geometry/Meshes/1M_Cube.uasset" 49
"../../../../../EDU/UE4/EndlessRunnerGame/Content/Geometry/Meshes/1M_Cube_Chamfer.uasset" 50
"../../../../../EDU/UE4/EndlessRunnerGame/Content/Geometry/Meshes/TemplateFloor.uasset" 51
"../../../../../EDU/UE4/EndlessRunnerGame/Content/Mannequin/Character/Mesh/UE4_Mannequin_Skeleton.uasset" 52
"../../../../../EDU/UE4/EndlessRunnerGame/Content/Mannequin/Animations/ThirdPersonJump_End.uasset" 53
"../../../../../EDU/UE4/EndlessRunnerGame/Content/Mannequin/Character/Mesh/Jasper_Body_Diffuse.uasset" 54
"../../../../../EDU/UE4/EndlessRunnerGame/Content/Mannequin/Character/Mesh/Jasper_Body_Gloss.uasset" 55
"../../../../../EDU/UE4/EndlessRunnerGame/Content/Mannequin/Character/Mesh/Jasper_Body_Normal.uasset" 56
"../../../../../EDU/UE4/EndlessRunnerGame/Content/Mannequin/Character/Mesh/Jasper_Body_Opacity.uasset" 57
"../../../../../EDU/UE4/EndlessRunnerGame/Content/Mannequin/Character/Mesh/Jasper_Body_Specular.uasset" 58
"../../../../../EDU/UE4/EndlessRunnerGame/Content/Mannequin/Character/Mesh/Bodymat.uasset" 59
"../../../../../EDU/UE4/EndlessRunnerGame/Content/Mannequin/Character/Mesh/Jasper_Bottom_Diffuse.uasset" 60
"../../../../../EDU/UE4/EndlessRunnerGame/Content/Mannequin/Character/Mesh/Jasper_Bottom_Gloss.uasset" 61
"../../../../../EDU/UE4/EndlessRunnerGame/Content/Mannequin/Character/Mesh/Jasper_Bottom_Normal.uasset" 62
"../../../../../EDU/UE4/EndlessRunnerGame/Content/Mannequin/Character/Mesh/Jasper_Bottom_Opacity.uasset" 63
"../../../../../EDU/UE4/EndlessRunnerGame/Content/Mannequin/Character/Mesh/Jasper_Bottom_Specular.uasset" 64
"../../../../../EDU/UE4/EndlessRunnerGame/Content/Mannequin/Character/Mesh/Bottommat.uasset" 65
"../../../../../EDU/UE4/EndlessRunnerGame/Content/Mannequin/Character/Mesh/Jasper_Hair_Diffuse.uasset" 66
"../../../../../EDU/UE4/EndlessRunnerGame/Content/Mannequin/Character/Mesh/Jasper_Hair_Gloss.uasset" 67
"../../../../../EDU/UE4/EndlessRunnerGame/Content/Mannequin/Character/Mesh/Jasper_Hair_Normal.uasset" 68
"../../../../../EDU/UE4/EndlessRunnerGame/Content/Mannequin/Character/Mesh/Jasper_Hair_Opacity.uasset" 69
"../../../../../EDU/UE4/EndlessRunnerGame/Content/Mannequin/Character/Mesh/Jasper_Hair_Specular.uasset" 70
"../../../../../EDU/UE4/EndlessRunnerGame/Content/Mannequin/Character/Mesh/Hairmat.uasset" 71
"../../../../../EDU/UE4/EndlessRunnerGame/Content/Mannequin/Character/Mesh/Jasper_Shoes_Diffuse.uasset" 72
"../../../../../EDU/UE4/EndlessRunnerGame/Content/Mannequin/Character/Mesh/Jasper_Shoes_Gloss.uasset" 73
"../../../../../EDU/UE4/EndlessRunnerGame/Content/Mannequin/Character/Mesh/Jasper_Shoes_Normal.uasset" 74
"../../../../../EDU/UE4/EndlessRunnerGame/Content/Mannequin/Character/Mesh/Jasper_Shoes_Opacity.uasset" 75
"../../../../../EDU/UE4/EndlessRunnerGame/Content/Mannequin/Character/Mesh/Jasper_Shoes_Specular.uasset" 76
"../../../../../EDU/UE4/EndlessRunnerGame/Content/Mannequin/Character/Mesh/Jasper_Top_Diffuse.uasset" 77
"../../../../../EDU/UE4/EndlessRunnerGame/Content/Materials/M_Multiplier.uasset" 78
"../../../../../EDU/UE4/EndlessRunnerGame/Content/ThirdPersonJump_End.uasset" 79
"../../../../../EDU/UE4/EndlessRunnerGame/Content/ThirdPersonJump_Loop.uasset" 80
"../../../../../EDU/UE4/EndlessRunnerGame/Content/ThirdPersonJump_Start.uasset" 81
"../../../../../EDU/UE4/EndlessRunnerGame/Content/ThirdPersonIdle.uasset" 82
"../../../../../EDU/UE4/EndlessRunnerGame/Content/ThirdPersonRun.uasset" 83
"../../../../../EDU/UE4/EndlessRunnerGame/Content/ThirdPersonWalk.uasset" 84
"../../../../../EDU/UE4/EndlessRunnerGame/Content/ThirdPerson_IdleRun_2D.uasset" 85
"../../../../../EDU/UE4/EndlessRunnerGame/Content/ThirdPersonBP/Runner_Character/Runner_AnimBP.uasset" 86
"../../../Engine/Content/EditorBlueprintResources/StandardMacros.uasset" 87
"../../../Engine/Content/Functions/Engine_MaterialFunctions02/Utility/BlendAngleCorrectedNormals.uasset" 88
"../../../../../EDU/UE4/EndlessRunnerGame/Content/StarterContent/Textures/T_Detail_Rocky_N.uasset" 89
"../../../../../EDU/UE4/EndlessRunnerGame/Content/StarterContent/Textures/T_Rock_Basalt_D.uasset" 90
"../../../../../EDU/UE4/EndlessRunnerGame/Content/StarterContent/Textures/T_RockMesh_M.uasset" 91
"../../../../../EDU/UE4/EndlessRunnerGame/Content/StarterContent/Textures/T_RockMesh_N.uasset" 92
"../../../../../EDU/UE4/EndlessRunnerGame/Content/StarterContent/Props/Materials/M_Rock.uasset" 93
"../../../../../EDU/UE4/EndlessRunnerGame/Content/StarterContent/Props/SM_Rock.uasset" 94
"../../../../../EDU/UE4/EndlessRunnerGame/Content/ThirdPersonBP/Blueprints/BP_Blocker.uasset" 95
"../../../../../EDU/UE4/EndlessRunnerGame/Content/ThirdPersonBP/Meshes/mag.uasset" 96
"../../../../../EDU/UE4/EndlessRunnerGame/Content/ThirdPersonBP/Meshes/engel.uasset" 97
"../../../../../EDU/UE4/EndlessRunnerGame/Content/ThirdPersonBP/Blueprints/BP_Blocker2.uasset" 98
"../../../../../EDU/UE4/EndlessRunnerGame/Content/StarterContent/Textures/T_MacroVariation.uasset" 99
"../../../../../EDU/UE4/EndlessRunnerGame/Content/StarterContent/Textures/T_Metal_Gold_D.uasset" 100
"../../../../../EDU/UE4/EndlessRunnerGame/Content/StarterContent/Textures/T_Metal_Gold_N.uasset" 101
"../../../../../EDU/UE4/EndlessRunnerGame/Content/StarterContent/Materials/M_Metal_Gold.uasset" 102
"../../../Engine/Content/EngineMaterials/DefaultMaterial.uasset" 103
"../../../Engine/Content/BasicShapes/Cylinder.uasset" 104
"../../../../../EDU/UE4/EndlessRunnerGame/Content/Assets/Sounds/CoinPickup.uasset" 105
"../../../../../EDU/UE4/EndlessRunnerGame/Content/Assets/Sounds/CoinPickup_Cue.uasset" 106
"../../../../../EDU/UE4/EndlessRunnerGame/Content/ThirdPersonBP/Blueprints/BP_Coin.uasset" 107
"../../../Engine/Content/VREditor/UI/KeyDiskMaterial.uasset" 108
"../../../Engine/Content/VREditor/UI/DiscMaterial.uasset" 109
"../../../../../EDU/UE4/EndlessRunnerGame/Content/ThirdPersonBP/Blueprints/BP_Jetpack.uasset" 110
"../../../../../EDU/UE4/EndlessRunnerGame/Content/ThirdPersonBP/Meshes/ns.uasset" 111
"../../../../../EDU/UE4/EndlessRunnerGame/Content/StarterContent/Materials/M_Basic_Wall.uasset" 112
"../../../../../EDU/UE4/EndlessRunnerGame/Content/StarterContent/Architecture/Pillar_50x500.uasset" 113
"../../../../../EDU/UE4/EndlessRunnerGame/Content/ThirdPersonBP/Blueprints/BP_Jumper.uasset" 114
"../../../Engine/Content/Functions/Engine_MaterialFunctions02/Utility/BreakOutFloat3Components.uasset" 115
"../../../Engine/Content/VREditor/Devices/Vive/VivePreController_MasksB.uasset" 116
"../../../Engine/Content/VREditor/Devices/Oculus/OculusControllerMaterial.uasset" 117
"../../../../../EDU/UE4/EndlessRunnerGame/Content/ThirdPersonBP/Meshes/ns_1.uasset" 118
"../../../../../EDU/UE4/EndlessRunnerGame/Content/ThirdPersonBP/Meshes/south_1.uasset" 119
"../../../../../EDU/UE4/EndlessRunnerGame/Content/ThirdPersonBP/Meshes/north_1.uasset" 120
"../../../../../EDU/UE4/EndlessRunnerGame/Content/ThirdPersonBP/Meshes/magnet.uasset" 121
"../../../../../EDU/UE4/EndlessRunnerGame/Content/ThirdPersonBP/Blueprints/BP_Magnet.uasset" 122
"../../../Engine/Content/VREditor/BasicMeshes/T_CleanFloorGrunge_01_D.uasset" 123
"../../../Engine/Content/VREditor/BasicMeshes/M_Floor_01.uasset" 124
"../../../Engine/Content/VREditor/BasicMeshes/MI_Ball_01.uasset" 125
"../../../Engine/Content/VREditor/BasicMeshes/SM_Ball_01.uasset" 126
"../../../../../EDU/UE4/EndlessRunnerGame/Content/Assets/Sounds/MultiplierPickup.uasset" 127
"../../../../../EDU/UE4/EndlessRunnerGame/Content/Assets/Sounds/MultiplierPickup_Cue.uasset" 128
"../../../../../EDU/UE4/EndlessRunnerGame/Content/ThirdPersonBP/Blueprints/BP_MultiItem.uasset" 129
"../../../Engine/Content/BasicShapes/Cube.uasset" 130
"../../../../../EDU/UE4/EndlessRunnerGame/Content/Geometry/Curve2.uasset" 131
"../../../../../EDU/UE4/EndlessRunnerGame/Content/ThirdPersonBP/CurrentDirection.uasset" 132
"../../../../../EDU/UE4/EndlessRunnerGame/Content/ThirdPersonBP/Blueprints/BP_Fork.uasset" 133
"../../../../../EDU/UE4/EndlessRunnerGame/Content/ThirdPersonBP/Blueprints/RunGameInstance.uasset" 134
"../../../../../EDU/UE4/EndlessRunnerGame/Content/ThirdPersonBP/ShopData.uasset" 135
"../../../../../EDU/UE4/EndlessRunnerGame/Content/ThirdPersonBP/Blueprints/RunSaveGame.uasset" 136
"../../../../../EDU/UE4/EndlessRunnerGame/Content/Assets/Sounds/GameMusic.uasset" 137
"../../../../../EDU/UE4/EndlessRunnerGame/Content/Assets/Sounds/GameMusic_Cue.uasset" 138
"../../../../../EDU/UE4/EndlessRunnerGame/Content/Assets/Sounds/MenuMusic.uasset" 139
"../../../../../EDU/UE4/EndlessRunnerGame/Content/Assets/Sounds/MenuMusic_Cue.uasset" 140
"../../../../../EDU/UE4/EndlessRunnerGame/Content/ThirdPersonBP/UMG/Assets/Button.uasset" 141
"../../../../../EDU/UE4/EndlessRunnerGame/Content/ThirdPersonBP/UMG/Assets/HoveredButton.uasset" 142
"../../../../../EDU/UE4/EndlessRunnerGame/Content/ThirdPersonBP/UMG/Assets/EmptyBar.uasset" 143
"../../../../../EDU/UE4/EndlessRunnerGame/Content/ThirdPersonBP/UMG/Assets/FullBar.uasset" 144
"../../../../../EDU/UE4/EndlessRunnerGame/Content/ThirdPersonBP/UMG/Assets/PauseBackground.uasset" 145
"../../../../../EDU/UE4/EndlessRunnerGame/Content/ThirdPersonBP/UMG/Shop.uasset" 146
"../../../../../EDU/UE4/EndlessRunnerGame/Content/ThirdPersonBP/UMG/MainMenu.uasset" 147
"../../../../../EDU/UE4/EndlessRunnerGame/Content/ThirdPersonBP/UMG/PauseMenu.uasset" 148
"../../../../../EDU/UE4/EndlessRunnerGame/Content/ThirdPersonBP/UMG/RunHUD.uasset" 149
"../../../../../EDU/UE4/EndlessRunnerGame/Content/ThirdPersonBP/Blueprints/RunGameMode.uasset" 150
"../../../../../EDU/UE4/EndlessRunnerGame/Content/Textures/Road3Lanes3.uasset" 151
"../../../../../EDU/UE4/EndlessRunnerGame/Content/Textures/Road3Lanes3_N.uasset" 152
"../../../../../EDU/UE4/EndlessRunnerGame/Content/Materials/M_Road.uasset" 153
"../../../../../EDU/UE4/EndlessRunnerGame/Content/StarterContent/Textures/T_Brick_Clay_Beveled_D.uasset" 154
"../../../../../EDU/UE4/EndlessRunnerGame/Content/StarterContent/Textures/T_Brick_Clay_Beveled_M.uasset" 155
"../../../../../EDU/UE4/EndlessRunnerGame/Content/StarterContent/Textures/T_Brick_Clay_Beveled_N.uasset" 156
"../../../../../EDU/UE4/EndlessRunnerGame/Content/StarterContent/Materials/M_Brick_Clay_Beveled.uasset" 157
"../../../../../EDU/UE4/EndlessRunnerGame/Content/ThirdPersonBP/Meshes/binatexture2.uasset" 158
"../../../../../EDU/UE4/EndlessRunnerGame/Content/ThirdPersonBP/Meshes/M_Bina.uasset" 159
"../../../../../EDU/UE4/EndlessRunnerGame/Content/Geometry/Box_Brush_StaticMesh.uasset" 160
"../../../../../EDU/UE4/EndlessRunnerGame/Content/ThirdPersonBP/Meshes/bina.uasset" 161
"../../../../../EDU/UE4/EndlessRunnerGame/Content/ThirdPersonBP/Blueprints/BP_FloorTile.uasset" 162
"../../../../../EDU/UE4/EndlessRunnerGame/Content/ThirdPersonBP/Blueprints/BP_MenuCamera.uasset" 163
"../../../../../EDU/UE4/EndlessRunnerGame/Content/StarterContent/Audio/Explosion_Cue.uasset" 164
"../../../../../EDU/UE4/EndlessRunnerGame/Content/StarterContent/Textures/T_Burst_M.uasset" 165
"../../../../../EDU/UE4/EndlessRunnerGame/Content/StarterContent/Particles/Materials/M_Burst.uasset" 166
"../../../../../EDU/UE4/EndlessRunnerGame/Content/StarterContent/Textures/T_Explosion_SubUV.uasset" 167
"../../../../../EDU/UE4/EndlessRunnerGame/Content/StarterContent/Particles/Materials/M_explosion_subUV.uasset" 168
"../../../../../EDU/UE4/EndlessRunnerGame/Content/StarterContent/Particles/Materials/m_flare_01.uasset" 169
"../../../Engine/Content/Functions/Engine_MaterialFunctions01/Gradient/RadialGradient.uasset" 170
"../../../../../EDU/UE4/EndlessRunnerGame/Content/StarterContent/Particles/Materials/M_radial_ramp.uasset" 171
"../../../../../EDU/UE4/EndlessRunnerGame/Content/StarterContent/Textures/T_Smoke_SubUV.uasset" 172
"../../../../../EDU/UE4/EndlessRunnerGame/Content/StarterContent/Textures/T_Smoke_Tiled_D.uasset" 173
"../../../../../EDU/UE4/EndlessRunnerGame/Content/StarterContent/Particles/Materials/M_smoke_subUV.uasset" 174
"../../../../../EDU/UE4/EndlessRunnerGame/Content/StarterContent/Particles/P_Explosion.uasset" 175
"../../../../../EDU/UE4/EndlessRunnerGame/Content/ThirdPersonBP/Runner_Character/Jasper_Body_Diffuse.uasset" 176
"../../../../../EDU/UE4/EndlessRunnerGame/Content/ThirdPersonBP/Runner_Character/Jasper_Body_Gloss.uasset" 177
"../../../../../EDU/UE4/EndlessRunnerGame/Content/ThirdPersonBP/Runner_Character/Jasper_Body_Normal.uasset" 178
"../../../../../EDU/UE4/EndlessRunnerGame/Content/ThirdPersonBP/Runner_Character/Jasper_Body_Opacity.uasset" 179
"../../../../../EDU/UE4/EndlessRunnerGame/Content/ThirdPersonBP/Runner_Character/Jasper_Body_Specular.uasset" 180
"../../../../../EDU/UE4/EndlessRunnerGame/Content/ThirdPersonBP/Runner_Character/Bodymat.uasset" 181
"../../../../../EDU/UE4/EndlessRunnerGame/Content/ThirdPersonBP/Runner_Character/Jasper_Bottom_Diffuse.uasset" 182
"../../../../../EDU/UE4/EndlessRunnerGame/Content/ThirdPersonBP/Runner_Character/Jasper_Bottom_Gloss.uasset" 183
"../../../../../EDU/UE4/EndlessRunnerGame/Content/ThirdPersonBP/Runner_Character/Jasper_Bottom_Normal.uasset" 184
"../../../../../EDU/UE4/EndlessRunnerGame/Content/ThirdPersonBP/Runner_Character/Jasper_Bottom_Opacity.uasset" 185
"../../../../../EDU/UE4/EndlessRunnerGame/Content/ThirdPersonBP/Runner_Character/Jasper_Bottom_Specular.uasset" 186
"../../../../../EDU/UE4/EndlessRunnerGame/Content/ThirdPersonBP/Runner_Character/Bottommat.uasset" 187
"../../../../../EDU/UE4/EndlessRunnerGame/Content/ThirdPersonBP/Runner_Character/Jasper_Hair_Diffuse.uasset" 188
"../../../../../EDU/UE4/EndlessRunnerGame/Content/ThirdPersonBP/Runner_Character/Jasper_Hair_Gloss.uasset" 189
"../../../../../EDU/UE4/EndlessRunnerGame/Content/ThirdPersonBP/Runner_Character/Jasper_Hair_Normal.uasset" 190
"../../../../../EDU/UE4/EndlessRunnerGame/Content/ThirdPersonBP/Runner_Character/Jasper_Hair_Opacity.uasset" 191
"../../../../../EDU/UE4/EndlessRunnerGame/Content/ThirdPersonBP/Runner_Character/Jasper_Hair_Specular.uasset" 192
"../../../../../EDU/UE4/EndlessRunnerGame/Content/ThirdPersonBP/Runner_Character/Hairmat.uasset" 193
"../../../../../EDU/UE4/EndlessRunnerGame/Content/ThirdPersonBP/Runner_Character/Jasper_Shoes_Diffuse.uasset" 194
"../../../../../EDU/UE4/EndlessRunnerGame/Content/ThirdPersonBP/Runner_Character/Jasper_Shoes_Gloss.uasset" 195
"../../../../../EDU/UE4/EndlessRunnerGame/Content/ThirdPersonBP/Runner_Character/Jasper_Shoes_Normal.uasset" 196
"../../../../../EDU/UE4/EndlessRunnerGame/Content/ThirdPersonBP/Runner_Character/Jasper_Shoes_Opacity.uasset" 197
"../../../../../EDU/UE4/EndlessRunnerGame/Content/ThirdPersonBP/Runner_Character/Jasper_Shoes_Specular.uasset" 198
"../../../../../EDU/UE4/EndlessRunnerGame/Content/ThirdPersonBP/Runner_Character/Shoesmat.uasset" 199
"../../../../../EDU/UE4/EndlessRunnerGame/Content/ThirdPersonBP/Runner_Character/Jasper_Top_Diffuse.uasset" 200
"../../../../../EDU/UE4/EndlessRunnerGame/Content/ThirdPersonBP/Runner_Character/Jasper_Top_Gloss.uasset" 201
"../../../../../EDU/UE4/EndlessRunnerGame/Content/ThirdPersonBP/Runner_Character/Jasper_Top_Normal.uasset" 202
"../../../../../EDU/UE4/EndlessRunnerGame/Content/ThirdPersonBP/Runner_Character/Jasper_Top_Opacity.uasset" 203
"../../../../../EDU/UE4/EndlessRunnerGame/Content/ThirdPersonBP/Runner_Character/Jasper_Top_Specular.uasset" 204
"../../../../../EDU/UE4/EndlessRunnerGame/Content/ThirdPersonBP/Runner_Character/Topmat.uasset" 205
"../../../../../EDU/UE4/EndlessRunnerGame/Content/ThirdPersonBP/Runner_Character/jasper_PhysicsAsset.uasset" 206
"../../../../../EDU/UE4/EndlessRunnerGame/Content/ThirdPersonBP/Runner_Character/jasper.uasset" 207
"../../../../../EDU/UE4/EndlessRunnerGame/Content/ThirdPersonBP/UMG/DeathScreen.uasset" 208
"../../../../../EDU/UE4/EndlessRunnerGame/Content/ThirdPersonBP/Blueprints/RunCharacter.uasset" 209
"../../../../../EDU/UE4/EndlessRunnerGame/Content/Sequences/NewLevelSequence.uasset" 210
"../../../../../EDU/UE4/EndlessRunnerGame/Content/StarterContent/Architecture/Wall_400x300.uasset" 211
"../../../../../EDU/UE4/EndlessRunnerGame/Content/StarterContent/Architecture/Wall_400x400.uasset" 212
"../../../../../EDU/UE4/EndlessRunnerGame/Content/StarterContent/Architecture/Wall_500x500.uasset" 213
"../../../../../EDU/UE4/EndlessRunnerGame/Content/StarterContent/Architecture/Wall_Door_400x400.uasset" 214
"../../../../../EDU/UE4/EndlessRunnerGame/Content/StarterContent/Architecture/Wall_Window_400x400.uasset" 215
"../../../../../EDU/UE4/EndlessRunnerGame/Content/StarterContent/Audio/Collapse01.uasset" 216
"../../../../../EDU/UE4/EndlessRunnerGame/Content/StarterContent/Audio/Collapse02.uasset" 217
"../../../../../EDU/UE4/EndlessRunnerGame/Content/StarterContent/Audio/Explosion01.uasset" 218
"../../../../../EDU/UE4/EndlessRunnerGame/Content/StarterContent/Audio/Explosion02.uasset" 219
"../../../../../EDU/UE4/EndlessRunnerGame/Content/StarterContent/Audio/Fire01.uasset" 220
"../../../../../EDU/UE4/EndlessRunnerGame/Content/StarterContent/Audio/Fire_Sparks01.uasset" 221
"../../../../../EDU/UE4/EndlessRunnerGame/Content/StarterContent/Audio/Light01.uasset" 222
"../../../../../EDU/UE4/EndlessRunnerGame/Content/StarterContent/Audio/Light01_Cue.uasset" 223
"../../../../../EDU/UE4/EndlessRunnerGame/Content/StarterContent/Audio/Light02.uasset" 224
"../../../../../EDU/UE4/EndlessRunnerGame/Content/StarterContent/Audio/Light02_Cue.uasset" 225
"../../../../../EDU/UE4/EndlessRunnerGame/Content/StarterContent/Audio/Smoke01.uasset" 226
"../../../../../EDU/UE4/EndlessRunnerGame/Content/StarterContent/Audio/Starter_Birds01.uasset" 227
"../../../../../EDU/UE4/EndlessRunnerGame/Content/StarterContent/Audio/Starter_Music01.uasset" 228
"../../../../../EDU/UE4/EndlessRunnerGame/Content/StarterContent/Audio/Starter_Wind05.uasset" 229
"../../../../../EDU/UE4/EndlessRunnerGame/Content/StarterContent/Audio/Starter_Wind06.uasset" 230
"../../../../../EDU/UE4/EndlessRunnerGame/Content/StarterContent/Audio/Steam01.uasset" 231
"../../../../../EDU/UE4/EndlessRunnerGame/Content/StarterContent/Blueprints/Blueprint_Effect_Explosion.uasset" 232
"../../../../../EDU/UE4/EndlessRunnerGame/Content/StarterContent/Maps/NewMap_BuiltData.uasset" 233
"../../../Engine/Content/EditorMeshes/ColorCalibrator/T_ColorGrid.uasset" 234
"../../../../../EDU/UE4/EndlessRunnerGame/Content/StarterContent/Materials/M_ColorGrid_LowSpec.uasset" 235
"../../../../../EDU/UE4/EndlessRunnerGame/Content/StarterContent/Textures/T_Bush_D.uasset" 236
"../../../../../EDU/UE4/EndlessRunnerGame/Content/StarterContent/Textures/T_Bush_N.uasset" 237
"../../../../../EDU/UE4/EndlessRunnerGame/Content/StarterContent/Props/Materials/M_Bush.uasset" 238
"../../../../../EDU/UE4/EndlessRunnerGame/Content/StarterContent/Props/SM_Bush.uasset" 239
"../../../../../EDU/UE4/EndlessRunnerGame/Content/StarterContent/Textures/T_Chair_M.uasset" 240
"../../../../../EDU/UE4/EndlessRunnerGame/Content/StarterContent/Textures/T_Chair_N.uasset" 241
"../../../../../EDU/UE4/EndlessRunnerGame/Content/StarterContent/Props/Materials/M_Chair.uasset" 242
"../../../../../EDU/UE4/EndlessRunnerGame/Content/StarterContent/Props/SM_Couch.uasset" 243
"../../../../../EDU/UE4/EndlessRunnerGame/Content/StarterContent/Materials/M_Glass.uasset" 244
"../../../../../EDU/UE4/EndlessRunnerGame/Content/StarterContent/Textures/T_Door_M.uasset" 245
"../../../../../EDU/UE4/EndlessRunnerGame/Content/StarterContent/Textures/T_Door_N.uasset" 246
"../../../../../EDU/UE4/EndlessRunnerGame/Content/StarterContent/Props/Materials/M_Door.uasset" 247
"../../../../../EDU/UE4/EndlessRunnerGame/Content/StarterContent/Props/SM_Door.uasset" 248
"../../../../../EDU/UE4/EndlessRunnerGame/Content/StarterContent/Props/Materials/M_MaterialSphere.uasset" 249
"../../../../../EDU/UE4/EndlessRunnerGame/Content/StarterContent/Props/Materials/M_MaterialSphere_Plain.uasset" 250
"../../../../../EDU/UE4/EndlessRunnerGame/Content/StarterContent/Props/SM_MatPreviewMesh_02.uasset" 251
"../../../../../EDU/UE4/EndlessRunnerGame/Content/StarterContent/Textures/T_Shelf_M.uasset" 252
"../../../../../EDU/UE4/EndlessRunnerGame/Content/StarterContent/Textures/T_Shelf_N.uasset" 253
"../../../../../EDU/UE4/EndlessRunnerGame/Content/StarterContent/Props/Materials/M_Shelf.uasset" 254
"../../../../../EDU/UE4/EndlessRunnerGame/Content/StarterContent/Props/SM_Shelf.uasset" 255
"../../../../../EDU/UE4/EndlessRunnerGame/Content/StarterContent/Materials/M_Basic_Floor.uasset" 256
"../../../../../EDU/UE4/EndlessRunnerGame/Content/StarterContent/Props/SM_Stairs.uasset" 257
"../../../../../EDU/UE4/EndlessRunnerGame/Content/StarterContent/Shapes/Shape_Cone.uasset" 258
"../../../../../EDU/UE4/EndlessRunnerGame/Content/StarterContent/Shapes/Shape_Cylinder.uasset" 259
"../../../../../EDU/UE4/EndlessRunnerGame/Content/StarterContent/Shapes/Shape_NarrowCapsule.uasset" 260
"../../../../../EDU/UE4/EndlessRunnerGame/Content/StarterContent/Shapes/Shape_Pipe.uasset" 261
"../../../../../EDU/UE4/EndlessRunnerGame/Content/StarterContent/Shapes/Shape_Pipe_180.uasset" 262
"../../../../../EDU/UE4/EndlessRunnerGame/Content/StarterContent/Shapes/Shape_Pipe_90.uasset" 263
"../../../../../EDU/UE4/EndlessRunnerGame/Content/StarterContent/Shapes/Shape_Plane.uasset" 264
"../../../../../EDU/UE4/EndlessRunnerGame/Content/StarterContent/Shapes/Shape_Torus.uasset" 265
"../../../../../EDU/UE4/EndlessRunnerGame/Content/StarterContent/Shapes/Shape_Trim.uasset" 266
"../../../../../EDU/UE4/EndlessRunnerGame/Content/StarterContent/Shapes/Shape_Trim_90_In.uasset" 267
"../../../../../EDU/UE4/EndlessRunnerGame/Content/StarterContent/Shapes/Shape_Trim_90_Out.uasset" 268
"../../../../../EDU/UE4/EndlessRunnerGame/Content/StarterContent/Shapes/Shape_TriPyramid.uasset" 269
"../../../../../EDU/UE4/EndlessRunnerGame/Content/StarterContent/Shapes/Shape_Tube.uasset" 270
"../../../../../EDU/UE4/EndlessRunnerGame/Content/StarterContent/Shapes/Shape_Wedge_A.uasset" 271
"../../../../../EDU/UE4/EndlessRunnerGame/Content/StarterContent/Shapes/Shape_Wedge_B.uasset" 272
"../../../../../EDU/UE4/EndlessRunnerGame/Content/StarterContent/Shapes/Shape_WideCapsule.uasset" 273
"../../../../../EDU/UE4/EndlessRunnerGame/Content/Textures/Road3Lanes2.uasset" 274
"../../../../../EDU/UE4/EndlessRunnerGame/Content/Textures/Road3Lanes2_N.uasset" 275
"../../../../../EDU/UE4/EndlessRunnerGame/Content/ThirdPerson/Meshes/RampMaterial.uasset" 276
"../../../../../EDU/UE4/EndlessRunnerGame/Content/ThirdPerson/Meshes/Bump_StaticMesh.uasset" 277
"../../../../../EDU/UE4/EndlessRunnerGame/Content/ThirdPerson/Meshes/LeftArm_StaticMesh.uasset" 278
"../../../../../EDU/UE4/EndlessRunnerGame/Content/ThirdPerson/Meshes/Linear_Stair_StaticMesh.uasset" 279
"../../../../../EDU/UE4/EndlessRunnerGame/Content/ThirdPerson/Meshes/Ramp_StaticMesh.uasset" 280
"../../../../../EDU/UE4/EndlessRunnerGame/Content/ThirdPerson/Meshes/RightArm_StaticMesh.uasset" 281
"../../../../../EDU/UE4/EndlessRunnerGame/Content/ThirdPersonBP/Meshes/binatexture.uasset" 282
"../../../../../EDU/UE4/EndlessRunnerGame/Content/ThirdPersonBP/Meshes/Material_002.uasset" 283
"../../../../../EDU/UE4/EndlessRunnerGame/Content/ThirdPersonBP/Runner_Character/jasper_Anim.uasset" 284
"../../../../../EDU/UE4/EndlessRunnerGame/Content/ThirdPersonBP/Runner_Character/Runner_BS.uasset" 285
"../../../../../EDU/UE4/EndlessRunnerGame/Content/ThirdPersonBP/Runner_Character/Animations/Falling_Idle.uasset" 286
"../../../../../EDU/UE4/EndlessRunnerGame/Content/ThirdPersonBP/Runner_Character/Animations/Idle.uasset" 287
"../../../../../EDU/UE4/EndlessRunnerGame/Content/ThirdPersonBP/Runner_Character/Animations/Jump.uasset" 288
"../../../../../EDU/UE4/EndlessRunnerGame/Content/ThirdPersonBP/Runner_Character/Animations/Jumping_Down.uasset" 289
"../../../../../EDU/UE4/EndlessRunnerGame/Content/ThirdPersonBP/Runner_Character/Animations/Jumping_Up.uasset" 290
"../../../../../EDU/UE4/EndlessRunnerGame/Content/ThirdPersonBP/Runner_Character/Animations/Running.uasset" 291
"../../../../../EDU/UE4/EndlessRunnerGame/Content/ThirdPersonBP/Runner_Character/Animations/Side_Step.uasset" 292
"../../../../../EDU/UE4/EndlessRunnerGame/Content/ThirdPersonBP/UMG/Assets/Background.uasset" 293
"../../../../../EDU/UE4/EndlessRunnerGame/Content/ThirdPersonBP/UMG/Assets/MainMenu.uasset" 294
"../../../../../EDU/UE4/EndlessRunnerGame/Content/ThirdPersonBP/UMG/Assets/MainMenu_Hovered.uasset" 295
"../../../../../EDU/UE4/EndlessRunnerGame/Content/ThirdPersonBP/UMG/Assets/Restart.uasset" 296
"../../../../../EDU/UE4/EndlessRunnerGame/Content/ThirdPersonBP/UMG/Assets/Restart_Hovered.uasset" 297
"../../../../../EDU/UE4/EndlessRunnerGame/Content/ThirdPersonBP/UMG/Assets/Start.uasset" 298
"../../../../../EDU/UE4/EndlessRunnerGame/Content/ThirdPersonBP/UMG/Assets/Start_Hovered.uasset" 299
"../../../Engine/Content/BasicShapes/Cone.uasset" 300
"../../../Engine/Content/BasicShapes/Plane.uasset" 301
"../../../Engine/Content/BasicShapes/Sphere.uasset" 302
"../../../Engine/Content/EditorLandscapeResources/DataLayer.uasset" 303
"../../../Engine/Content/EditorMaterials/GizmoMaterial.uasset" 304
"../../../Engine/Content/EditorMaterials/MAT_Groups_Toggle.uasset" 305
"../../../Engine/Content/EditorMaterials/MAT_Groups_Visibility.uasset" 306
"../../../Engine/Content/EditorMaterials/PreviewShadowIndicator.uasset" 307
"../../../Engine/Content/EditorMaterials/PreviewShadowIndicatorMaterial.uasset" 308
"../../../Engine/Content/EditorMaterials/MatineeGroups/MAT_ColorTrack.uasset" 309
"../../../Engine/Content/EditorMaterials/MatineeGroups/MAT_Groups_Anim.uasset" 310
"../../../Engine/Content/EditorMaterials/MatineeGroups/MAT_Groups_AudioMaster.uasset" 311
"../../../Engine/Content/EditorMaterials/MatineeGroups/MAT_Groups_Director.uasset" 312
"../../../Engine/Content/EditorMaterials/MatineeGroups/MAT_Groups_Event.uasset" 313
"../../../Engine/Content/EditorMaterials/MatineeGroups/MAT_Groups_Fade.uasset" 314
"../../../Engine/Content/EditorMaterials/MatineeGroups/MAT_Groups_Float.uasset" 315
"../../../Engine/Content/EditorMaterials/MatineeGroups/MAT_Groups_Move.uasset" 316
"../../../Engine/Content/EditorMaterials/MatineeGroups/MAT_Groups_Slomo.uasset" 317
"../../../Engine/Content/EditorMaterials/MatineeGroups/MAT_Groups_Sound.uasset" 318
"../../../Engine/Content/EditorMaterials/MatineeGroups/MAT_Groups_Vector.uasset" 319
"../../../Engine/Content/EditorMaterials/ParticleSystems/PSysThumbnail_NoImage.uasset" 320
"../../../Engine/Content/EditorMaterials/ParticleSystems/PSysThumbnail_OOD.uasset" 321
"../../../Engine/Content/EditorMaterials/Camera/CineMat.uasset" 322
"../../../Engine/Content/EditorMaterials/Camera/MI_CineMat_Rig.uasset" 323
"../../../Engine/Content/EditorMeshes/Camera/SM_CraneRig_Arm.uasset" 324
"../../../Engine/Content/EditorMeshes/Camera/SM_CraneRig_Base.uasset" 325
"../../../Engine/Content/EditorMeshes/Camera/SM_CraneRig_Body.uasset" 326
"../../../Engine/Content/EditorMeshes/Camera/SM_CraneRig_Mount.uasset" 327
"../../../Engine/Content/EditorMeshes/Camera/SM_RailRig_Mount.uasset" 328
"../../../Engine/Content/EditorMeshes/Camera/SM_RailRig_Track.uasset" 329
"../../../Engine/Content/EditorResources/BSPVertex.uasset" 330
"../../../Engine/Content/EditorResources/EmptyActor.uasset" 331
"../../../Engine/Content/EditorResources/S_Actor.uasset" 332
"../../../Engine/Content/EditorResources/S_Trigger.uasset" 333
"../../../Engine/Content/EditorResources/AudioIcons/S_AudioComponent.uasset" 334
"../../../Engine/Content/EditorResources/AudioIcons/S_AudioComponent_AutoActivate.uasset" 335
"../../../Engine/Content/EditorResources/LightIcons/S_LightError.uasset" 336
"../../../Engine/Content/EditorResources/SequenceRecorder/Countdown.uasset" 337
"../../../Engine/Content/EditorResources/SequenceRecorder/RecordingIndicator.uasset" 338
"../../../Engine/Content/EditorSounds/Notifications/CompileFailed.uasset" 339
"../../../Engine/Content/EditorSounds/Notifications/CompileFailed_Cue.uasset" 340
"../../../Engine/Content/EditorSounds/Notifications/CompileSuccess.uasset" 341
"../../../Engine/Content/EditorSounds/Notifications/CompileStart_Cue.uasset" 342
"../../../Engine/Content/EditorSounds/Notifications/CompileSuccess_Cue.uasset" 343
"../../../Engine/Content/EngineDamageTypes/DmgTypeBP_Environmental.uasset" 344
"../../../Engine/Content/EngineDebugMaterials/HeatmapGradient.uasset" 345
"../../../Engine/Content/EngineDebugMaterials/BoneWeightMaterial.uasset" 346
"../../../Engine/Content/EngineDebugMaterials/ClothMaterial.uasset" 347
"../../../Engine/Content/EngineDebugMaterials/ClothMaterial_WF.uasset" 348
"../../../Engine/Content/EngineDebugMaterials/DebugEditorMaterial.uasset" 349
"../../../Engine/Content/EngineDebugMaterials/DebugMeshMaterial.uasset" 350
"../../../Engine/Content/EngineDebugMaterials/GeomMaterial.uasset" 351
"../../../Engine/Content/EngineFonts/Faces/RobotoBold.uasset" 352
"../../../Engine/Content/EngineFonts/Faces/RobotoBoldItalic.uasset" 353
"../../../Engine/Content/EngineFonts/Faces/RobotoItalic.uasset" 354
"../../../Engine/Content/EngineFonts/Faces/RobotoLight.uasset" 355
"../../../Engine/Content/EngineFonts/Faces/RobotoRegular.uasset" 356
"../../../Engine/Content/EngineFonts/Roboto.uasset" 357
"../../../Engine/Content/EngineFonts/Faces/RobotoTiny.uasset" 358
"../../../Engine/Content/EngineFonts/RobotoTiny.uasset" 359
"../../../Engine/Content/EngineMaterials/DefaultBloomKernel.uasset" 360
"../../../Engine/Content/EngineMaterials/DefaultBokeh.uasset" 361
"../../../Engine/Content/EngineMaterials/DefaultDiffuse.uasset" 362
"../../../Engine/Content/EngineMaterials/DefaultDeferredDecalMaterial.uasset" 363
"../../../Engine/Content/EngineMaterials/DefaultLightFunctionMaterial.uasset" 364
"../../../Engine/Content/EngineMaterials/DefaultPhysicalMaterial.uasset" 365
"../../../Engine/Content/Functions/Engine_MaterialFunctions02/Utility/BreakOutFloat2Components.uasset" 366
"../../../Engine/Content/EngineMaterials/DefaultPostProcessMaterial.uasset" 367
"../../../Engine/Content/EngineFonts/RobotoDistanceField.uasset" 368
"../../../Engine/Content/EngineMaterials/DefaultTextMaterialOpaque.uasset" 369
"../../../Engine/Content/EngineMaterials/DefaultWhiteGrid.uasset" 370
"../../../Engine/Content/EngineMaterials/EditorBrushMaterial.uasset" 371
"../../../Engine/Content/EngineMaterials/Good64x64TilingNoiseHighFreq.uasset" 372
"../../../Engine/Content/EngineMaterials/MiniFont.uasset" 373
"../../../Engine/Content/EngineMaterials/InvalidLightmapSettings.uasset" 374
"../../../Engine/Content/EngineMaterials/M_InvalidLightmapSettings.uasset" 375
"../../../Engine/Content/Functions/Engine_MaterialFunctions02/WorldPositionOffset/CameraOffset.uasset" 376
"../../../Engine/Content/EngineMaterials/PhAT_JointLimitMaterial.uasset" 377
"../../../Engine/Content/EngineMaterials/PreintegratedSkinBRDF.uasset" 378
"../../../Engine/Content/EngineMaterials/RemoveSurfaceMaterial.uasset" 379
"../../../Engine/Content/EngineMaterials/WeightMapPlaceholderTexture.uasset" 380
"../../../Engine/Content/EngineResources/WhiteSquareTexture.uasset" 381
"../../../Engine/Content/EngineMaterials/Widget3DPassThrough.uasset" 382
"../../../Engine/Content/EngineMaterials/Widget3DPassThrough_Masked.uasset" 383
"../../../Engine/Content/EngineMaterials/Widget3DPassThrough_Opaque.uasset" 384
"../../../Engine/Content/EngineMaterials/Widget3DPassThrough_Masked_OneSided.uasset" 385
"../../../Engine/Content/EngineMaterials/Widget3DPassThrough_Opaque_OneSided.uasset" 386
"../../../Engine/Content/EngineMaterials/Widget3DPassThrough_Translucent.uasset" 387
"../../../Engine/Content/EngineMaterials/Widget3DPassThrough_Translucent_OneSided.uasset" 388
"../../../Engine/Content/EngineMeshes/Cube.uasset" 389
"../../../Engine/Content/EngineMeshes/Cylinder.uasset" 390
"../../../Engine/Content/EngineMeshes/Sphere.uasset" 391
"../../../Engine/Content/EngineResources/Black.uasset" 392
"../../../Engine/Content/EngineResources/DefaultTexture.uasset" 393
"../../../Engine/Content/EngineResources/DefaultTextureCube.uasset" 394
"../../../Engine/Content/EngineResources/GradientTexture0.uasset" 395
"../../../Engine/Content/EngineSounds/Master.uasset" 396
"../../../Engine/Content/Functions/Engine_MaterialFunctions01/Shading/ConvertFromDiffSpec.uasset" 397
"../../../Engine/Content/Functions/Engine_MaterialFunctions01/Shading/PowerToRoughness.uasset" 398
"../../../Engine/Content/Maps/Templates/Thumbnails/Default.uasset" 399
"../../../Engine/Content/Maps/Templates/Thumbnails/VR-Basic.uasset" 400
"../../../Engine/Content/MobileResources/T_MobileControls_texture.uasset" 401
"../../../Engine/Content/MobileResources/T_MobileMenu2.uasset" 402
"../../../Engine/Content/MobileResources/HUD/AnalogHat.uasset" 403
"../../../Engine/Content/MobileResources/HUD/VirtualJoystick_Background.uasset" 404
"../../../Engine/Content/MobileResources/HUD/VirtualJoystick_Thumb.uasset" 405
"../../../Engine/Content/MobileResources/HUD/DefaultVirtualJoysticks.uasset" 406
"../../../Engine/Content/MobileResources/HUD/LeftVirtualJoystickOnly.uasset" 407
"../../../Engine/Content/MobileResources/HUD/MobileHUDButton1_off.uasset" 408
"../../../Engine/Content/MobileResources/HUD/MobileHUDButton1_on.uasset" 409
"../../../Engine/Content/MobileResources/HUD/MobileHUDButton2_off.uasset" 410
"../../../Engine/Content/MobileResources/HUD/MobileHUDButton2_on.uasset" 411
"../../../Engine/Content/MobileResources/HUD/MobileHUDButton3.uasset" 412
"../../../Engine/Content/MobileResources/HUD/MobileHUDButtonFire.uasset" 413
"../../../Engine/Content/MobileResources/HUD/MobileHUDDirectionPad.uasset" 414
"../../../Engine/Content/MobileResources/HUD/MobileHUDDirectionPad2.uasset" 415
"../../../Engine/Content/MobileResources/HUD/MobileHUDDirectionPad3.uasset" 416
"../../../Engine/Content/MobileResources/HUD/MobileHUDDirectionStick.uasset" 417
"../../../Engine/Content/MobileResources/HUD/T_Castle_ThumbstickInner.uasset" 418
"../../../Engine/Content/MobileResources/HUD/T_Castle_ThumbstickOutter.uasset" 419
"../../../Engine/Content/Tutorial/ContentIntroCurve.uasset" 420
"../../../Engine/Content/Tutorial/Basics/TutorialAssets/icon_tab_Levels_40x.uasset" 421
"../../../Engine/Content/Tutorial/BlueprintTutorials/TutorialAssets/BlueprintInterface_64x.uasset" 422
"../../../Engine/Content/Tutorial/BlueprintTutorials/TutorialAssets/BlueprintMacroLibrary_64x.uasset" 423
"../../../Engine/Content/Tutorial/BlueprintTutorials/TutorialAssets/Blueprint_64x.uasset" 424
"../../../Engine/Content/Tutorial/BlueprintTutorials/TutorialAssets/Tutorial_BP_Interface.uasset" 425
"../../../Engine/Content/Tutorial/Foliage/TutorialAssets/Foliage.uasset" 426
"../../../Engine/Content/Tutorial/Landscape/TutorialAssets/Landscape.uasset" 427
"../../../Engine/Content/Tutorial/Mobile/TutorialAssets/android_Icon.uasset" 428
"../../../Engine/Content/Tutorial/Paper2D/TutorialAssets/Paper2DFlipbook_TutorialIcon.uasset" 429
"../../../Engine/Content/Tutorial/Paper2D/TutorialAssets/Paper2DSprite_TutorialIcon.uasset" 430
"../../../Engine/Content/Tutorial/SubEditors/TutorialAssets/icon_Editor_Preferences_General_40x.uasset" 431
"../../../Engine/Content/Tutorial/SubEditors/TutorialAssets/icon_ShowSkeletalMeshes_40x.uasset" 432
"../../../Engine/Content/Tutorial/SubEditors/TutorialAssets/TutorialMaterial.uasset" 433
"../../../Engine/Content/Tutorial/SubEditors/TutorialAssets/T_SmokeSubUV_8X8.uasset" 434
"../../../Engine/Content/Tutorial/SubEditors/TutorialAssets/T_soft_smoke.uasset" 435
"../../../Engine/Content/Tutorial/SubEditors/TutorialAssets/M_smoke_subUV_blackbody.uasset" 436
"../../../Engine/Content/Tutorial/SubEditors/TutorialAssets/TutorialParticleSystem.uasset" 437
"../../../Engine/Content/VREditor/Devices/Generic/GenericHMDMaterial.uasset" 438
"../../../Engine/Content/VREditor/Devices/Generic/GenericHMD.uasset" 439
"../../../Engine/Content/VREditor/Devices/Oculus/OculusControllerMaterial_Inst.uasset" 440
"../../../Engine/Content/VREditor/Devices/Oculus/OculusControllerMesh.uasset" 441
"../../../Engine/Content/VREditor/Devices/Vive/T_VivePreController_EM.uasset" 442
"../../../Engine/Content/VREditor/Devices/Vive/VivePreController_MasksA.uasset" 443
"../../../Engine/Content/VREditor/Devices/Vive/VivePreControllerDiffuse.uasset" 444
"../../../Engine/Content/VREditor/Devices/Vive/VivePreControllerSpec.uasset" 445
"../../../Engine/Content/VREditor/LaserPointer/VR_LaserPower_01.uasset" 446
"../../../Engine/Content/VREditor/Devices/Vive/VivePreControllerMaterial.uasset" 447
"../../../Engine/Content/VREditor/Devices/Vive/VivePreControllerMaterial_Inst.uasset" 448
"../../../Engine/Content/VREditor/Devices/Vive/VivePreControllerMesh.uasset" 449
"../../../Engine/Content/VREditor/FloatingText/LineMaterial.uasset" 450
"../../../Engine/Content/VREditor/FloatingText/JointSphere.uasset" 451
"../../../Engine/Content/VREditor/FloatingText/LineSegmentCylinder.uasset" 452
"../../../Engine/Content/VREditor/Fonts/VRText_RobotoLarge.uasset" 453
"../../../Engine/Content/VREditor/Fonts/VRTextMaterial.uasset" 454
"../../../Engine/Content/VREditor/Fonts/TranslucentVRTextMaterial.uasset" 455
"../../../Engine/Content/VREditor/LaserPointer/CursorPointer.uasset" 456
"../../../Engine/Content/VREditor/TransformGizmo/TransformGizmoMaterial.uasset" 457
"../../../Engine/Content/VREditor/LaserPointer/HoverMaterial.uasset" 458
"../../../Engine/Content/VREditor/TransformGizmo/TranslucentTransformGizmoMaterial.uasset" 459
"../../../Engine/Content/VREditor/LaserPointer/TranslucentHoverMaterial.uasset" 460
"../../../Engine/Content/VREditor/LaserPointer/HoverMesh.uasset" 461
"../../../Engine/Content/VREditor/LaserPointer/LaserPointerMaterial.uasset" 462
"../../../Engine/Content/VREditor/LaserPointer/LaserPointerMaterialInst.uasset" 463
"../../../Engine/Content/VREditor/LaserPointer/TranslucentLaserPointerMaterialInst.uasset" 464
"../../../Engine/Content/VREditor/LaserPointer/LaserPointerMesh.uasset" 465
"../../../Engine/Content/VREditor/LaserPointer/LaserPointerMesh_End.uasset" 466
"../../../Engine/Content/VREditor/LaserPointer/LaserPointerMesh_Start.uasset" 467
"../../../Engine/Content/VREditor/Sounds/VR_teleport.uasset" 468
"../../../Engine/Content/VREditor/Sounds/UI/Click_on_Button.uasset" 469
"../../../Engine/Content/VREditor/Sounds/UI/Click_on_Button_Cue.uasset" 470
"../../../Engine/Content/VREditor/Sounds/UI/Dockable_Window_Close.uasset" 471
"../../../Engine/Content/VREditor/Sounds/UI/Dockable_Window_Drop.uasset" 472
"../../../Engine/Content/VREditor/Sounds/UI/Dockable_Window_Open.uasset" 473
"../../../Engine/Content/VREditor/Sounds/UI/Dockable_Window_Pick_Up.uasset" 474
"../../../Engine/Content/VREditor/Sounds/UI/Drop_Item_From_ContentBrowser.uasset" 475
"../../../Engine/Content/VREditor/Sounds/UI/Floating_UI_Open-001.uasset" 476
"../../../Engine/Content/VREditor/Sounds/UI/Radial_Menu_FadeOut.uasset" 477
"../../../Engine/Content/VREditor/Sounds/UI/Teleport_Mode_Entered.uasset" 478
"../../../Engine/Content/VREditor/Teleport/TeleportDirectionMaterial.uasset" 479
"../../../Engine/Content/VREditor/Teleport/TeleportDirectionMaterial_Inst.uasset" 480
"../../../Engine/Content/VREditor/Teleport/TeleportDirectionMesh.uasset" 481
"../../../Engine/Content/VREditor/TransformGizmo/BoundingBoxCorner.uasset" 482
"../../../Engine/Content/VREditor/TransformGizmo/BoundingBoxEdge.uasset" 483
"../../../Engine/Content/VREditor/TransformGizmo/PlaneTranslationHandle.uasset" 484
"../../../Engine/Content/VREditor/TransformGizmo/Main.uasset" 485
"../../../Engine/Content/VREditor/TransformGizmo/Xray.uasset" 486
"../../../Engine/Content/VREditor/TransformGizmo/SM_Dialog_Close.uasset" 487
"../../../Engine/Content/VREditor/TransformGizmo/SM_Dialog_Move.uasset" 488
"../../../Engine/Content/VREditor/TransformGizmo/SM_Sequencer_Key.uasset" 489
"../../../Engine/Content/VREditor/TransformGizmo/SM_Sequencer_Node.uasset" 490
"../../../Engine/Content/VREditor/TransformGizmo/TransformGizmoMaterial_Inst.uasset" 491
"../../../Engine/Content/VREditor/TransformGizmo/TranslucentTransformGizmoMaterial_Inst.uasset" 492
"../../../Engine/Content/VREditor/Devices/Vive/UE4_Logo.uasset" 493
"../../../Engine/Content/VREditor/UI/M_ContentWindow.uasset" 494
"../../../Engine/Content/VREditor/UI/SM_ContentWindow_01.uasset" 495
"../../../Engine/Content/VREditor/UI/SM_Radial_Disk.uasset" 496
"../../../Engine/Content/VREditor/UI/ArrowMaterial.uasset" 497
"../../../Engine/Content/VREditor/UI/SM_Radial_Pointer.uasset" 498
"../../../Engine/Content/VREditor/WorldMovementGrid/SimpleGrid.uasset" 499
"../../../Engine/Content/VREditor/WorldMovementGrid/GridMaterial.uasset" 500
"../../../Engine/Content/Functions/Engine_MaterialFunctions01/Density/ExponentialDensity.uasset" 501
"../../../Engine/Content/VREditor/WorldMovementGrid/GridPostProcess.uasset" 502
"../../../Engine/Content/EditorLandscapeResources/FlattenHeightMat.uasset" 503
"../../../Engine/Content/VREditor/WorldMovementGrid/PlaneMesh.uasset" 504
"../../Plugins/2D/Paper2D/Content/PlaceholderTextures/DummySpriteTexture.uasset" 505
"../../Plugins/2D/Paper2D/Content/DummySprite.uasset" 506
"../../Plugins/2D/Paper2D/Content/DefaultPaperTerrainMaterial.uasset" 507
"../../Plugins/2D/Paper2D/Content/DefaultSpriteMaterial.uasset" 508
"../../Plugins/2D/Paper2D/Content/MaskedUnlitSpriteMaterial.uasset" 509
"../../Plugins/2D/Paper2D/Content/OpaqueUnlitSpriteMaterial.uasset" 510
"../../Plugins/Media/MediaCompositing/Content/DefaultMediaPlaneTexture.uasset" 511
"../../Plugins/Media/MediaCompositing/Content/DefaultMediaPlaneMaterial.uasset" 512
"../../../Engine/Content/Functions/Engine_MaterialFunctions02/Utility/MakeFloat4.uasset" 513
"../../Plugins/Runtime/AppleARKit/Content/ARKitCameraMaterial.uasset" 514
"../../Plugins/Runtime/Oculus/OculusVR/Content/Textures/GearVRController_AO.uasset" 515
"../../Plugins/Runtime/Oculus/OculusVR/Content/Textures/GearVRController_Color.uasset" 516
"../../Plugins/Runtime/Oculus/OculusVR/Content/Textures/GearVRController_Normal.uasset" 517
"../../Plugins/Runtime/Oculus/OculusVR/Content/Materials/GearVRControllerMaterial.uasset" 518
"../../Plugins/Runtime/Oculus/OculusVR/Content/Meshes/GearVrController.uasset" 519
"../../../../../EDU/UE4/EndlessRunnerGame/Content/AnimStarterPack/Crouch_Idle_Rifle_Hip.uasset" 520
"../../../../../EDU/UE4/EndlessRunnerGame/Content/AnimStarterPack/Crouch_Idle_Rifle_Ironsights.uasset" 521
"../../../../../EDU/UE4/EndlessRunnerGame/Content/AnimStarterPack/Crouch_Walk_Fwd_Rifle_Ironsights.uasset" 522
"../../../../../EDU/UE4/EndlessRunnerGame/Content/AnimStarterPack/Equip_Pistol_Standing.uasset" 523
"../../../../../EDU/UE4/EndlessRunnerGame/Content/AnimStarterPack/Fire_Rifle_Ironsights.uasset" 524
"../../../../../EDU/UE4/EndlessRunnerGame/Content/AnimStarterPack/Hit_React_1.uasset" 525
"../../../../../EDU/UE4/EndlessRunnerGame/Content/AnimStarterPack/Hit_React_2.uasset" 526
"../../../../../EDU/UE4/EndlessRunnerGame/Content/AnimStarterPack/Hit_React_3.uasset" 527
"../../../../../EDU/UE4/EndlessRunnerGame/Content/AnimStarterPack/Idle_Rifle_Hip_Break1.uasset" 528
"../../../../../EDU/UE4/EndlessRunnerGame/Content/AnimStarterPack/Idle_Rifle_Hip_Break2.uasset" 529
"../../../../../EDU/UE4/EndlessRunnerGame/Content/AnimStarterPack/Reload_Rifle_Hip.uasset" 530
"../../../../../EDU/UE4/EndlessRunnerGame/Content/AnimStarterPack/Walk_Fwd_Rifle_Ironsights.uasset" 531
"../../../Engine/Content/EngineSky/C_Sky_Cloud_Color.uasset" 532
"../../../Engine/Content/EngineSky/C_Sky_Horizon_Color.uasset" 533
"../../../Engine/Content/EngineSky/C_Sky_Zenith_Color.uasset" 534
"../../../Engine/Content/EngineSky/T_Sky_Blue.uasset" 535
"../../../Engine/Content/EngineSky/T_Sky_Clouds_M.uasset" 536
"../../../Engine/Content/EngineSky/T_Sky_Stars.uasset" 537
"../../../Engine/Content/EngineSky/M_Sky_Panning_Clouds2.uasset" 538
"../../../Engine/Content/EngineSky/SM_SkySphere.uasset" 539
"../../../Engine/Content/EngineSky/BP_Sky_Sphere.uasset" 540
"../../../Engine/Content/TemplateResources/M_Template_Master.uasset" 541
"../../../Engine/Content/TemplateResources/MI_Template_BaseGray_03_Metal.uasset" 542
"../../../Engine/Content/Functions/MaterialLayerFunctions/MatLayerBlend_AO.uasset" 543
"../../../Engine/Content/Functions/MaterialLayerFunctions/MatLayerBlend_NormalBlend.uasset" 544
"../../../Engine/Content/Functions/MaterialLayerFunctions/MatLayerBlend_Simple.uasset" 545
"../../../../../EDU/UE4/EndlessRunnerGame/Content/AnimStarterPack/UE4_Mannequin/Materials/MaterialLayers/T_ML_Rubber_Blue_01_D.uasset" 546
"../../../../../EDU/UE4/EndlessRunnerGame/Content/AnimStarterPack/UE4_Mannequin/Materials/MaterialLayers/T_ML_Rubber_Blue_01_N.uasset" 547
"../../../../../EDU/UE4/EndlessRunnerGame/Content/AnimStarterPack/UE4_Mannequin/Materials/MaterialLayers/ML_GlossyBlack_Latex_UE4.uasset" 548
"../../../../../EDU/UE4/EndlessRunnerGame/Content/AnimStarterPack/UE4_Mannequin/Materials/MaterialLayers/ML_Plastic_Shiny_Beige.uasset" 549
"../../../../../EDU/UE4/EndlessRunnerGame/Content/AnimStarterPack/UE4_Mannequin/Textures/UE4_LOGO_CARD.uasset" 550
"../../../../../EDU/UE4/EndlessRunnerGame/Content/AnimStarterPack/UE4_Mannequin/Materials/MaterialLayers/ML_Plastic_Shiny_Beige_LOGO.uasset" 551
"../../../../../EDU/UE4/EndlessRunnerGame/Content/AnimStarterPack/UE4_Mannequin/Materials/MaterialLayers/T_ML_Aluminum01.uasset" 552
"../../../../../EDU/UE4/EndlessRunnerGame/Content/AnimStarterPack/UE4_Mannequin/Materials/MaterialLayers/T_ML_Aluminum01_N.uasset" 553
"../../../../../EDU/UE4/EndlessRunnerGame/Content/AnimStarterPack/UE4_Mannequin/Materials/MaterialLayers/ML_SoftMetal_UE4.uasset" 554
"../../../../../EDU/UE4/EndlessRunnerGame/Content/AnimStarterPack/UE4_Mannequin/Textures/UE4_Mannequin__normals.uasset" 555
"../../../../../EDU/UE4/EndlessRunnerGame/Content/AnimStarterPack/UE4_Mannequin/Textures/UE4_Mannequin_MAT_MASKA.uasset" 556
"../../../../../EDU/UE4/EndlessRunnerGame/Content/AnimStarterPack/UE4_Mannequin/Textures/UE4_Mannequin_occlusion_Mobile.uasset" 557
"../../../../../EDU/UE4/EndlessRunnerGame/Content/AnimStarterPack/UE4_Mannequin/Materials/M_UE4Man_Body.uasset" 558
"../../../../../EDU/UE4/EndlessRunnerGame/Content/AnimStarterPack/UE4_Mannequin/Textures/UE4Man_Logo_N.uasset" 559
"../../../../../EDU/UE4/EndlessRunnerGame/Content/AnimStarterPack/UE4_Mannequin/Materials/M_UE4Man_ChestLogo.uasset" 560
"../../../../../EDU/UE4/EndlessRunnerGame/Content/AnimStarterPack/UE4_Mannequin/Mesh/SK_Mannequin_PhysicsAsset.uasset" 561
"../../../../../EDU/UE4/EndlessRunnerGame/Content/AnimStarterPack/UE4_Mannequin/Mesh/SK_Mannequin.uasset" 562
"../../../../../EDU/UE4/EndlessRunnerGame/Content/AnimStarterPack/Showcase.umap" 563
"../../../../../EDU/UE4/EndlessRunnerGame/Content/ThirdPersonBP/Blueprints/BP_StartTiles.uasset" 564
"../../../../../EDU/UE4/EndlessRunnerGame/Content/Levels/RunLevel_BuiltData.uasset" 565
"../../../../../EDU/UE4/EndlessRunnerGame/Content/Levels/RunLevel.umap" 566
"../../../../../EDU/UE4/EndlessRunnerGame/Content/Mannequin/Animations/ThirdPerson_Jump.uasset" 567
"../../../../../EDU/UE4/EndlessRunnerGame/Content/Mannequin/Animations/ThirdPersonJump_Loop.uasset" 568
"../../../../../EDU/UE4/EndlessRunnerGame/Content/Mannequin/Animations/ThirdPersonJump_Start.uasset" 569
"../../../../../EDU/UE4/EndlessRunnerGame/Content/Mannequin/Animations/ThirdPersonIdle.uasset" 570
"../../../../../EDU/UE4/EndlessRunnerGame/Content/Mannequin/Animations/ThirdPersonRun.uasset" 571
"../../../../../EDU/UE4/EndlessRunnerGame/Content/Mannequin/Animations/ThirdPersonWalk.uasset" 572
"../../../../../EDU/UE4/EndlessRunnerGame/Content/Mannequin/Animations/ThirdPerson_IdleRun_2D.uasset" 573
"../../../../../EDU/UE4/EndlessRunnerGame/Content/Mannequin/Animations/ThirdPerson_AnimBP.uasset" 574
"../../../../../EDU/UE4/EndlessRunnerGame/Content/Mannequin/Character/Materials/MaterialLayers/T_ML_Rubber_Blue_01_D.uasset" 575
"../../../../../EDU/UE4/EndlessRunnerGame/Content/Mannequin/Character/Materials/MaterialLayers/T_ML_Rubber_Blue_01_N.uasset" 576
"../../../../../EDU/UE4/EndlessRunnerGame/Content/Mannequin/Character/Materials/MaterialLayers/ML_GlossyBlack_Latex_UE4.uasset" 577
"../../../../../EDU/UE4/EndlessRunnerGame/Content/Mannequin/Character/Materials/MaterialLayers/ML_Plastic_Shiny_Beige.uasset" 578
"../../../../../EDU/UE4/EndlessRunnerGame/Content/Mannequin/Character/Textures/UE4_LOGO_CARD.uasset" 579
"../../../../../EDU/UE4/EndlessRunnerGame/Content/Mannequin/Character/Materials/MaterialLayers/ML_Plastic_Shiny_Beige_LOGO.uasset" 580
"../../../../../EDU/UE4/EndlessRunnerGame/Content/Mannequin/Character/Materials/MaterialLayers/T_ML_Aluminum01.uasset" 581
"../../../../../EDU/UE4/EndlessRunnerGame/Content/Mannequin/Character/Materials/MaterialLayers/T_ML_Aluminum01_N.uasset" 582
"../../../../../EDU/UE4/EndlessRunnerGame/Content/Mannequin/Character/Materials/MaterialLayers/ML_SoftMetal_UE4.uasset" 583
"../../../../../EDU/UE4/EndlessRunnerGame/Content/Mannequin/Character/Textures/UE4_Mannequin__normals.uasset" 584
"../../../../../EDU/UE4/EndlessRunnerGame/Content/Mannequin/Character/Textures/UE4_Mannequin_MAT_MASKA.uasset" 585
"../../../../../EDU/UE4/EndlessRunnerGame/Content/Mannequin/Character/Materials/M_UE4Man_Body.uasset" 586
"../../../../../EDU/UE4/EndlessRunnerGame/Content/Mannequin/Character/Textures/UE4Man_Logo_N.uasset" 587
"../../../../../EDU/UE4/EndlessRunnerGame/Content/Mannequin/Character/Materials/M_UE4Man_ChestLogo.uasset" 588
"../../../../../EDU/UE4/EndlessRunnerGame/Content/Mannequin/Character/Mesh/SK_Mannequin_PhysicsAsset.uasset" 589
"../../../../../EDU/UE4/EndlessRunnerGame/Content/Mannequin/Character/Mesh/SK_Mannequin.uasset" 590
"../../../../../EDU/UE4/EndlessRunnerGame/Content/ThirdPersonBP/Blueprints/ThirdPersonCharacter.uasset" 591
"../../../../../EDU/UE4/EndlessRunnerGame/Content/Levels/TestLevel_BuiltData.uasset" 592
"../../../Engine/Content/BasicShapes/BasicShapeMaterial.uasset" 593
"../../../Engine/Content/MapTemplates/SM_Template_Map_Floor.uasset" 594
"../../../../../EDU/UE4/EndlessRunnerGame/Content/Levels/TestLevel.umap" 595
"../../../../../EDU/UE4/EndlessRunnerGame/Content/StarterContent/Blueprints/Assets/FogBrightnessLUT.uasset" 596
"../../../../../EDU/UE4/EndlessRunnerGame/Content/StarterContent/Blueprints/Assets/SunlightColorLUT.uasset" 597
"../../../../../EDU/UE4/EndlessRunnerGame/Content/StarterContent/Blueprints/Assets/M_LightStage_Arrows.uasset" 598
"../../../Engine/Content/MapTemplates/Sky/DaylightAmbientCubemap.uasset" 599
"../../../../../EDU/UE4/EndlessRunnerGame/Content/StarterContent/Blueprints/Assets/M_LightStage_Skybox_Master.uasset" 600
"../../../../../EDU/UE4/EndlessRunnerGame/Content/StarterContent/Blueprints/Assets/M_LightStage_Skybox_Black.uasset" 601
"../../../../../EDU/UE4/EndlessRunnerGame/Content/StarterContent/Blueprints/Assets/M_LightStage_Skybox_HDRI.uasset" 602
"../../../Engine/Content/EditorMaterials/Thumbnails/SkySphereMaterial.uasset" 603
"../../../../../EDU/UE4/EndlessRunnerGame/Content/StarterContent/Blueprints/Assets/Skybox.uasset" 604
"../../../../../EDU/UE4/EndlessRunnerGame/Content/StarterContent/Blueprints/Assets/SM_Arrows.uasset" 605
"../../../../../EDU/UE4/EndlessRunnerGame/Content/StarterContent/HDRI/HDRI_Epic_Courtyard_Daylight.uasset" 606
"../../../../../EDU/UE4/EndlessRunnerGame/Content/StarterContent/Blueprints/BP_LightStudio.uasset" 607
"../../../../../EDU/UE4/EndlessRunnerGame/Content/StarterContent/Maps/Advanced_Lighting_BuiltData.uasset" 608
"../../../../../EDU/UE4/EndlessRunnerGame/Content/StarterContent/Materials/M_AssetPlatform.uasset" 609
"../../../Engine/Content/EditorMeshes/ColorCalibrator/M_ChromeBall.uasset" 610
"../../../Engine/Content/EditorMeshes/ColorCalibrator/M_ClearCoat.uasset" 611
"../../../Engine/Content/EditorMeshes/ColorCalibrator/M_ClearCoatBlack.uasset" 612
"../../../Engine/Content/EditorMeshes/ColorCalibrator/Color_checker.uasset" 613
"../../../Engine/Content/EditorMeshes/ColorCalibrator/M_ColorGrid.uasset" 614
"../../../Engine/Content/EditorMeshes/ColorCalibrator/M_GreyBall.uasset" 615
"../../../Engine/Content/EditorMeshes/ColorCalibrator/SM_ColorCalibrator.uasset" 616
"../../../../../EDU/UE4/EndlessRunnerGame/Content/StarterContent/Architecture/SM_AssetPlatform.uasset" 617
"../../../../../EDU/UE4/EndlessRunnerGame/Content/StarterContent/Maps/Advanced_Lighting.umap" 618
"../../../../../EDU/UE4/EndlessRunnerGame/Content/StarterContent/Maps/Minimal_Default_BuiltData.uasset" 619
"../../../../../EDU/UE4/EndlessRunnerGame/Content/StarterContent/Materials/M_Metal_Brushed_Nickel.uasset" 620
"../../../../../EDU/UE4/EndlessRunnerGame/Content/StarterContent/Textures/T_Metal_Aluminum_D.uasset" 621
"../../../../../EDU/UE4/EndlessRunnerGame/Content/StarterContent/Materials/M_Metal_Burnished_Steel.uasset" 622
"../../../../../EDU/UE4/EndlessRunnerGame/Content/StarterContent/Textures/T_Metal_Copper_D.uasset" 623
"../../../../../EDU/UE4/EndlessRunnerGame/Content/StarterContent/Materials/M_Metal_Copper.uasset" 624
"../../../../../EDU/UE4/EndlessRunnerGame/Content/StarterContent/Textures/T_Statue_M.uasset" 625
"../../../../../EDU/UE4/EndlessRunnerGame/Content/StarterContent/Textures/T_Statue_N.uasset" 626
"../../../../../EDU/UE4/EndlessRunnerGame/Content/StarterContent/Props/Materials/M_StatueGlass.uasset" 627
"../../../../../EDU/UE4/EndlessRunnerGame/Content/StarterContent/Architecture/Floor_400x400.uasset" 628
"../../../../../EDU/UE4/EndlessRunnerGame/Content/StarterContent/Audio/Starter_Background_Cue.uasset" 629
"../../../../../EDU/UE4/EndlessRunnerGame/Content/StarterContent/Props/SM_Chair.uasset" 630
"../../../../../EDU/UE4/EndlessRunnerGame/Content/StarterContent/Props/Materials/M_Statue.uasset" 631
"../../../../../EDU/UE4/EndlessRunnerGame/Content/StarterContent/Props/SM_Statue.uasset" 632
"../../../../../EDU/UE4/EndlessRunnerGame/Content/StarterContent/Textures/T_TableRound_M.uasset" 633
"../../../../../EDU/UE4/EndlessRunnerGame/Content/StarterContent/Textures/T_TableRound_N.uasset" 634
"../../../../../EDU/UE4/EndlessRunnerGame/Content/StarterContent/Props/Materials/M_TableRound.uasset" 635
"../../../../../EDU/UE4/EndlessRunnerGame/Content/StarterContent/Props/SM_TableRound.uasset" 636
"../../../../../EDU/UE4/EndlessRunnerGame/Content/StarterContent/Maps/Minimal_Default.umap" 637
"../../../../../EDU/UE4/EndlessRunnerGame/Content/StarterContent/Audio/Fire01_Cue.uasset" 638
"../../../../../EDU/UE4/EndlessRunnerGame/Content/StarterContent/Textures/T_Fire_SubUV.uasset" 639
"../../../../../EDU/UE4/EndlessRunnerGame/Content/StarterContent/Textures/T_Fire_Tiled_D.uasset" 640
"../../../../../EDU/UE4/EndlessRunnerGame/Content/StarterContent/Particles/Materials/M_Fire_SubUV.uasset" 641
"../../../../../EDU/UE4/EndlessRunnerGame/Content/StarterContent/Textures/T_Water_N.uasset" 642
"../../../../../EDU/UE4/EndlessRunnerGame/Content/StarterContent/Particles/Materials/M_Heat_Distortion.uasset" 643
"../../../../../EDU/UE4/EndlessRunnerGame/Content/StarterContent/Particles/Materials/M_Radial_Gradient.uasset" 644
"../../../../../EDU/UE4/EndlessRunnerGame/Content/StarterContent/Particles/P_Fire.uasset" 645
"../../../../../EDU/UE4/EndlessRunnerGame/Content/StarterContent/Blueprints/Blueprint_Effect_Fire.uasset" 646
"../../../../../EDU/UE4/EndlessRunnerGame/Content/StarterContent/Audio/Smoke01_Cue.uasset" 647
"../../../../../EDU/UE4/EndlessRunnerGame/Content/StarterContent/Particles/P_Smoke.uasset" 648
"../../../../../EDU/UE4/EndlessRunnerGame/Content/StarterContent/Blueprints/Blueprint_Effect_Smoke.uasset" 649
"../../../../../EDU/UE4/EndlessRunnerGame/Content/StarterContent/Audio/Fire_Sparks01_Cue.uasset" 650
"../../../../../EDU/UE4/EndlessRunnerGame/Content/StarterContent/Textures/T_Spark_Core.uasset" 651
"../../../../../EDU/UE4/EndlessRunnerGame/Content/StarterContent/Particles/Materials/M_Spark.uasset" 652
"../../../../../EDU/UE4/EndlessRunnerGame/Content/StarterContent/Particles/P_Sparks.uasset" 653
"../../../../../EDU/UE4/EndlessRunnerGame/Content/StarterContent/Blueprints/Blueprint_Effect_Sparks.uasset" 654
"../../../../../EDU/UE4/EndlessRunnerGame/Content/StarterContent/Audio/Steam01_Cue.uasset" 655
"../../../../../EDU/UE4/EndlessRunnerGame/Content/StarterContent/Particles/P_Steam_Lit.uasset" 656
"../../../../../EDU/UE4/EndlessRunnerGame/Content/StarterContent/Blueprints/Blueprint_Effect_Steam.uasset" 657
"../../../../../EDU/UE4/EndlessRunnerGame/Content/StarterContent/Textures/T_Lamp_M.uasset" 658
"../../../../../EDU/UE4/EndlessRunnerGame/Content/StarterContent/Textures/T_Lamp_N.uasset" 659
"../../../../../EDU/UE4/EndlessRunnerGame/Content/StarterContent/Props/Materials/M_Lamp.uasset" 660
"../../../../../EDU/UE4/EndlessRunnerGame/Content/StarterContent/Props/SM_Lamp_Ceiling.uasset" 661
"../../../../../EDU/UE4/EndlessRunnerGame/Content/StarterContent/Blueprints/Blueprint_CeilingLight.uasset" 662
"../../../../../EDU/UE4/EndlessRunnerGame/Content/StarterContent/Props/SM_Lamp_Wall.uasset" 663
"../../../../../EDU/UE4/EndlessRunnerGame/Content/StarterContent/Blueprints/Blueprint_WallSconce.uasset" 664
"../../../../../EDU/UE4/EndlessRunnerGame/Content/StarterContent/Maps/StarterMap_BuiltData.uasset" 665
"../../../Engine/Content/Functions/Engine_MaterialFunctions03/Procedurals/ComputeFilterWidth.uasset" 666
"../../../Engine/Content/EngineMaterials/AntiAliasedTextMaterialTranslucent.uasset" 667
"../../../../../EDU/UE4/EndlessRunnerGame/Content/StarterContent/Textures/T_Brick_Clay_New_D.uasset" 668
"../../../../../EDU/UE4/EndlessRunnerGame/Content/StarterContent/Textures/T_Brick_Clay_New_M.uasset" 669
"../../../../../EDU/UE4/EndlessRunnerGame/Content/StarterContent/Textures/T_Brick_Clay_New_N.uasset" 670
"../../../../../EDU/UE4/EndlessRunnerGame/Content/StarterContent/Materials/M_Brick_Clay_New.uasset" 671
"../../../../../EDU/UE4/EndlessRunnerGame/Content/StarterContent/Textures/T_Brick_Clay_Old_D.uasset" 672
"../../../../../EDU/UE4/EndlessRunnerGame/Content/StarterContent/Textures/T_Brick_Clay_Old_N.uasset" 673
"../../../../../EDU/UE4/EndlessRunnerGame/Content/StarterContent/Textures/T_Perlin_Noise_M.uasset" 674
"../../../../../EDU/UE4/EndlessRunnerGame/Content/StarterContent/Materials/M_Brick_Clay_Old.uasset" 675
"../../../../../EDU/UE4/EndlessRunnerGame/Content/StarterContent/Textures/T_Brick_Cut_Stone_D.uasset" 676
"../../../../../EDU/UE4/EndlessRunnerGame/Content/StarterContent/Textures/T_Brick_Cut_Stone_N.uasset" 677
"../../../../../EDU/UE4/EndlessRunnerGame/Content/StarterContent/Materials/M_Brick_Cut_Stone.uasset" 678
"../../../../../EDU/UE4/EndlessRunnerGame/Content/StarterContent/Textures/T_Brick_Hewn_Stone_D.uasset" 679
"../../../../../EDU/UE4/EndlessRunnerGame/Content/StarterContent/Textures/T_Brick_Hewn_Stone_M.uasset" 680
"../../../../../EDU/UE4/EndlessRunnerGame/Content/StarterContent/Textures/T_Brick_Hewn_Stone_N.uasset" 681
"../../../../../EDU/UE4/EndlessRunnerGame/Content/StarterContent/Materials/M_Brick_Hewn_Stone.uasset" 682
"../../../../../EDU/UE4/EndlessRunnerGame/Content/StarterContent/Textures/T_Ceramic_Tile_M.uasset" 683
"../../../../../EDU/UE4/EndlessRunnerGame/Content/StarterContent/Textures/T_Ceramic_Tile_N.uasset" 684
"../../../../../EDU/UE4/EndlessRunnerGame/Content/StarterContent/Textures/T_Rock_Marble_Polished_D.uasset" 685
"../../../../../EDU/UE4/EndlessRunnerGame/Content/StarterContent/Materials/M_Ceramic_Tile_Checker.uasset" 686
"../../../../../EDU/UE4/EndlessRunnerGame/Content/StarterContent/Textures/T_CobbleStone_Pebble_D.uasset" 687
"../../../../../EDU/UE4/EndlessRunnerGame/Content/StarterContent/Textures/T_CobbleStone_Pebble_M.uasset" 688
"../../../../../EDU/UE4/EndlessRunnerGame/Content/StarterContent/Textures/T_CobbleStone_Pebble_N.uasset" 689
"../../../../../EDU/UE4/EndlessRunnerGame/Content/StarterContent/Materials/M_CobbleStone_Pebble.uasset" 690
"../../../../../EDU/UE4/EndlessRunnerGame/Content/StarterContent/Textures/T_CobbleStone_Rough_D.uasset" 691
"../../../../../EDU/UE4/EndlessRunnerGame/Content/StarterContent/Textures/T_CobbleStone_Rough_N.uasset" 692
"../../../../../EDU/UE4/EndlessRunnerGame/Content/StarterContent/Textures/T_Gradinet_01.uasset" 693
"../../../../../EDU/UE4/EndlessRunnerGame/Content/StarterContent/Textures/T_Rock_Smooth_Granite_D.uasset" 694
"../../../../../EDU/UE4/EndlessRunnerGame/Content/StarterContent/Materials/M_CobbleStone_Rough.uasset" 695
"../../../../../EDU/UE4/EndlessRunnerGame/Content/StarterContent/Textures/T_CobbleStone_Smooth_D.uasset" 696
"../../../../../EDU/UE4/EndlessRunnerGame/Content/StarterContent/Textures/T_CobbleStone_Smooth_M.uasset" 697
"../../../../../EDU/UE4/EndlessRunnerGame/Content/StarterContent/Textures/T_CobbleStone_Smooth_N.uasset" 698
"../../../../../EDU/UE4/EndlessRunnerGame/Content/StarterContent/Materials/M_CobbleStone_Smooth.uasset" 699
"../../../../../EDU/UE4/EndlessRunnerGame/Content/StarterContent/Textures/T_Concrete_Grime_D.uasset" 700
"../../../../../EDU/UE4/EndlessRunnerGame/Content/StarterContent/Textures/T_Metal_Rust_N.uasset" 701
"../../../../../EDU/UE4/EndlessRunnerGame/Content/StarterContent/Materials/M_Concrete_Grime.uasset" 702
"../../../../../EDU/UE4/EndlessRunnerGame/Content/StarterContent/Textures/T_Concrete_Panels_D.uasset" 703
"../../../../../EDU/UE4/EndlessRunnerGame/Content/StarterContent/Textures/T_Concrete_Panels_N.uasset" 704
"../../../../../EDU/UE4/EndlessRunnerGame/Content/StarterContent/Materials/M_Concrete_Panels.uasset" 705
"../../../../../EDU/UE4/EndlessRunnerGame/Content/StarterContent/Textures/T_Concrete_Poured_D.uasset" 706
"../../../../../EDU/UE4/EndlessRunnerGame/Content/StarterContent/Textures/T_Concrete_Poured_N.uasset" 707
"../../../../../EDU/UE4/EndlessRunnerGame/Content/StarterContent/Materials/M_Concrete_Poured.uasset" 708
"../../../../../EDU/UE4/EndlessRunnerGame/Content/StarterContent/Textures/T_Concrete_Tiles_D.uasset" 709
"../../../../../EDU/UE4/EndlessRunnerGame/Content/StarterContent/Textures/T_Concrete_Tiles_M.uasset" 710
"../../../../../EDU/UE4/EndlessRunnerGame/Content/StarterContent/Textures/T_Concrete_Tiles_N.uasset" 711
"../../../../../EDU/UE4/EndlessRunnerGame/Content/StarterContent/Textures/T_Concrete_Tiles_Variation_M.uasset" 712
"../../../../../EDU/UE4/EndlessRunnerGame/Content/StarterContent/Materials/M_Concrete_Tiles.uasset" 713
"../../../../../EDU/UE4/EndlessRunnerGame/Content/StarterContent/Textures/T_Ground_Grass_D.uasset" 714
"../../../../../EDU/UE4/EndlessRunnerGame/Content/StarterContent/Textures/T_Ground_Grass_N.uasset" 715
"../../../../../EDU/UE4/EndlessRunnerGame/Content/StarterContent/Materials/M_Ground_Grass.uasset" 716
"../../../../../EDU/UE4/EndlessRunnerGame/Content/StarterContent/Textures/T_Ground_Gravel_D.uasset" 717
"../../../../../EDU/UE4/EndlessRunnerGame/Content/StarterContent/Textures/T_Ground_Gravel_N.uasset" 718
"../../../../../EDU/UE4/EndlessRunnerGame/Content/StarterContent/Materials/M_Ground_Gravel.uasset" 719
"../../../../../EDU/UE4/EndlessRunnerGame/Content/StarterContent/Textures/T_ground_Moss_D.uasset" 720
"../../../../../EDU/UE4/EndlessRunnerGame/Content/StarterContent/Textures/T_Ground_Moss_N.uasset" 721
"../../../../../EDU/UE4/EndlessRunnerGame/Content/StarterContent/Materials/M_Ground_Moss.uasset" 722
"../../../../../EDU/UE4/EndlessRunnerGame/Content/StarterContent/Materials/M_Metal_Chrome.uasset" 723
"../../../../../EDU/UE4/EndlessRunnerGame/Content/StarterContent/Textures/T_Metal_Rust_D.uasset" 724
"../../../../../EDU/UE4/EndlessRunnerGame/Content/StarterContent/Materials/M_Metal_Rust.uasset" 725
"../../../../../EDU/UE4/EndlessRunnerGame/Content/StarterContent/Textures/T_Metal_Steel_D.uasset" 726
"../../../../../EDU/UE4/EndlessRunnerGame/Content/StarterContent/Textures/T_Metal_Steel_N.uasset" 727
"../../../../../EDU/UE4/EndlessRunnerGame/Content/StarterContent/Materials/M_Metal_Steel.uasset" 728
"../../../../../EDU/UE4/EndlessRunnerGame/Content/StarterContent/Textures/T_Rock_Basalt_N.uasset" 729
"../../../../../EDU/UE4/EndlessRunnerGame/Content/StarterContent/Materials/M_Rock_Basalt.uasset" 730
"../../../../../EDU/UE4/EndlessRunnerGame/Content/StarterContent/Materials/M_Rock_Marble_Polished.uasset" 731
"../../../../../EDU/UE4/EndlessRunnerGame/Content/StarterContent/Textures/T_Rock_Sandstone_D.uasset" 732
"../../../../../EDU/UE4/EndlessRunnerGame/Content/StarterContent/Textures/T_Rock_Sandstone_N.uasset" 733
"../../../../../EDU/UE4/EndlessRunnerGame/Content/StarterContent/Materials/M_Rock_Sandstone.uasset" 734
"../../../../../EDU/UE4/EndlessRunnerGame/Content/StarterContent/Textures/T_Rock_Slate_D.uasset" 735
"../../../../../EDU/UE4/EndlessRunnerGame/Content/StarterContent/Textures/T_Rock_Slate_N.uasset" 736
"../../../../../EDU/UE4/EndlessRunnerGame/Content/StarterContent/Materials/M_Rock_Slate.uasset" 737
"../../../../../EDU/UE4/EndlessRunnerGame/Content/StarterContent/Textures/T_Checker_Noise_M.uasset" 738
"../../../../../EDU/UE4/EndlessRunnerGame/Content/StarterContent/Textures/T_Single_Tile_N.uasset" 739
"../../../../../EDU/UE4/EndlessRunnerGame/Content/StarterContent/Textures/T_Tech_Dot_M.uasset" 740
"../../../../../EDU/UE4/EndlessRunnerGame/Content/StarterContent/Textures/T_Tech_Dot_N.uasset" 741
"../../../../../EDU/UE4/EndlessRunnerGame/Content/StarterContent/Materials/M_Tech_Checker_Dot.uasset" 742
"../../../../../EDU/UE4/EndlessRunnerGame/Content/StarterContent/Textures/T_Tech_Hex_Tile_M.uasset" 743
"../../../../../EDU/UE4/EndlessRunnerGame/Content/StarterContent/Textures/T_Tech_Hex_Tile_N.uasset" 744
"../../../../../EDU/UE4/EndlessRunnerGame/Content/StarterContent/Materials/M_Tech_Hex_Tile.uasset" 745
"../../../../../EDU/UE4/EndlessRunnerGame/Content/StarterContent/Materials/M_Tech_Hex_Tile_Pulse.uasset" 746
"../../../../../EDU/UE4/EndlessRunnerGame/Content/StarterContent/Textures/T_Tech_Panel_M.uasset" 747
"../../../../../EDU/UE4/EndlessRunnerGame/Content/StarterContent/Textures/T_Tech_Panel_N.uasset" 748
"../../../../../EDU/UE4/EndlessRunnerGame/Content/StarterContent/Materials/M_Tech_Panel.uasset" 749
"../../../../../EDU/UE4/EndlessRunnerGame/Content/StarterContent/Materials/M_Water_Lake.uasset" 750
"../../../../../EDU/UE4/EndlessRunnerGame/Content/StarterContent/Textures/T_Water_M.uasset" 751
"../../../../../EDU/UE4/EndlessRunnerGame/Content/StarterContent/Materials/M_Water_Ocean.uasset" 752
"../../../../../EDU/UE4/EndlessRunnerGame/Content/StarterContent/Textures/T_Wood_Floor_Walnut_D.uasset" 753
"../../../../../EDU/UE4/EndlessRunnerGame/Content/StarterContent/Textures/T_Wood_Floor_Walnut_M.uasset" 754
"../../../../../EDU/UE4/EndlessRunnerGame/Content/StarterContent/Textures/T_Wood_Floor_Walnut_N.uasset" 755
"../../../../../EDU/UE4/EndlessRunnerGame/Content/StarterContent/Materials/M_Wood_Floor_Walnut_Polished.uasset" 756
"../../../Engine/Content/Functions/Engine_MaterialFunctions01/Opacity/AlphaOffset.uasset" 757
"../../../../../EDU/UE4/EndlessRunnerGame/Content/StarterContent/Materials/M_Wood_Floor_Walnut_Worn.uasset" 758
"../../../../../EDU/UE4/EndlessRunnerGame/Content/StarterContent/Textures/T_Wood_Oak_D.uasset" 759
"../../../../../EDU/UE4/EndlessRunnerGame/Content/StarterContent/Textures/T_Wood_Oak_N.uasset" 760
"../../../../../EDU/UE4/EndlessRunnerGame/Content/StarterContent/Materials/M_Wood_Oak.uasset" 761
"../../../../../EDU/UE4/EndlessRunnerGame/Content/StarterContent/Textures/T_Wood_Pine_D.uasset" 762
"../../../../../EDU/UE4/EndlessRunnerGame/Content/StarterContent/Textures/T_Wood_Pine_N.uasset" 763
"../../../../../EDU/UE4/EndlessRunnerGame/Content/StarterContent/Materials/M_Wood_Pine.uasset" 764
"../../../../../EDU/UE4/EndlessRunnerGame/Content/StarterContent/Textures/T_Wood_Walnut_D.uasset" 765
"../../../../../EDU/UE4/EndlessRunnerGame/Content/StarterContent/Textures/T_Wood_Walnut_N.uasset" 766
"../../../../../EDU/UE4/EndlessRunnerGame/Content/StarterContent/Materials/M_Wood_Walnut.uasset" 767
"../../../../../EDU/UE4/EndlessRunnerGame/Content/StarterContent/Architecture/Wall_400x200.uasset" 768
"../../../../../EDU/UE4/EndlessRunnerGame/Content/StarterContent/Architecture/Wall_Door_400x300.uasset" 769
"../../../../../EDU/UE4/EndlessRunnerGame/Content/StarterContent/Architecture/Wall_Window_400x300.uasset" 770
"../../../../../EDU/UE4/EndlessRunnerGame/Content/StarterContent/Audio/Collapse_Cue.uasset" 771
"../../../../../EDU/UE4/EndlessRunnerGame/Content/StarterContent/Audio/Starter_Music_Cue.uasset" 772
"../../../../../EDU/UE4/EndlessRunnerGame/Content/StarterContent/Textures/T_Dust_Particle_D.uasset" 773
"../../../../../EDU/UE4/EndlessRunnerGame/Content/StarterContent/Particles/Materials/M_Dust_Particle.uasset" 774
"../../../../../EDU/UE4/EndlessRunnerGame/Content/StarterContent/Particles/P_Ambient_Dust.uasset" 775
"../../../../../EDU/UE4/EndlessRunnerGame/Content/StarterContent/Props/MaterialSphere.uasset" 776
"../../../../../EDU/UE4/EndlessRunnerGame/Content/StarterContent/Textures/T_Frame_M.uasset" 777
"../../../../../EDU/UE4/EndlessRunnerGame/Content/StarterContent/Textures/T_Frame_N.uasset" 778
"../../../../../EDU/UE4/EndlessRunnerGame/Content/StarterContent/Props/Materials/M_Frame.uasset" 779
"../../../../../EDU/UE4/EndlessRunnerGame/Content/StarterContent/Props/SM_CornerFrame.uasset" 780
"../../../../../EDU/UE4/EndlessRunnerGame/Content/StarterContent/Props/SM_DoorFrame.uasset" 781
"../../../../../EDU/UE4/EndlessRunnerGame/Content/StarterContent/Props/SM_GlassWindow.uasset" 782
"../../../../../EDU/UE4/EndlessRunnerGame/Content/StarterContent/Props/SM_PillarFrame.uasset" 783
"../../../../../EDU/UE4/EndlessRunnerGame/Content/StarterContent/Props/SM_PillarFrame300.uasset" 784
"../../../../../EDU/UE4/EndlessRunnerGame/Content/StarterContent/Props/SM_WindowFrame.uasset" 785
"../../../../../EDU/UE4/EndlessRunnerGame/Content/StarterContent/Shapes/Shape_Cube.uasset" 786
"../../../../../EDU/UE4/EndlessRunnerGame/Content/StarterContent/Shapes/Shape_QuadPyramid.uasset" 787
"../../../../../EDU/UE4/EndlessRunnerGame/Content/StarterContent/Shapes/Shape_Sphere.uasset" 788
"../../../../../EDU/UE4/EndlessRunnerGame/Content/StarterContent/Maps/StarterMap.umap" 789
"../../../../../EDU/UE4/EndlessRunnerGame/Content/ThirdPersonBP/Maps/MenuLevel.umap" 790
"../../../Engine/Content/Maps/Entry.umap" 791
