"../../../../../EDU/Gamedev/UE4/EndlessRunnerGame 4.20/EndlessRunnerGame 4.20/Content/StarterContent/Audio/Explosion01.uasset" 0
"../../../../../EDU/Gamedev/UE4/EndlessRunnerGame 4.20/EndlessRunnerGame 4.20/Content/StarterContent/Audio/Explosion02.uasset" 1
"../../../Engine/Content/Animation/DefaultAnimCurveCompressionSettings.uasset" 2
"../../../Engine/Content/Functions/Engine_MaterialFunctions01/Opacity/CameraDepthFade.uasset" 3
"../../../Engine/Content/EngineMaterials/T_Default_Material_Grid_M.uasset" 4
"../../../Engine/Content/EngineMaterials/T_Default_Material_Grid_N.uasset" 5
"../../../Engine/Content/EngineMaterials/WorldGridMaterial.uasset" 6
"../../../Engine/Content/ArtTools/RenderToTexture/Meshes/S_1_Unit_Plane.uasset" 7
"../../../Engine/Content/EngineMaterials/DefaultMaterial.uasset" 8
"../../../Engine/Content/BasicShapes/Cone.uasset" 9
"../../../Engine/Content/BasicShapes/Cylinder.uasset" 10
"../../../Engine/Content/BasicShapes/Plane.uasset" 11
"../../../Engine/Content/BasicShapes/Sphere.uasset" 12
"../../../Engine/Content/EditorLandscapeResources/DataLayer.uasset" 13
"../../../Engine/Content/EditorMaterials/MAT_Groups_Toggle.uasset" 14
"../../../Engine/Content/EditorMaterials/MAT_Groups_Visibility.uasset" 15
"../../../Engine/Content/EditorMaterials/PreviewShadowIndicator.uasset" 16
"../../../Engine/Content/EditorMaterials/PreviewShadowIndicatorMaterial.uasset" 17
"../../../Engine/Content/EditorMaterials/MatineeGroups/MAT_ColorTrack.uasset" 18
"../../../Engine/Content/EditorMaterials/MatineeGroups/MAT_Groups_Anim.uasset" 19
"../../../Engine/Content/EditorMaterials/MatineeGroups/MAT_Groups_AudioMaster.uasset" 20
"../../../Engine/Content/EditorMaterials/MatineeGroups/MAT_Groups_Director.uasset" 21
"../../../Engine/Content/EditorMaterials/MatineeGroups/MAT_Groups_Event.uasset" 22
"../../../Engine/Content/EditorMaterials/MatineeGroups/MAT_Groups_Fade.uasset" 23
"../../../Engine/Content/EditorMaterials/MatineeGroups/MAT_Groups_Float.uasset" 24
"../../../Engine/Content/EditorMaterials/MatineeGroups/MAT_Groups_Move.uasset" 25
"../../../Engine/Content/EditorMaterials/MatineeGroups/MAT_Groups_Slomo.uasset" 26
"../../../Engine/Content/EditorMaterials/MatineeGroups/MAT_Groups_Sound.uasset" 27
"../../../Engine/Content/EditorMaterials/MatineeGroups/MAT_Groups_Vector.uasset" 28
"../../../Engine/Content/EditorMaterials/ParticleSystems/PSysThumbnail_NoImage.uasset" 29
"../../../Engine/Content/EditorMaterials/ParticleSystems/PSysThumbnail_OOD.uasset" 30
"../../../Engine/Content/EditorMaterials/Camera/CineMat.uasset" 31
"../../../Engine/Content/EditorMaterials/Camera/MI_CineMat_Rig.uasset" 32
"../../../Engine/Content/EditorMeshes/Camera/SM_CraneRig_Arm.uasset" 33
"../../../Engine/Content/EditorMeshes/Camera/SM_CraneRig_Base.uasset" 34
"../../../Engine/Content/EditorMeshes/Camera/SM_CraneRig_Body.uasset" 35
"../../../Engine/Content/EditorMeshes/Camera/SM_CraneRig_Mount.uasset" 36
"../../../Engine/Content/EditorMeshes/Camera/SM_RailRig_Mount.uasset" 37
"../../../Engine/Content/EditorMeshes/Camera/SM_RailRig_Track.uasset" 38
"../../../Engine/Content/EditorResources/BSPVertex.uasset" 39
"../../../Engine/Content/EditorResources/EmptyActor.uasset" 40
"../../../Engine/Content/EditorResources/S_Actor.uasset" 41
"../../../Engine/Content/EditorResources/S_Note.uasset" 42
"../../../Engine/Content/EditorResources/S_Solver.uasset" 43
"../../../Engine/Content/EditorResources/S_Trigger.uasset" 44
"../../../Engine/Content/EditorResources/LightIcons/S_LightError.uasset" 45
"../../../Engine/Content/EditorResources/SequenceRecorder/Countdown.uasset" 46
"../../../Engine/Content/EditorResources/SequenceRecorder/RecordingIndicator.uasset" 47
"../../../Engine/Content/EditorSounds/Notifications/CompileFailed.uasset" 48
"../../../Engine/Content/EditorSounds/Notifications/CompileFailed_Cue.uasset" 49
"../../../Engine/Content/EditorSounds/Notifications/CompileSuccess.uasset" 50
"../../../Engine/Content/EditorSounds/Notifications/CompileStart_Cue.uasset" 51
"../../../Engine/Content/EditorSounds/Notifications/CompileSuccess_Cue.uasset" 52
"../../../Engine/Content/EngineDamageTypes/DmgTypeBP_Environmental.uasset" 53
"../../../Engine/Content/EngineDebugMaterials/DebugEditorMaterial.uasset" 54
"../../../Engine/Content/EngineDebugMaterials/DebugMeshMaterial.uasset" 55
"../../../Engine/Content/EngineDebugMaterials/M_SimpleTranslucent.uasset" 56
"../../../Engine/Content/Functions/Engine_MaterialFunctions02/Utility/CameraDirectionVector.uasset" 57
"../../../Engine/Content/EngineDebugMaterials/VolumeToRender.uasset" 58
"../../../Engine/Content/EngineDebugMaterials/M_VolumeRenderSphereTracePP.uasset" 59
"../../../Engine/Content/EngineDebugMaterials/WireframeMaterial.uasset" 60
"../../../Engine/Content/EngineFonts/Faces/DroidSansFallback.uasset" 61
"../../../Engine/Content/EngineFonts/Faces/RobotoBold.uasset" 62
"../../../Engine/Content/EngineFonts/Faces/RobotoBoldItalic.uasset" 63
"../../../Engine/Content/EngineFonts/Faces/RobotoItalic.uasset" 64
"../../../Engine/Content/EngineFonts/Faces/RobotoLight.uasset" 65
"../../../Engine/Content/EngineFonts/Faces/RobotoRegular.uasset" 66
"../../../Engine/Content/EngineFonts/Roboto.uasset" 67
"../../../Engine/Content/EngineMaterials/BaseFlattenDiffuseMap.uasset" 68
"../../../Engine/Content/EngineMaterials/BaseFlattenEmissiveMap.uasset" 69
"../../../Engine/Content/EngineMaterials/BaseFlattenGrayscaleMap.uasset" 70
"../../../Engine/Content/EngineMaterials/BaseFlattenNormalMap.uasset" 71
"../../../Engine/Content/EngineMaterials/BaseFlattenMaterial.uasset" 72
"../../../Engine/Content/EngineMaterials/BlueNoise.uasset" 73
"../../../Engine/Content/EngineMaterials/DefaultBloomKernel.uasset" 74
"../../../Engine/Content/EngineMaterials/DefaultBokeh.uasset" 75
"../../../Engine/Content/EngineMaterials/DefaultDiffuse.uasset" 76
"../../../Engine/Content/EngineMaterials/DefaultDeferredDecalMaterial.uasset" 77
"../../../Engine/Content/EngineMaterials/DefaultLightFunctionMaterial.uasset" 78
"../../../Engine/Content/EngineMaterials/DefaultPhysicalMaterial.uasset" 79
"../../../Engine/Content/Functions/Engine_MaterialFunctions02/Utility/BreakOutFloat2Components.uasset" 80
"../../../Engine/Content/EngineMaterials/DefaultPostProcessMaterial.uasset" 81
"../../../Engine/Content/EngineFonts/RobotoDistanceField.uasset" 82
"../../../Engine/Content/EngineMaterials/DefaultTextMaterialOpaque.uasset" 83
"../../../Engine/Content/EngineMaterials/DefaultVirtualTextureMaterial.uasset" 84
"../../../Engine/Content/EngineMaterials/DefaultWhiteGrid.uasset" 85
"../../../Engine/Content/EngineMaterials/DefaultWhiteGrid_Low.uasset" 86
"../../../Engine/Content/EngineMaterials/EmissiveMeshMaterial.uasset" 87
"../../../Engine/Content/EngineMaterials/GizmoMaterial.uasset" 88
"../../../Engine/Content/EngineMaterials/Good64x64TilingNoiseHighFreq.uasset" 89
"../../../Engine/Content/EngineMaterials/HairDefaultMaterial.uasset" 90
"../../../Engine/Content/EngineMaterials/MiniFont.uasset" 91
"../../../Engine/Content/EngineMaterials/InvalidLightmapSettings.uasset" 92
"../../../Engine/Content/EngineMaterials/M_InvalidLightmapSettings.uasset" 93
"../../../Engine/Content/Functions/Engine_MaterialFunctions02/WorldPositionOffset/CameraOffset.uasset" 94
"../../../Engine/Content/EngineMaterials/PhAT_JointLimitMaterial.uasset" 95
"../../../Engine/Content/EngineMaterials/PreintegratedSkinBRDF.uasset" 96
"../../../Engine/Content/EngineMaterials/RemoveSurfaceMaterial.uasset" 97
"../../../Engine/Content/EngineMaterials/WeightMapPlaceholderTexture.uasset" 98
"../../../Engine/Content/EngineResources/WhiteSquareTexture.uasset" 99
"../../../Engine/Content/EngineMaterials/Widget3DPassThrough.uasset" 100
"../../../Engine/Content/EngineMaterials/Widget3DPassThrough_Masked.uasset" 101
"../../../Engine/Content/EngineMaterials/Widget3DPassThrough_Opaque.uasset" 102
"../../../Engine/Content/EngineMaterials/Widget3DPassThrough_Masked_OneSided.uasset" 103
"../../../Engine/Content/EngineMaterials/Widget3DPassThrough_Opaque_OneSided.uasset" 104
"../../../Engine/Content/EngineMaterials/Widget3DPassThrough_Translucent.uasset" 105
"../../../Engine/Content/EngineMaterials/Widget3DPassThrough_Translucent_OneSided.uasset" 106
"../../../Engine/Content/EngineMeshes/Cylinder.uasset" 107
"../../../Engine/Content/EngineMeshes/Sphere.uasset" 108
"../../../Engine/Content/EngineResources/Black.uasset" 109
"../../../Engine/Content/EngineResources/DefaultTexture.uasset" 110
"../../../Engine/Content/EngineResources/DefaultTextureCube.uasset" 111
"../../../Engine/Content/EngineResources/DefaultVolumeTexture2D.uasset" 112
"../../../Engine/Content/EngineResources/DefaultVolumeTexture.uasset" 113
"../../../Engine/Content/EngineResources/GradientTexture0.uasset" 114
"../../../Engine/Content/EngineSounds/Master.uasset" 115
"../../../Engine/Content/Functions/Engine_MaterialFunctions01/Shading/ConvertFromDiffSpec.uasset" 116
"../../../Engine/Content/Functions/Engine_MaterialFunctions01/Shading/PowerToRoughness.uasset" 117
"../../../Engine/Content/Maps/Templates/Thumbnails/Default.uasset" 118
"../../../Engine/Content/Maps/Templates/Thumbnails/VR-Basic.uasset" 119
"../../../Engine/Content/MobileResources/T_MobileControls_texture.uasset" 120
"../../../Engine/Content/MobileResources/T_MobileMenu2.uasset" 121
"../../../Engine/Content/MobileResources/HUD/AnalogHat.uasset" 122
"../../../Engine/Content/MobileResources/HUD/VirtualJoystick_Background.uasset" 123
"../../../Engine/Content/MobileResources/HUD/VirtualJoystick_Thumb.uasset" 124
"../../../Engine/Content/MobileResources/HUD/DefaultVirtualJoysticks.uasset" 125
"../../../Engine/Content/MobileResources/HUD/LeftVirtualJoystickOnly.uasset" 126
"../../../Engine/Content/MobileResources/HUD/MobileHUDButton1_off.uasset" 127
"../../../Engine/Content/MobileResources/HUD/MobileHUDButton1_on.uasset" 128
"../../../Engine/Content/MobileResources/HUD/MobileHUDButton2_off.uasset" 129
"../../../Engine/Content/MobileResources/HUD/MobileHUDButton2_on.uasset" 130
"../../../Engine/Content/MobileResources/HUD/MobileHUDButton3.uasset" 131
"../../../Engine/Content/MobileResources/HUD/MobileHUDButtonFire.uasset" 132
"../../../Engine/Content/MobileResources/HUD/MobileHUDDirectionPad.uasset" 133
"../../../Engine/Content/MobileResources/HUD/MobileHUDDirectionPad2.uasset" 134
"../../../Engine/Content/MobileResources/HUD/MobileHUDDirectionPad3.uasset" 135
"../../../Engine/Content/MobileResources/HUD/MobileHUDDirectionStick.uasset" 136
"../../../Engine/Content/MobileResources/HUD/T_Castle_ThumbstickInner.uasset" 137
"../../../Engine/Content/MobileResources/HUD/T_Castle_ThumbstickOutter.uasset" 138
"../../../Engine/Content/Tutorial/ContentIntroCurve.uasset" 139
"../../../Engine/Content/Tutorial/Basics/LevelEditorAttract.uasset" 140
"../../../Engine/Content/Tutorial/Basics/TutorialAssets/icon_tab_Levels_40x.uasset" 141
"../../../Engine/Content/Tutorial/Basics/LevelEditorOverview.uasset" 142
"../../../Engine/Content/VREditor/LaserPointer/VR_LaserPower_01.uasset" 143
"../../../Engine/Content/VREditor/TransformGizmo/TransformGizmoMaterial.uasset" 144
"../../../Engine/Content/VREditor/TransformGizmo/TranslucentTransformGizmoMaterial.uasset" 145
"../../../Engine/Content/VREditor/TransformGizmo/BoundingBoxCorner.uasset" 146
"../../../Engine/Content/VREditor/TransformGizmo/BoundingBoxEdge.uasset" 147
"../../../Engine/Content/VREditor/TransformGizmo/PlaneTranslationHandle.uasset" 148
"../../../Engine/Content/VREditor/TransformGizmo/Main.uasset" 149
"../../../Engine/Content/VREditor/TransformGizmo/Xray.uasset" 150
"../../../Engine/Content/VREditor/TransformGizmo/SM_Sequencer_Key.uasset" 151
"../../../Engine/Content/VREditor/TransformGizmo/SM_Sequencer_Node.uasset" 152
"../../Plugins/2D/Paper2D/Content/PlaceholderTextures/DummySpriteTexture.uasset" 153
"../../Plugins/2D/Paper2D/Content/DummySprite.uasset" 154
"../../Plugins/2D/Paper2D/Content/DefaultPaperTerrainMaterial.uasset" 155
"../../Plugins/2D/Paper2D/Content/DummySpriteTexture.uasset" 156
"../../Plugins/2D/Paper2D/Content/DefaultSpriteMaterial.uasset" 157
"../../Plugins/2D/Paper2D/Content/MaskedUnlitSpriteMaterial.uasset" 158
"../../Plugins/2D/Paper2D/Content/OpaqueUnlitSpriteMaterial.uasset" 159
"../../../Engine/Content/Functions/Engine_MaterialFunctions02/Utility/BreakOutFloat4Components.uasset" 160
"../../../Engine/Content/Functions/Engine_MaterialFunctions02/Utility/MakeFloat2.uasset" 161
"../../../Engine/Content/Functions/Engine_MaterialFunctions02/Utility/MakeFloat3.uasset" 162
"../../Plugins/Runtime/Oculus/OculusVR/Content/Materials/OculusMR_ChromaKey.uasset" 163
"../../Plugins/Runtime/Oculus/OculusVR/Content/Materials/OculusMR_ChromaKey_Lit.uasset" 164
"../../Plugins/Runtime/Oculus/OculusVR/Content/Materials/OculusMR_OpaqueColoredMaterial.uasset" 165
"../../Plugins/Runtime/Oculus/OculusVR/Content/Materials/OculusMR_WhiteMaterial.uasset" 166
"../../../Engine/Content/EngineMeshes/Humanoid.uasset" 167
"../../../../../EDU/Gamedev/UE4/EndlessRunnerGame 4.20/EndlessRunnerGame 4.20/Content/ThirdPersonBP/Runner_Character/jasper_Skeleton.uasset" 168
"../../../../../EDU/Gamedev/UE4/EndlessRunnerGame 4.20/EndlessRunnerGame 4.20/Content/ThirdPersonBP/Runner_Character/Animations/ThirdPersonJump_End.uasset" 169
"../../../../../EDU/Gamedev/UE4/EndlessRunnerGame 4.20/EndlessRunnerGame 4.20/Content/ThirdPersonBP/Runner_Character/Animations/ThirdPersonJump_Loop.uasset" 170
"../../../../../EDU/Gamedev/UE4/EndlessRunnerGame 4.20/EndlessRunnerGame 4.20/Content/ThirdPersonBP/Runner_Character/Animations/ThirdPersonJump_Start.uasset" 171
"../../../../../EDU/Gamedev/UE4/EndlessRunnerGame 4.20/EndlessRunnerGame 4.20/Content/ThirdPersonBP/Runner_Character/Animations/ThirdPersonIdle.uasset" 172
"../../../../../EDU/Gamedev/UE4/EndlessRunnerGame 4.20/EndlessRunnerGame 4.20/Content/ThirdPersonBP/Runner_Character/Animations/ThirdPersonRun.uasset" 173
"../../../../../EDU/Gamedev/UE4/EndlessRunnerGame 4.20/EndlessRunnerGame 4.20/Content/ThirdPersonBP/Runner_Character/Animations/ThirdPersonWalk.uasset" 174
"../../../../../EDU/Gamedev/UE4/EndlessRunnerGame 4.20/EndlessRunnerGame 4.20/Content/ThirdPersonBP/Runner_Character/Animations/ThirdPerson_IdleRun_2D.uasset" 175
"../../../../../EDU/Gamedev/UE4/EndlessRunnerGame 4.20/EndlessRunnerGame 4.20/Content/ThirdPersonBP/Runner_Character/Runner_AnimBP.uasset" 176
"../../../Engine/Content/EditorBlueprintResources/StandardMacros.uasset" 177
"../../../../../EDU/Gamedev/UE4/EndlessRunnerGame 4.20/EndlessRunnerGame 4.20/Content/Assets/Sounds/S_EffectsClass.uasset" 178
"../../../../../EDU/Gamedev/UE4/EndlessRunnerGame 4.20/EndlessRunnerGame 4.20/Content/Assets/Sounds/CoinPickup.uasset" 179
"../../../../../EDU/Gamedev/UE4/EndlessRunnerGame 4.20/EndlessRunnerGame 4.20/Content/Assets/Sounds/CoinPickup_Cue.uasset" 180
"../../../../../EDU/Gamedev/UE4/EndlessRunnerGame 4.20/EndlessRunnerGame 4.20/Content/Textures/coinTexture.uasset" 181
"../../../../../EDU/Gamedev/UE4/EndlessRunnerGame 4.20/EndlessRunnerGame 4.20/Content/Materials/M_Coin2.uasset" 182
"../../../../../EDU/Gamedev/UE4/EndlessRunnerGame 4.20/EndlessRunnerGame 4.20/Content/ThirdPersonBP/Meshes/coin.uasset" 183
"../../../../../EDU/Gamedev/UE4/EndlessRunnerGame 4.20/EndlessRunnerGame 4.20/Content/ThirdPersonBP/Blueprints/BP_Coin.uasset" 184
"../../../../../EDU/Gamedev/UE4/EndlessRunnerGame 4.20/EndlessRunnerGame 4.20/Content/Textures/Car_10.uasset" 185
"../../../../../EDU/Gamedev/UE4/EndlessRunnerGame 4.20/EndlessRunnerGame 4.20/Content/Materials/Car_10_Mat.uasset" 186
"../../../../../EDU/Gamedev/UE4/EndlessRunnerGame 4.20/EndlessRunnerGame 4.20/Content/ThirdPersonBP/Meshes/Bus_10.uasset" 187
"../../../../../EDU/Gamedev/UE4/EndlessRunnerGame 4.20/EndlessRunnerGame 4.20/Content/Textures/Car_11.uasset" 188
"../../../../../EDU/Gamedev/UE4/EndlessRunnerGame 4.20/EndlessRunnerGame 4.20/Content/Materials/Car_10_Mat_Inst.uasset" 189
"../../../../../EDU/Gamedev/UE4/EndlessRunnerGame 4.20/EndlessRunnerGame 4.20/Content/ThirdPersonBP/Meshes/Bus_11.uasset" 190
"../../../../../EDU/Gamedev/UE4/EndlessRunnerGame 4.20/EndlessRunnerGame 4.20/Content/Textures/Car_12.uasset" 191
"../../../../../EDU/Gamedev/UE4/EndlessRunnerGame 4.20/EndlessRunnerGame 4.20/Content/Materials/Car_10_Mat_Inst1.uasset" 192
"../../../../../EDU/Gamedev/UE4/EndlessRunnerGame 4.20/EndlessRunnerGame 4.20/Content/ThirdPersonBP/Meshes/Bus_12.uasset" 193
"../../../../../EDU/Gamedev/UE4/EndlessRunnerGame 4.20/EndlessRunnerGame 4.20/Content/ThirdPersonBP/Blueprints/BP_BlockerBus.uasset" 194
"../../../../../EDU/Gamedev/UE4/EndlessRunnerGame 4.20/EndlessRunnerGame 4.20/Content/Textures/Car_01.uasset" 195
"../../../../../EDU/Gamedev/UE4/EndlessRunnerGame 4.20/EndlessRunnerGame 4.20/Content/Materials/Car_01_Mat.uasset" 196
"../../../../../EDU/Gamedev/UE4/EndlessRunnerGame 4.20/EndlessRunnerGame 4.20/Content/ThirdPersonBP/Meshes/Car_01.uasset" 197
"../../../../../EDU/Gamedev/UE4/EndlessRunnerGame 4.20/EndlessRunnerGame 4.20/Content/Textures/Car_02.uasset" 198
"../../../../../EDU/Gamedev/UE4/EndlessRunnerGame 4.20/EndlessRunnerGame 4.20/Content/Materials/Car_02_Mat.uasset" 199
"../../../../../EDU/Gamedev/UE4/EndlessRunnerGame 4.20/EndlessRunnerGame 4.20/Content/ThirdPersonBP/Meshes/Car_02.uasset" 200
"../../../../../EDU/Gamedev/UE4/EndlessRunnerGame 4.20/EndlessRunnerGame 4.20/Content/Textures/Car_03.uasset" 201
"../../../../../EDU/Gamedev/UE4/EndlessRunnerGame 4.20/EndlessRunnerGame 4.20/Content/Materials/Car_03_Mat.uasset" 202
"../../../../../EDU/Gamedev/UE4/EndlessRunnerGame 4.20/EndlessRunnerGame 4.20/Content/ThirdPersonBP/Meshes/Car_03.uasset" 203
"../../../../../EDU/Gamedev/UE4/EndlessRunnerGame 4.20/EndlessRunnerGame 4.20/Content/Textures/Car_07.uasset" 204
"../../../../../EDU/Gamedev/UE4/EndlessRunnerGame 4.20/EndlessRunnerGame 4.20/Content/Materials/Car_07_Mat.uasset" 205
"../../../../../EDU/Gamedev/UE4/EndlessRunnerGame 4.20/EndlessRunnerGame 4.20/Content/ThirdPersonBP/Meshes/Car_07.uasset" 206
"../../../../../EDU/Gamedev/UE4/EndlessRunnerGame 4.20/EndlessRunnerGame 4.20/Content/Textures/Car_08.uasset" 207
"../../../../../EDU/Gamedev/UE4/EndlessRunnerGame 4.20/EndlessRunnerGame 4.20/Content/Materials/Car_08_Mat.uasset" 208
"../../../../../EDU/Gamedev/UE4/EndlessRunnerGame 4.20/EndlessRunnerGame 4.20/Content/ThirdPersonBP/Meshes/Car_08.uasset" 209
"../../../../../EDU/Gamedev/UE4/EndlessRunnerGame 4.20/EndlessRunnerGame 4.20/Content/Textures/Car_09.uasset" 210
"../../../../../EDU/Gamedev/UE4/EndlessRunnerGame 4.20/EndlessRunnerGame 4.20/Content/Materials/Car_09_Mat.uasset" 211
"../../../../../EDU/Gamedev/UE4/EndlessRunnerGame 4.20/EndlessRunnerGame 4.20/Content/ThirdPersonBP/Meshes/Car_09.uasset" 212
"../../../../../EDU/Gamedev/UE4/EndlessRunnerGame 4.20/EndlessRunnerGame 4.20/Content/ThirdPersonBP/Blueprints/BP_BlockerCar.uasset" 213
"../../../../../EDU/Gamedev/UE4/EndlessRunnerGame 4.20/EndlessRunnerGame 4.20/Content/Assets/Sounds/PowerUpPickup.uasset" 214
"../../../../../EDU/Gamedev/UE4/EndlessRunnerGame 4.20/EndlessRunnerGame 4.20/Content/Assets/Sounds/PowerUpPickup_Cue.uasset" 215
"../../../../../EDU/Gamedev/UE4/EndlessRunnerGame 4.20/EndlessRunnerGame 4.20/Content/Materials/mag.uasset" 216
"../../../Engine/Content/TemplateResources/M_Template_Master.uasset" 217
"../../../Engine/Content/TemplateResources/MI_Template_BaseBlue_Metal.uasset" 218
"../../../Engine/Content/TemplateResources/MI_Template_BaseGray_02_Metal.uasset" 219
"../../../../../EDU/Gamedev/UE4/EndlessRunnerGame 4.20/EndlessRunnerGame 4.20/Content/ThirdPersonBP/Meshes/jetpack.uasset" 220
"../../../../../EDU/Gamedev/UE4/EndlessRunnerGame 4.20/EndlessRunnerGame 4.20/Content/ThirdPersonBP/Blueprints/BP_Jetpack.uasset" 221
"../../../../../EDU/Gamedev/UE4/EndlessRunnerGame 4.20/EndlessRunnerGame 4.20/Content/Materials/M_BinaDoor.uasset" 222
"../../../../../EDU/Gamedev/UE4/EndlessRunnerGame 4.20/EndlessRunnerGame 4.20/Content/Materials/ns.uasset" 223
"../../../../../EDU/Gamedev/UE4/EndlessRunnerGame 4.20/EndlessRunnerGame 4.20/Content/ThirdPersonBP/Meshes/jumper.uasset" 224
"../../../../../EDU/Gamedev/UE4/EndlessRunnerGame 4.20/EndlessRunnerGame 4.20/Content/ThirdPersonBP/Blueprints/BP_Jumper.uasset" 225
"../../../../../EDU/Gamedev/UE4/EndlessRunnerGame 4.20/EndlessRunnerGame 4.20/Content/ThirdPersonBP/Meshes/magnet.uasset" 226
"../../../../../EDU/Gamedev/UE4/EndlessRunnerGame 4.20/EndlessRunnerGame 4.20/Content/ThirdPersonBP/Blueprints/BP_Magnet.uasset" 227
"../../../../../EDU/Gamedev/UE4/EndlessRunnerGame 4.20/EndlessRunnerGame 4.20/Content/Materials/M_Multiplier.uasset" 228
"../../../../../EDU/Gamedev/UE4/EndlessRunnerGame 4.20/EndlessRunnerGame 4.20/Content/ThirdPersonBP/Meshes/multiplier.uasset" 229
"../../../../../EDU/Gamedev/UE4/EndlessRunnerGame 4.20/EndlessRunnerGame 4.20/Content/ThirdPersonBP/Blueprints/BP_MultiItem.uasset" 230
"../../../Engine/Content/BasicShapes/Cube.uasset" 231
"../../../../../EDU/Gamedev/UE4/EndlessRunnerGame 4.20/EndlessRunnerGame 4.20/Content/Geometry/Curve2.uasset" 232
"../../../../../EDU/Gamedev/UE4/EndlessRunnerGame 4.20/EndlessRunnerGame 4.20/Content/ThirdPersonBP/CurrentDirection.uasset" 233
"../../../../../EDU/Gamedev/UE4/EndlessRunnerGame 4.20/EndlessRunnerGame 4.20/Content/ThirdPersonBP/Blueprints/BP_Fork.uasset" 234
"../../../../../EDU/Gamedev/UE4/EndlessRunnerGame 4.20/EndlessRunnerGame 4.20/Content/Assets/Sounds/S_MusicClass.uasset" 235
"../../../../../EDU/Gamedev/UE4/EndlessRunnerGame 4.20/EndlessRunnerGame 4.20/Content/Assets/Sounds/S_VolumeMix.uasset" 236
"../../../../../EDU/Gamedev/UE4/EndlessRunnerGame 4.20/EndlessRunnerGame 4.20/Content/ThirdPersonBP/Blueprints/RunGameInstance.uasset" 237
"../../../../../EDU/Gamedev/UE4/EndlessRunnerGame 4.20/EndlessRunnerGame 4.20/Content/ThirdPersonBP/ShopData.uasset" 238
"../../../../../EDU/Gamedev/UE4/EndlessRunnerGame 4.20/EndlessRunnerGame 4.20/Content/ThirdPersonBP/Blueprints/RunSaveGame.uasset" 239
"../../../../../EDU/Gamedev/UE4/EndlessRunnerGame 4.20/EndlessRunnerGame 4.20/Content/Assets/Sounds/GameMusic.uasset" 240
"../../../../../EDU/Gamedev/UE4/EndlessRunnerGame 4.20/EndlessRunnerGame 4.20/Content/Assets/Sounds/GameMusic_Cue.uasset" 241
"../../../../../EDU/Gamedev/UE4/EndlessRunnerGame 4.20/EndlessRunnerGame 4.20/Content/Assets/Sounds/MenuMusic.uasset" 242
"../../../../../EDU/Gamedev/UE4/EndlessRunnerGame 4.20/EndlessRunnerGame 4.20/Content/Assets/Sounds/MenuMusic_Cue.uasset" 243
"../../../../../EDU/Gamedev/UE4/EndlessRunnerGame 4.20/EndlessRunnerGame 4.20/Content/ThirdPersonBP/UMG/Assets/Button.uasset" 244
"../../../../../EDU/Gamedev/UE4/EndlessRunnerGame 4.20/EndlessRunnerGame 4.20/Content/ThirdPersonBP/UMG/Assets/HoveredButton.uasset" 245
"../../../../../EDU/Gamedev/UE4/EndlessRunnerGame 4.20/EndlessRunnerGame 4.20/Content/ThirdPersonBP/UMG/Assets/PauseBackground.uasset" 246
"../../../../../EDU/Gamedev/UE4/EndlessRunnerGame 4.20/EndlessRunnerGame 4.20/Content/ThirdPersonBP/UMG/AudioOptions.uasset" 247
"../../../../../EDU/Gamedev/UE4/EndlessRunnerGame 4.20/EndlessRunnerGame 4.20/Content/ThirdPersonBP/UMG/ControlOptions.uasset" 248
"../../../../../EDU/Gamedev/UE4/EndlessRunnerGame 4.20/EndlessRunnerGame 4.20/Content/ThirdPersonBP/SettingsData.uasset" 249
"../../../../../EDU/Gamedev/UE4/EndlessRunnerGame 4.20/EndlessRunnerGame 4.20/Content/ThirdPersonBP/UMG/PauseMenu.uasset" 250
"../../../../../EDU/Gamedev/UE4/EndlessRunnerGame 4.20/EndlessRunnerGame 4.20/Content/ThirdPersonBP/UMG/RunHUD.uasset" 251
"../../../../../EDU/Gamedev/UE4/EndlessRunnerGame 4.20/EndlessRunnerGame 4.20/Content/ThirdPersonBP/UMG/GraphicsOptions.uasset" 252
"../../../../../EDU/Gamedev/UE4/EndlessRunnerGame 4.20/EndlessRunnerGame 4.20/Content/ThirdPersonBP/UMG/OptionsMenu.uasset" 253
"../../../../../EDU/Gamedev/UE4/EndlessRunnerGame 4.20/EndlessRunnerGame 4.20/Content/ThirdPersonBP/UMG/Assets/EmptyBar.uasset" 254
"../../../../../EDU/Gamedev/UE4/EndlessRunnerGame 4.20/EndlessRunnerGame 4.20/Content/ThirdPersonBP/UMG/Assets/FullBar.uasset" 255
"../../../../../EDU/Gamedev/UE4/EndlessRunnerGame 4.20/EndlessRunnerGame 4.20/Content/ThirdPersonBP/UMG/Shop.uasset" 256
"../../../../../EDU/Gamedev/UE4/EndlessRunnerGame 4.20/EndlessRunnerGame 4.20/Content/ThirdPersonBP/UMG/MainMenu.uasset" 257
"../../../../../EDU/Gamedev/UE4/EndlessRunnerGame 4.20/EndlessRunnerGame 4.20/Content/ThirdPersonBP/Blueprints/RunGameMode.uasset" 258
"../../../../../EDU/Gamedev/UE4/EndlessRunnerGame 4.20/EndlessRunnerGame 4.20/Content/Textures/binatexture2.uasset" 259
"../../../../../EDU/Gamedev/UE4/EndlessRunnerGame 4.20/EndlessRunnerGame 4.20/Content/Materials/M_Bina.uasset" 260
"../../../../../EDU/Gamedev/UE4/EndlessRunnerGame 4.20/EndlessRunnerGame 4.20/Content/Textures/Road3Lanes3.uasset" 261
"../../../../../EDU/Gamedev/UE4/EndlessRunnerGame 4.20/EndlessRunnerGame 4.20/Content/Textures/Road3Lanes3_N.uasset" 262
"../../../../../EDU/Gamedev/UE4/EndlessRunnerGame 4.20/EndlessRunnerGame 4.20/Content/Materials/M_Road.uasset" 263
"../../../../../EDU/Gamedev/UE4/EndlessRunnerGame 4.20/EndlessRunnerGame 4.20/Content/Textures/T_Sidewalk.uasset" 264
"../../../../../EDU/Gamedev/UE4/EndlessRunnerGame 4.20/EndlessRunnerGame 4.20/Content/Materials/M_Sidewalk.uasset" 265
"../../../../../EDU/Gamedev/UE4/EndlessRunnerGame 4.20/EndlessRunnerGame 4.20/Content/Geometry/Box_Brush_StaticMesh.uasset" 266
"../../../../../EDU/Gamedev/UE4/EndlessRunnerGame 4.20/EndlessRunnerGame 4.20/Content/Materials/M_Windows.uasset" 267
"../../../../../EDU/Gamedev/UE4/EndlessRunnerGame 4.20/EndlessRunnerGame 4.20/Content/ThirdPersonBP/Meshes/bina.uasset" 268
"../../../../../EDU/Gamedev/UE4/EndlessRunnerGame 4.20/EndlessRunnerGame 4.20/Content/ThirdPersonBP/Meshes/bina3kat.uasset" 269
"../../../../../EDU/Gamedev/UE4/EndlessRunnerGame 4.20/EndlessRunnerGame 4.20/Content/ThirdPersonBP/Meshes/bina5kat.uasset" 270
"../../../../../EDU/Gamedev/UE4/EndlessRunnerGame 4.20/EndlessRunnerGame 4.20/Content/ThirdPersonBP/Blueprints/BP_FloorTile.uasset" 271
"../../../../../EDU/Gamedev/UE4/EndlessRunnerGame 4.20/EndlessRunnerGame 4.20/Content/ThirdPersonBP/Blueprints/BP_MenuCamera.uasset" 272
"../../../../../EDU/Gamedev/UE4/EndlessRunnerGame 4.20/EndlessRunnerGame 4.20/Content/Textures/rocketsTex.uasset" 273
"../../../../../EDU/Gamedev/UE4/EndlessRunnerGame 4.20/EndlessRunnerGame 4.20/Content/Materials/M_Rockets.uasset" 274
"../../../Engine/Content/Functions/Engine_MaterialFunctions01/Density/ExponentialDensity.uasset" 275
"../../../Engine/Content/Functions/Engine_MaterialFunctions01/Gradient/RadialGradientExponential.uasset" 276
"../../../../../EDU/Gamedev/UE4/EndlessRunnerGame 4.20/EndlessRunnerGame 4.20/Content/Materials/M_Coin1.uasset" 277
"../../../../../EDU/Gamedev/UE4/EndlessRunnerGame 4.20/EndlessRunnerGame 4.20/Content/Assets/JetpackFire.uasset" 278
"../../../../../EDU/Gamedev/UE4/EndlessRunnerGame 4.20/EndlessRunnerGame 4.20/Content/StarterContent/Audio/Explosion_Cue.uasset" 279
"../../../../../EDU/Gamedev/UE4/EndlessRunnerGame 4.20/EndlessRunnerGame 4.20/Content/StarterContent/Textures/T_Burst_M.uasset" 280
"../../../../../EDU/Gamedev/UE4/EndlessRunnerGame 4.20/EndlessRunnerGame 4.20/Content/StarterContent/Particles/Materials/M_Burst.uasset" 281
"../../../../../EDU/Gamedev/UE4/EndlessRunnerGame 4.20/EndlessRunnerGame 4.20/Content/StarterContent/Textures/T_Explosion_SubUV.uasset" 282
"../../../../../EDU/Gamedev/UE4/EndlessRunnerGame 4.20/EndlessRunnerGame 4.20/Content/StarterContent/Particles/Materials/M_explosion_subUV.uasset" 283
"../../../../../EDU/Gamedev/UE4/EndlessRunnerGame 4.20/EndlessRunnerGame 4.20/Content/StarterContent/Particles/Materials/m_flare_01.uasset" 284
"../../../Engine/Content/Functions/Engine_MaterialFunctions01/Gradient/RadialGradient.uasset" 285
"../../../../../EDU/Gamedev/UE4/EndlessRunnerGame 4.20/EndlessRunnerGame 4.20/Content/StarterContent/Particles/Materials/M_radial_ramp.uasset" 286
"../../../../../EDU/Gamedev/UE4/EndlessRunnerGame 4.20/EndlessRunnerGame 4.20/Content/StarterContent/Textures/T_Smoke_SubUV.uasset" 287
"../../../../../EDU/Gamedev/UE4/EndlessRunnerGame 4.20/EndlessRunnerGame 4.20/Content/StarterContent/Textures/T_Smoke_Tiled_D.uasset" 288
"../../../../../EDU/Gamedev/UE4/EndlessRunnerGame 4.20/EndlessRunnerGame 4.20/Content/StarterContent/Particles/Materials/M_smoke_subUV.uasset" 289
"../../../../../EDU/Gamedev/UE4/EndlessRunnerGame 4.20/EndlessRunnerGame 4.20/Content/StarterContent/Particles/P_Explosion.uasset" 290
"../../../../../EDU/Gamedev/UE4/EndlessRunnerGame 4.20/EndlessRunnerGame 4.20/Content/ThirdPersonBP/Runner_Character/Jasper_Body_Diffuse.uasset" 291
"../../../../../EDU/Gamedev/UE4/EndlessRunnerGame 4.20/EndlessRunnerGame 4.20/Content/ThirdPersonBP/Runner_Character/Jasper_Body_Gloss.uasset" 292
"../../../../../EDU/Gamedev/UE4/EndlessRunnerGame 4.20/EndlessRunnerGame 4.20/Content/ThirdPersonBP/Runner_Character/Jasper_Body_Normal.uasset" 293
"../../../../../EDU/Gamedev/UE4/EndlessRunnerGame 4.20/EndlessRunnerGame 4.20/Content/ThirdPersonBP/Runner_Character/Jasper_Body_Opacity.uasset" 294
"../../../../../EDU/Gamedev/UE4/EndlessRunnerGame 4.20/EndlessRunnerGame 4.20/Content/ThirdPersonBP/Runner_Character/Jasper_Body_Specular.uasset" 295
"../../../../../EDU/Gamedev/UE4/EndlessRunnerGame 4.20/EndlessRunnerGame 4.20/Content/ThirdPersonBP/Runner_Character/Bodymat.uasset" 296
"../../../../../EDU/Gamedev/UE4/EndlessRunnerGame 4.20/EndlessRunnerGame 4.20/Content/ThirdPersonBP/Runner_Character/Jasper_Bottom_Diffuse.uasset" 297
"../../../../../EDU/Gamedev/UE4/EndlessRunnerGame 4.20/EndlessRunnerGame 4.20/Content/ThirdPersonBP/Runner_Character/Jasper_Bottom_Gloss.uasset" 298
"../../../../../EDU/Gamedev/UE4/EndlessRunnerGame 4.20/EndlessRunnerGame 4.20/Content/ThirdPersonBP/Runner_Character/Jasper_Bottom_Normal.uasset" 299
"../../../../../EDU/Gamedev/UE4/EndlessRunnerGame 4.20/EndlessRunnerGame 4.20/Content/ThirdPersonBP/Runner_Character/Jasper_Bottom_Opacity.uasset" 300
"../../../../../EDU/Gamedev/UE4/EndlessRunnerGame 4.20/EndlessRunnerGame 4.20/Content/ThirdPersonBP/Runner_Character/Jasper_Bottom_Specular.uasset" 301
"../../../../../EDU/Gamedev/UE4/EndlessRunnerGame 4.20/EndlessRunnerGame 4.20/Content/ThirdPersonBP/Runner_Character/Bottommat.uasset" 302
"../../../../../EDU/Gamedev/UE4/EndlessRunnerGame 4.20/EndlessRunnerGame 4.20/Content/ThirdPersonBP/Runner_Character/Jasper_Hair_Diffuse.uasset" 303
"../../../../../EDU/Gamedev/UE4/EndlessRunnerGame 4.20/EndlessRunnerGame 4.20/Content/ThirdPersonBP/Runner_Character/Jasper_Hair_Gloss.uasset" 304
"../../../../../EDU/Gamedev/UE4/EndlessRunnerGame 4.20/EndlessRunnerGame 4.20/Content/ThirdPersonBP/Runner_Character/Jasper_Hair_Normal.uasset" 305
"../../../../../EDU/Gamedev/UE4/EndlessRunnerGame 4.20/EndlessRunnerGame 4.20/Content/ThirdPersonBP/Runner_Character/Jasper_Hair_Opacity.uasset" 306
"../../../../../EDU/Gamedev/UE4/EndlessRunnerGame 4.20/EndlessRunnerGame 4.20/Content/ThirdPersonBP/Runner_Character/Jasper_Hair_Specular.uasset" 307
"../../../../../EDU/Gamedev/UE4/EndlessRunnerGame 4.20/EndlessRunnerGame 4.20/Content/ThirdPersonBP/Runner_Character/Hairmat.uasset" 308
"../../../../../EDU/Gamedev/UE4/EndlessRunnerGame 4.20/EndlessRunnerGame 4.20/Content/ThirdPersonBP/Runner_Character/Jasper_Shoes_Diffuse.uasset" 309
"../../../../../EDU/Gamedev/UE4/EndlessRunnerGame 4.20/EndlessRunnerGame 4.20/Content/ThirdPersonBP/Runner_Character/Jasper_Shoes_Gloss.uasset" 310
"../../../../../EDU/Gamedev/UE4/EndlessRunnerGame 4.20/EndlessRunnerGame 4.20/Content/ThirdPersonBP/Runner_Character/Jasper_Shoes_Normal.uasset" 311
"../../../../../EDU/Gamedev/UE4/EndlessRunnerGame 4.20/EndlessRunnerGame 4.20/Content/ThirdPersonBP/Runner_Character/Jasper_Shoes_Opacity.uasset" 312
"../../../../../EDU/Gamedev/UE4/EndlessRunnerGame 4.20/EndlessRunnerGame 4.20/Content/ThirdPersonBP/Runner_Character/Jasper_Shoes_Specular.uasset" 313
"../../../../../EDU/Gamedev/UE4/EndlessRunnerGame 4.20/EndlessRunnerGame 4.20/Content/ThirdPersonBP/Runner_Character/Shoesmat.uasset" 314
"../../../../../EDU/Gamedev/UE4/EndlessRunnerGame 4.20/EndlessRunnerGame 4.20/Content/ThirdPersonBP/Runner_Character/Jasper_Top_Diffuse.uasset" 315
"../../../../../EDU/Gamedev/UE4/EndlessRunnerGame 4.20/EndlessRunnerGame 4.20/Content/ThirdPersonBP/Runner_Character/Jasper_Top_Gloss.uasset" 316
"../../../../../EDU/Gamedev/UE4/EndlessRunnerGame 4.20/EndlessRunnerGame 4.20/Content/ThirdPersonBP/Runner_Character/Jasper_Top_Normal.uasset" 317
"../../../../../EDU/Gamedev/UE4/EndlessRunnerGame 4.20/EndlessRunnerGame 4.20/Content/ThirdPersonBP/Runner_Character/Jasper_Top_Opacity.uasset" 318
"../../../../../EDU/Gamedev/UE4/EndlessRunnerGame 4.20/EndlessRunnerGame 4.20/Content/ThirdPersonBP/Runner_Character/Jasper_Top_Specular.uasset" 319
"../../../../../EDU/Gamedev/UE4/EndlessRunnerGame 4.20/EndlessRunnerGame 4.20/Content/ThirdPersonBP/Runner_Character/Topmat.uasset" 320
"../../../../../EDU/Gamedev/UE4/EndlessRunnerGame 4.20/EndlessRunnerGame 4.20/Content/ThirdPersonBP/Runner_Character/jasper_PhysicsAsset.uasset" 321
"../../../../../EDU/Gamedev/UE4/EndlessRunnerGame 4.20/EndlessRunnerGame 4.20/Content/ThirdPersonBP/Runner_Character/jasper.uasset" 322
"../../../../../EDU/Gamedev/UE4/EndlessRunnerGame 4.20/EndlessRunnerGame 4.20/Content/ThirdPersonBP/UMG/DeathScreen.uasset" 323
"../../../../../EDU/Gamedev/UE4/EndlessRunnerGame 4.20/EndlessRunnerGame 4.20/Content/ThirdPersonBP/Blueprints/RunCharacter.uasset" 324
"../../../Engine/Content/EngineSky/C_Sky_Cloud_Color.uasset" 325
"../../../Engine/Content/EngineSky/C_Sky_Horizon_Color.uasset" 326
"../../../Engine/Content/EngineSky/C_Sky_Zenith_Color.uasset" 327
"../../../Engine/Content/EngineSky/T_Sky_Blue.uasset" 328
"../../../Engine/Content/EngineSky/T_Sky_Clouds_M.uasset" 329
"../../../Engine/Content/EngineSky/T_Sky_Stars.uasset" 330
"../../../Engine/Content/EngineSky/M_Sky_Panning_Clouds2.uasset" 331
"../../../Engine/Content/EngineSky/SM_SkySphere.uasset" 332
"../../../Engine/Content/EngineSky/BP_Sky_Sphere.uasset" 333
"../../../../../EDU/Gamedev/UE4/EndlessRunnerGame 4.20/EndlessRunnerGame 4.20/Content/ThirdPersonBP/Blueprints/BP_StartTiles.uasset" 334
"../../../../../EDU/Gamedev/UE4/EndlessRunnerGame 4.20/EndlessRunnerGame 4.20/Content/Levels/RunLevel_BuiltData.uasset" 335
"../../../../../EDU/Gamedev/UE4/EndlessRunnerGame 4.20/EndlessRunnerGame 4.20/Content/Levels/RunLevel.umap" 336
"../../../Engine/Content/Maps/Entry_BuiltData.uasset" 337
"../../../Engine/Content/Maps/Entry.umap" 338
