"../../../../../EDU/UE4/EndlessRunnerGame/Content/StarterContent/Audio/Collapse01.uasset" 0
"../../../../../EDU/UE4/EndlessRunnerGame/Content/StarterContent/Audio/Collapse02.uasset" 1
"../../../../../EDU/UE4/EndlessRunnerGame/Content/StarterContent/Audio/Explosion01.uasset" 2
"../../../../../EDU/UE4/EndlessRunnerGame/Content/StarterContent/Audio/Explosion02.uasset" 3
"../../../../../EDU/UE4/EndlessRunnerGame/Content/StarterContent/Audio/Fire01.uasset" 4
"../../../../../EDU/UE4/EndlessRunnerGame/Content/StarterContent/Audio/Fire_Sparks01.uasset" 5
"../../../../../EDU/UE4/EndlessRunnerGame/Content/StarterContent/Audio/Smoke01.uasset" 6
"../../../../../EDU/UE4/EndlessRunnerGame/Content/StarterContent/Audio/Starter_Birds01.uasset" 7
"../../../../../EDU/UE4/EndlessRunnerGame/Content/StarterContent/Audio/Starter_Music01.uasset" 8
"../../../../../EDU/UE4/EndlessRunnerGame/Content/StarterContent/Audio/Starter_Wind05.uasset" 9
"../../../../../EDU/UE4/EndlessRunnerGame/Content/StarterContent/Audio/Starter_Wind06.uasset" 10
"../../../../../EDU/UE4/EndlessRunnerGame/Content/StarterContent/Audio/Steam01.uasset" 11
"../../../Engine/Content/Functions/Engine_MaterialFunctions01/Opacity/CameraDepthFade.uasset" 12
"../../../Engine/Content/EngineMaterials/T_Default_Material_Grid_M.uasset" 13
"../../../Engine/Content/EngineMaterials/T_Default_Material_Grid_N.uasset" 14
"../../../Engine/Content/EngineMaterials/DefaultMaterial.uasset" 15
"../../../Engine/Content/BasicShapes/Cone.uasset" 16
"../../../Engine/Content/EngineMaterials/WorldGridMaterial.uasset" 17
"../../../Engine/Content/BasicShapes/Plane.uasset" 18
"../../../Engine/Content/BasicShapes/Sphere.uasset" 19
"../../../Engine/Content/EditorLandscapeResources/DataLayer.uasset" 20
"../../../Engine/Content/EditorMaterials/GizmoMaterial.uasset" 21
"../../../Engine/Content/EditorMaterials/MAT_Groups_Toggle.uasset" 22
"../../../Engine/Content/EditorMaterials/MAT_Groups_Visibility.uasset" 23
"../../../Engine/Content/EditorMaterials/PreviewShadowIndicator.uasset" 24
"../../../Engine/Content/EditorMaterials/PreviewShadowIndicatorMaterial.uasset" 25
"../../../Engine/Content/EditorMaterials/MatineeGroups/MAT_ColorTrack.uasset" 26
"../../../Engine/Content/EditorMaterials/MatineeGroups/MAT_Groups_Anim.uasset" 27
"../../../Engine/Content/EditorMaterials/MatineeGroups/MAT_Groups_AudioMaster.uasset" 28
"../../../Engine/Content/EditorMaterials/MatineeGroups/MAT_Groups_Director.uasset" 29
"../../../Engine/Content/EditorMaterials/MatineeGroups/MAT_Groups_Event.uasset" 30
"../../../Engine/Content/EditorMaterials/MatineeGroups/MAT_Groups_Fade.uasset" 31
"../../../Engine/Content/EditorMaterials/MatineeGroups/MAT_Groups_Float.uasset" 32
"../../../Engine/Content/EditorMaterials/MatineeGroups/MAT_Groups_Move.uasset" 33
"../../../Engine/Content/EditorMaterials/MatineeGroups/MAT_Groups_Slomo.uasset" 34
"../../../Engine/Content/EditorMaterials/MatineeGroups/MAT_Groups_Sound.uasset" 35
"../../../Engine/Content/EditorMaterials/MatineeGroups/MAT_Groups_Vector.uasset" 36
"../../../Engine/Content/EditorMaterials/ParticleSystems/PSysThumbnail_NoImage.uasset" 37
"../../../Engine/Content/EditorMaterials/ParticleSystems/PSysThumbnail_OOD.uasset" 38
"../../../Engine/Content/EditorMaterials/Camera/CineMat.uasset" 39
"../../../Engine/Content/EditorMaterials/Camera/MI_CineMat_Rig.uasset" 40
"../../../Engine/Content/EditorMeshes/Camera/SM_CraneRig_Arm.uasset" 41
"../../../Engine/Content/EditorMeshes/Camera/SM_CraneRig_Base.uasset" 42
"../../../Engine/Content/EditorMeshes/Camera/SM_CraneRig_Body.uasset" 43
"../../../Engine/Content/EditorMeshes/Camera/SM_CraneRig_Mount.uasset" 44
"../../../Engine/Content/EditorMeshes/Camera/SM_RailRig_Mount.uasset" 45
"../../../Engine/Content/EditorMeshes/Camera/SM_RailRig_Track.uasset" 46
"../../../Engine/Content/EditorResources/BSPVertex.uasset" 47
"../../../Engine/Content/EditorResources/EmptyActor.uasset" 48
"../../../Engine/Content/EditorResources/S_Actor.uasset" 49
"../../../Engine/Content/EditorResources/S_Trigger.uasset" 50
"../../../Engine/Content/EditorResources/AudioIcons/S_AudioComponent.uasset" 51
"../../../Engine/Content/EditorResources/AudioIcons/S_AudioComponent_AutoActivate.uasset" 52
"../../../Engine/Content/EditorResources/LightIcons/S_LightError.uasset" 53
"../../../Engine/Content/EditorResources/SequenceRecorder/Countdown.uasset" 54
"../../../Engine/Content/EditorResources/SequenceRecorder/RecordingIndicator.uasset" 55
"../../../Engine/Content/EditorSounds/Notifications/CompileFailed.uasset" 56
"../../../Engine/Content/EditorSounds/Notifications/CompileFailed_Cue.uasset" 57
"../../../Engine/Content/EditorSounds/Notifications/CompileSuccess.uasset" 58
"../../../Engine/Content/EditorSounds/Notifications/CompileStart_Cue.uasset" 59
"../../../Engine/Content/EditorSounds/Notifications/CompileSuccess_Cue.uasset" 60
"../../../Engine/Content/EngineDamageTypes/DmgTypeBP_Environmental.uasset" 61
"../../../Engine/Content/EngineDebugMaterials/HeatmapGradient.uasset" 62
"../../../Engine/Content/EngineDebugMaterials/BoneWeightMaterial.uasset" 63
"../../../Engine/Content/EngineDebugMaterials/ClothMaterial.uasset" 64
"../../../Engine/Content/EngineDebugMaterials/ClothMaterial_WF.uasset" 65
"../../../Engine/Content/EngineDebugMaterials/DebugEditorMaterial.uasset" 66
"../../../Engine/Content/EngineDebugMaterials/DebugMeshMaterial.uasset" 67
"../../../Engine/Content/EngineDebugMaterials/GeomMaterial.uasset" 68
"../../../Engine/Content/EngineFonts/Faces/RobotoBold.uasset" 69
"../../../Engine/Content/EngineFonts/Faces/RobotoBoldItalic.uasset" 70
"../../../Engine/Content/EngineFonts/Faces/RobotoItalic.uasset" 71
"../../../Engine/Content/EngineFonts/Faces/RobotoLight.uasset" 72
"../../../Engine/Content/EngineFonts/Faces/RobotoRegular.uasset" 73
"../../../Engine/Content/EngineFonts/Roboto.uasset" 74
"../../../Engine/Content/EngineFonts/Faces/RobotoTiny.uasset" 75
"../../../Engine/Content/EngineFonts/RobotoTiny.uasset" 76
"../../../Engine/Content/EngineMaterials/DefaultBloomKernel.uasset" 77
"../../../Engine/Content/EngineMaterials/DefaultBokeh.uasset" 78
"../../../Engine/Content/EngineMaterials/DefaultDiffuse.uasset" 79
"../../../Engine/Content/EngineMaterials/DefaultDeferredDecalMaterial.uasset" 80
"../../../Engine/Content/EngineMaterials/DefaultLightFunctionMaterial.uasset" 81
"../../../Engine/Content/EngineMaterials/DefaultPhysicalMaterial.uasset" 82
"../../../Engine/Content/Functions/Engine_MaterialFunctions02/Utility/BreakOutFloat2Components.uasset" 83
"../../../Engine/Content/EngineMaterials/DefaultPostProcessMaterial.uasset" 84
"../../../Engine/Content/EngineFonts/RobotoDistanceField.uasset" 85
"../../../Engine/Content/EngineMaterials/DefaultTextMaterialOpaque.uasset" 86
"../../../Engine/Content/EngineMaterials/DefaultWhiteGrid.uasset" 87
"../../../Engine/Content/EngineMaterials/EditorBrushMaterial.uasset" 88
"../../../Engine/Content/EngineMaterials/Good64x64TilingNoiseHighFreq.uasset" 89
"../../../Engine/Content/EngineMaterials/MiniFont.uasset" 90
"../../../Engine/Content/EngineMaterials/InvalidLightmapSettings.uasset" 91
"../../../Engine/Content/EngineMaterials/M_InvalidLightmapSettings.uasset" 92
"../../../Engine/Content/Functions/Engine_MaterialFunctions02/WorldPositionOffset/CameraOffset.uasset" 93
"../../../Engine/Content/EngineMaterials/PhAT_JointLimitMaterial.uasset" 94
"../../../Engine/Content/EngineMaterials/PreintegratedSkinBRDF.uasset" 95
"../../../Engine/Content/EngineMaterials/RemoveSurfaceMaterial.uasset" 96
"../../../Engine/Content/EngineMaterials/WeightMapPlaceholderTexture.uasset" 97
"../../../Engine/Content/EngineResources/WhiteSquareTexture.uasset" 98
"../../../Engine/Content/EngineMaterials/Widget3DPassThrough.uasset" 99
"../../../Engine/Content/EngineMaterials/Widget3DPassThrough_Masked.uasset" 100
"../../../Engine/Content/EngineMaterials/Widget3DPassThrough_Opaque.uasset" 101
"../../../Engine/Content/EngineMaterials/Widget3DPassThrough_Masked_OneSided.uasset" 102
"../../../Engine/Content/EngineMaterials/Widget3DPassThrough_Opaque_OneSided.uasset" 103
"../../../Engine/Content/EngineMaterials/Widget3DPassThrough_Translucent.uasset" 104
"../../../Engine/Content/EngineMaterials/Widget3DPassThrough_Translucent_OneSided.uasset" 105
"../../../Engine/Content/EngineMeshes/Cube.uasset" 106
"../../../Engine/Content/EngineMeshes/Cylinder.uasset" 107
"../../../Engine/Content/EngineMeshes/Sphere.uasset" 108
"../../../Engine/Content/EngineResources/Black.uasset" 109
"../../../Engine/Content/EngineResources/DefaultTexture.uasset" 110
"../../../Engine/Content/EngineResources/DefaultTextureCube.uasset" 111
"../../../Engine/Content/EngineResources/GradientTexture0.uasset" 112
"../../../Engine/Content/EngineSounds/Master.uasset" 113
"../../../Engine/Content/Functions/Engine_MaterialFunctions01/Shading/ConvertFromDiffSpec.uasset" 114
"../../../Engine/Content/Functions/Engine_MaterialFunctions01/Shading/PowerToRoughness.uasset" 115
"../../../Engine/Content/Maps/Templates/Thumbnails/Default.uasset" 116
"../../../Engine/Content/Maps/Templates/Thumbnails/VR-Basic.uasset" 117
"../../../Engine/Content/MobileResources/T_MobileControls_texture.uasset" 118
"../../../Engine/Content/MobileResources/T_MobileMenu2.uasset" 119
"../../../Engine/Content/MobileResources/HUD/AnalogHat.uasset" 120
"../../../Engine/Content/MobileResources/HUD/VirtualJoystick_Background.uasset" 121
"../../../Engine/Content/MobileResources/HUD/VirtualJoystick_Thumb.uasset" 122
"../../../Engine/Content/MobileResources/HUD/DefaultVirtualJoysticks.uasset" 123
"../../../Engine/Content/MobileResources/HUD/LeftVirtualJoystickOnly.uasset" 124
"../../../Engine/Content/MobileResources/HUD/MobileHUDButton1_off.uasset" 125
"../../../Engine/Content/MobileResources/HUD/MobileHUDButton1_on.uasset" 126
"../../../Engine/Content/MobileResources/HUD/MobileHUDButton2_off.uasset" 127
"../../../Engine/Content/MobileResources/HUD/MobileHUDButton2_on.uasset" 128
"../../../Engine/Content/MobileResources/HUD/MobileHUDButton3.uasset" 129
"../../../Engine/Content/MobileResources/HUD/MobileHUDButtonFire.uasset" 130
"../../../Engine/Content/MobileResources/HUD/MobileHUDDirectionPad.uasset" 131
"../../../Engine/Content/MobileResources/HUD/MobileHUDDirectionPad2.uasset" 132
"../../../Engine/Content/MobileResources/HUD/MobileHUDDirectionPad3.uasset" 133
"../../../Engine/Content/MobileResources/HUD/MobileHUDDirectionStick.uasset" 134
"../../../Engine/Content/MobileResources/HUD/T_Castle_ThumbstickInner.uasset" 135
"../../../Engine/Content/MobileResources/HUD/T_Castle_ThumbstickOutter.uasset" 136
"../../../Engine/Content/Tutorial/ContentIntroCurve.uasset" 137
"../../../Engine/Content/Tutorial/Basics/TutorialAssets/icon_tab_Levels_40x.uasset" 138
"../../../Engine/Content/Tutorial/BlueprintTutorials/TutorialAssets/BlueprintInterface_64x.uasset" 139
"../../../Engine/Content/Tutorial/BlueprintTutorials/TutorialAssets/BlueprintMacroLibrary_64x.uasset" 140
"../../../Engine/Content/Tutorial/BlueprintTutorials/TutorialAssets/Blueprint_64x.uasset" 141
"../../../Engine/Content/Tutorial/BlueprintTutorials/TutorialAssets/Tutorial_BP_Interface.uasset" 142
"../../../Engine/Content/Tutorial/Foliage/TutorialAssets/Foliage.uasset" 143
"../../../Engine/Content/Tutorial/Landscape/TutorialAssets/Landscape.uasset" 144
"../../../Engine/Content/Tutorial/Mobile/TutorialAssets/android_Icon.uasset" 145
"../../../Engine/Content/Tutorial/Paper2D/TutorialAssets/Paper2DFlipbook_TutorialIcon.uasset" 146
"../../../Engine/Content/Tutorial/Paper2D/TutorialAssets/Paper2DSprite_TutorialIcon.uasset" 147
"../../../Engine/Content/Tutorial/SubEditors/TutorialAssets/icon_Editor_Preferences_General_40x.uasset" 148
"../../../Engine/Content/Tutorial/SubEditors/TutorialAssets/icon_ShowSkeletalMeshes_40x.uasset" 149
"../../../Engine/Content/Tutorial/SubEditors/TutorialAssets/TutorialMaterial.uasset" 150
"../../../Engine/Content/Tutorial/SubEditors/TutorialAssets/T_SmokeSubUV_8X8.uasset" 151
"../../../Engine/Content/Tutorial/SubEditors/TutorialAssets/T_soft_smoke.uasset" 152
"../../../Engine/Content/Tutorial/SubEditors/TutorialAssets/M_smoke_subUV_blackbody.uasset" 153
"../../../Engine/Content/Tutorial/SubEditors/TutorialAssets/TutorialParticleSystem.uasset" 154
"../../../Engine/Content/VREditor/Devices/Generic/GenericHMDMaterial.uasset" 155
"../../../Engine/Content/VREditor/Devices/Generic/GenericHMD.uasset" 156
"../../../Engine/Content/Functions/Engine_MaterialFunctions02/Utility/BreakOutFloat3Components.uasset" 157
"../../../Engine/Content/VREditor/Devices/Vive/VivePreController_MasksB.uasset" 158
"../../../Engine/Content/VREditor/Devices/Oculus/OculusControllerMaterial.uasset" 159
"../../../Engine/Content/VREditor/Devices/Oculus/OculusControllerMaterial_Inst.uasset" 160
"../../../Engine/Content/VREditor/Devices/Oculus/OculusControllerMesh.uasset" 161
"../../../Engine/Content/VREditor/Devices/Vive/T_VivePreController_EM.uasset" 162
"../../../Engine/Content/VREditor/Devices/Vive/VivePreController_MasksA.uasset" 163
"../../../Engine/Content/VREditor/Devices/Vive/VivePreControllerDiffuse.uasset" 164
"../../../Engine/Content/VREditor/Devices/Vive/VivePreControllerSpec.uasset" 165
"../../../Engine/Content/VREditor/LaserPointer/VR_LaserPower_01.uasset" 166
"../../../Engine/Content/VREditor/Devices/Vive/VivePreControllerMaterial.uasset" 167
"../../../Engine/Content/VREditor/Devices/Vive/VivePreControllerMaterial_Inst.uasset" 168
"../../../Engine/Content/VREditor/Devices/Vive/VivePreControllerMesh.uasset" 169
"../../../Engine/Content/VREditor/FloatingText/LineMaterial.uasset" 170
"../../../Engine/Content/VREditor/FloatingText/JointSphere.uasset" 171
"../../../Engine/Content/VREditor/FloatingText/LineSegmentCylinder.uasset" 172
"../../../Engine/Content/VREditor/Fonts/VRText_RobotoLarge.uasset" 173
"../../../Engine/Content/VREditor/Fonts/VRTextMaterial.uasset" 174
"../../../Engine/Content/VREditor/Fonts/TranslucentVRTextMaterial.uasset" 175
"../../../Engine/Content/VREditor/LaserPointer/CursorPointer.uasset" 176
"../../../Engine/Content/VREditor/TransformGizmo/TransformGizmoMaterial.uasset" 177
"../../../Engine/Content/VREditor/LaserPointer/HoverMaterial.uasset" 178
"../../../Engine/Content/VREditor/TransformGizmo/TranslucentTransformGizmoMaterial.uasset" 179
"../../../Engine/Content/VREditor/LaserPointer/TranslucentHoverMaterial.uasset" 180
"../../../Engine/Content/VREditor/LaserPointer/HoverMesh.uasset" 181
"../../../Engine/Content/VREditor/LaserPointer/LaserPointerMaterial.uasset" 182
"../../../Engine/Content/VREditor/LaserPointer/LaserPointerMaterialInst.uasset" 183
"../../../Engine/Content/VREditor/LaserPointer/TranslucentLaserPointerMaterialInst.uasset" 184
"../../../Engine/Content/VREditor/LaserPointer/LaserPointerMesh.uasset" 185
"../../../Engine/Content/VREditor/LaserPointer/LaserPointerMesh_End.uasset" 186
"../../../Engine/Content/VREditor/LaserPointer/LaserPointerMesh_Start.uasset" 187
"../../../Engine/Content/VREditor/Sounds/VR_teleport.uasset" 188
"../../../Engine/Content/VREditor/Sounds/UI/Click_on_Button.uasset" 189
"../../../Engine/Content/VREditor/Sounds/UI/Click_on_Button_Cue.uasset" 190
"../../../Engine/Content/VREditor/Sounds/UI/Dockable_Window_Close.uasset" 191
"../../../Engine/Content/VREditor/Sounds/UI/Dockable_Window_Drop.uasset" 192
"../../../Engine/Content/VREditor/Sounds/UI/Dockable_Window_Open.uasset" 193
"../../../Engine/Content/VREditor/Sounds/UI/Dockable_Window_Pick_Up.uasset" 194
"../../../Engine/Content/VREditor/Sounds/UI/Drop_Item_From_ContentBrowser.uasset" 195
"../../../Engine/Content/VREditor/Sounds/UI/Floating_UI_Open-001.uasset" 196
"../../../Engine/Content/VREditor/Sounds/UI/Radial_Menu_FadeOut.uasset" 197
"../../../Engine/Content/VREditor/Sounds/UI/Teleport_Mode_Entered.uasset" 198
"../../../Engine/Content/VREditor/Teleport/TeleportDirectionMaterial.uasset" 199
"../../../Engine/Content/VREditor/Teleport/TeleportDirectionMaterial_Inst.uasset" 200
"../../../Engine/Content/VREditor/Teleport/TeleportDirectionMesh.uasset" 201
"../../../Engine/Content/VREditor/TransformGizmo/BoundingBoxCorner.uasset" 202
"../../../Engine/Content/VREditor/TransformGizmo/BoundingBoxEdge.uasset" 203
"../../../Engine/Content/VREditor/TransformGizmo/PlaneTranslationHandle.uasset" 204
"../../../Engine/Content/VREditor/TransformGizmo/Main.uasset" 205
"../../../Engine/Content/VREditor/TransformGizmo/Xray.uasset" 206
"../../../Engine/Content/VREditor/TransformGizmo/SM_Dialog_Close.uasset" 207
"../../../Engine/Content/VREditor/TransformGizmo/SM_Dialog_Move.uasset" 208
"../../../Engine/Content/VREditor/TransformGizmo/SM_Sequencer_Key.uasset" 209
"../../../Engine/Content/VREditor/TransformGizmo/SM_Sequencer_Node.uasset" 210
"../../../Engine/Content/VREditor/TransformGizmo/TransformGizmoMaterial_Inst.uasset" 211
"../../../Engine/Content/VREditor/TransformGizmo/TranslucentTransformGizmoMaterial_Inst.uasset" 212
"../../../Engine/Content/VREditor/Devices/Vive/UE4_Logo.uasset" 213
"../../../Engine/Content/VREditor/UI/M_ContentWindow.uasset" 214
"../../../Engine/Content/VREditor/UI/SM_ContentWindow_01.uasset" 215
"../../../Engine/Content/VREditor/UI/KeyDiskMaterial.uasset" 216
"../../../Engine/Content/VREditor/UI/DiscMaterial.uasset" 217
"../../../Engine/Content/VREditor/UI/SM_Radial_Disk.uasset" 218
"../../../Engine/Content/VREditor/UI/ArrowMaterial.uasset" 219
"../../../Engine/Content/VREditor/UI/SM_Radial_Pointer.uasset" 220
"../../../Engine/Content/Functions/Engine_MaterialFunctions01/Gradient/RadialGradient.uasset" 221
"../../../Engine/Content/VREditor/WorldMovementGrid/SimpleGrid.uasset" 222
"../../../Engine/Content/VREditor/WorldMovementGrid/GridMaterial.uasset" 223
"../../../Engine/Content/Functions/Engine_MaterialFunctions01/Density/ExponentialDensity.uasset" 224
"../../../Engine/Content/VREditor/WorldMovementGrid/GridPostProcess.uasset" 225
"../../../Engine/Content/EditorLandscapeResources/FlattenHeightMat.uasset" 226
"../../../Engine/Content/VREditor/WorldMovementGrid/PlaneMesh.uasset" 227
"../../Plugins/2D/Paper2D/Content/PlaceholderTextures/DummySpriteTexture.uasset" 228
"../../Plugins/2D/Paper2D/Content/DummySprite.uasset" 229
"../../Plugins/2D/Paper2D/Content/DefaultPaperTerrainMaterial.uasset" 230
"../../Plugins/2D/Paper2D/Content/DefaultSpriteMaterial.uasset" 231
"../../Plugins/2D/Paper2D/Content/MaskedUnlitSpriteMaterial.uasset" 232
"../../Plugins/2D/Paper2D/Content/OpaqueUnlitSpriteMaterial.uasset" 233
"../../Plugins/Media/MediaCompositing/Content/DefaultMediaPlaneTexture.uasset" 234
"../../Plugins/Media/MediaCompositing/Content/DefaultMediaPlaneMaterial.uasset" 235
"../../../Engine/Content/Functions/Engine_MaterialFunctions02/Utility/MakeFloat4.uasset" 236
"../../Plugins/Runtime/AppleARKit/Content/ARKitCameraMaterial.uasset" 237
"../../Plugins/Runtime/Oculus/OculusVR/Content/Textures/GearVRController_AO.uasset" 238
"../../Plugins/Runtime/Oculus/OculusVR/Content/Textures/GearVRController_Color.uasset" 239
"../../Plugins/Runtime/Oculus/OculusVR/Content/Textures/GearVRController_Normal.uasset" 240
"../../Plugins/Runtime/Oculus/OculusVR/Content/Materials/GearVRControllerMaterial.uasset" 241
"../../Plugins/Runtime/Oculus/OculusVR/Content/Meshes/GearVrController.uasset" 242
"../../../../../EDU/UE4/EndlessRunnerGame/Content/AnimStarterPack/UE4_Mannequin/Mesh/UE4_Mannequin_Skeleton.uasset" 243
"../../../../../EDU/UE4/EndlessRunnerGame/Content/AnimStarterPack/Crouch_Idle_Rifle_Hip.uasset" 244
"../../../../../EDU/UE4/EndlessRunnerGame/Content/AnimStarterPack/Crouch_Idle_Rifle_Ironsights.uasset" 245
"../../../../../EDU/UE4/EndlessRunnerGame/Content/AnimStarterPack/Crouch_Walk_Fwd_Rifle_Ironsights.uasset" 246
"../../../../../EDU/UE4/EndlessRunnerGame/Content/AnimStarterPack/Equip_Pistol_Standing.uasset" 247
"../../../../../EDU/UE4/EndlessRunnerGame/Content/AnimStarterPack/Fire_Rifle_Ironsights.uasset" 248
"../../../../../EDU/UE4/EndlessRunnerGame/Content/AnimStarterPack/Hit_React_1.uasset" 249
"../../../../../EDU/UE4/EndlessRunnerGame/Content/AnimStarterPack/Hit_React_2.uasset" 250
"../../../../../EDU/UE4/EndlessRunnerGame/Content/AnimStarterPack/Hit_React_3.uasset" 251
"../../../../../EDU/UE4/EndlessRunnerGame/Content/AnimStarterPack/Idle_Rifle_Hip_Break1.uasset" 252
"../../../../../EDU/UE4/EndlessRunnerGame/Content/AnimStarterPack/Idle_Rifle_Hip_Break2.uasset" 253
"../../../../../EDU/UE4/EndlessRunnerGame/Content/AnimStarterPack/Reload_Rifle_Hip.uasset" 254
"../../../../../EDU/UE4/EndlessRunnerGame/Content/AnimStarterPack/Walk_Fwd_Rifle_Ironsights.uasset" 255
"../../../Engine/Content/EditorBlueprintResources/StandardMacros.uasset" 256
"../../../Engine/Content/EngineSky/C_Sky_Cloud_Color.uasset" 257
"../../../Engine/Content/EngineSky/C_Sky_Horizon_Color.uasset" 258
"../../../Engine/Content/EngineSky/C_Sky_Zenith_Color.uasset" 259
"../../../Engine/Content/EngineSky/T_Sky_Blue.uasset" 260
"../../../Engine/Content/EngineSky/T_Sky_Clouds_M.uasset" 261
"../../../Engine/Content/EngineSky/T_Sky_Stars.uasset" 262
"../../../Engine/Content/EngineSky/M_Sky_Panning_Clouds2.uasset" 263
"../../../Engine/Content/EngineSky/SM_SkySphere.uasset" 264
"../../../Engine/Content/EngineSky/BP_Sky_Sphere.uasset" 265
"../../../Engine/Content/TemplateResources/M_Template_Master.uasset" 266
"../../../Engine/Content/TemplateResources/MI_Template_BaseGray_03_Metal.uasset" 267
"../../../Engine/Content/Functions/Engine_MaterialFunctions02/Utility/BlendAngleCorrectedNormals.uasset" 268
"../../../Engine/Content/Functions/MaterialLayerFunctions/MatLayerBlend_AO.uasset" 269
"../../../Engine/Content/Functions/MaterialLayerFunctions/MatLayerBlend_NormalBlend.uasset" 270
"../../../Engine/Content/Functions/MaterialLayerFunctions/MatLayerBlend_Simple.uasset" 271
"../../../../../EDU/UE4/EndlessRunnerGame/Content/AnimStarterPack/UE4_Mannequin/Materials/MaterialLayers/T_ML_Rubber_Blue_01_D.uasset" 272
"../../../../../EDU/UE4/EndlessRunnerGame/Content/AnimStarterPack/UE4_Mannequin/Materials/MaterialLayers/T_ML_Rubber_Blue_01_N.uasset" 273
"../../../../../EDU/UE4/EndlessRunnerGame/Content/AnimStarterPack/UE4_Mannequin/Materials/MaterialLayers/ML_GlossyBlack_Latex_UE4.uasset" 274
"../../../../../EDU/UE4/EndlessRunnerGame/Content/AnimStarterPack/UE4_Mannequin/Materials/MaterialLayers/ML_Plastic_Shiny_Beige.uasset" 275
"../../../../../EDU/UE4/EndlessRunnerGame/Content/AnimStarterPack/UE4_Mannequin/Textures/UE4_LOGO_CARD.uasset" 276
"../../../../../EDU/UE4/EndlessRunnerGame/Content/AnimStarterPack/UE4_Mannequin/Materials/MaterialLayers/ML_Plastic_Shiny_Beige_LOGO.uasset" 277
"../../../../../EDU/UE4/EndlessRunnerGame/Content/AnimStarterPack/UE4_Mannequin/Materials/MaterialLayers/T_ML_Aluminum01.uasset" 278
"../../../../../EDU/UE4/EndlessRunnerGame/Content/AnimStarterPack/UE4_Mannequin/Materials/MaterialLayers/T_ML_Aluminum01_N.uasset" 279
"../../../../../EDU/UE4/EndlessRunnerGame/Content/AnimStarterPack/UE4_Mannequin/Materials/MaterialLayers/ML_SoftMetal_UE4.uasset" 280
"../../../../../EDU/UE4/EndlessRunnerGame/Content/AnimStarterPack/UE4_Mannequin/Textures/UE4_Mannequin__normals.uasset" 281
"../../../../../EDU/UE4/EndlessRunnerGame/Content/AnimStarterPack/UE4_Mannequin/Textures/UE4_Mannequin_MAT_MASKA.uasset" 282
"../../../../../EDU/UE4/EndlessRunnerGame/Content/AnimStarterPack/UE4_Mannequin/Textures/UE4_Mannequin_occlusion_Mobile.uasset" 283
"../../../../../EDU/UE4/EndlessRunnerGame/Content/AnimStarterPack/UE4_Mannequin/Materials/M_UE4Man_Body.uasset" 284
"../../../../../EDU/UE4/EndlessRunnerGame/Content/AnimStarterPack/UE4_Mannequin/Textures/UE4Man_Logo_N.uasset" 285
"../../../../../EDU/UE4/EndlessRunnerGame/Content/AnimStarterPack/UE4_Mannequin/Materials/M_UE4Man_ChestLogo.uasset" 286
"../../../../../EDU/UE4/EndlessRunnerGame/Content/AnimStarterPack/UE4_Mannequin/Mesh/SK_Mannequin_PhysicsAsset.uasset" 287
"../../../../../EDU/UE4/EndlessRunnerGame/Content/AnimStarterPack/UE4_Mannequin/Mesh/SK_Mannequin.uasset" 288
"../../../../../EDU/UE4/EndlessRunnerGame/Content/AnimStarterPack/Showcase.umap" 289
"../../../Engine/Content/EngineMeshes/Humanoid.uasset" 290
"../../../../../EDU/UE4/EndlessRunnerGame/Content/ThirdPersonBP/Runner_Character/jasper_Skeleton.uasset" 291
"../../../../../EDU/UE4/EndlessRunnerGame/Content/ThirdPersonBP/Runner_Character/Animations/ThirdPersonJump_End.uasset" 292
"../../../../../EDU/UE4/EndlessRunnerGame/Content/ThirdPersonBP/Runner_Character/Animations/ThirdPersonJump_Loop.uasset" 293
"../../../../../EDU/UE4/EndlessRunnerGame/Content/ThirdPersonBP/Runner_Character/Animations/ThirdPersonJump_Start.uasset" 294
"../../../../../EDU/UE4/EndlessRunnerGame/Content/ThirdPersonBP/Runner_Character/Animations/ThirdPersonIdle.uasset" 295
"../../../../../EDU/UE4/EndlessRunnerGame/Content/ThirdPersonBP/Runner_Character/Animations/ThirdPersonRun.uasset" 296
"../../../../../EDU/UE4/EndlessRunnerGame/Content/ThirdPersonBP/Runner_Character/Animations/ThirdPersonWalk.uasset" 297
"../../../../../EDU/UE4/EndlessRunnerGame/Content/ThirdPersonBP/Runner_Character/Animations/ThirdPerson_IdleRun_2D.uasset" 298
"../../../../../EDU/UE4/EndlessRunnerGame/Content/ThirdPersonBP/Runner_Character/Runner_AnimBP.uasset" 299
"../../../../../EDU/UE4/EndlessRunnerGame/Content/Materials/M_Coin.uasset" 300
"../../../Engine/Content/BasicShapes/Cylinder.uasset" 301
"../../../../../EDU/UE4/EndlessRunnerGame/Content/Assets/Sounds/CoinPickup.uasset" 302
"../../../../../EDU/UE4/EndlessRunnerGame/Content/Assets/Sounds/CoinPickup_Cue.uasset" 303
"../../../../../EDU/UE4/EndlessRunnerGame/Content/ThirdPersonBP/Blueprints/BP_Coin.uasset" 304
"../../../../../EDU/UE4/EndlessRunnerGame/Content/StarterContent/Textures/T_Detail_Rocky_N.uasset" 305
"../../../../../EDU/UE4/EndlessRunnerGame/Content/StarterContent/Textures/T_Rock_Basalt_D.uasset" 306
"../../../../../EDU/UE4/EndlessRunnerGame/Content/StarterContent/Textures/T_RockMesh_M.uasset" 307
"../../../../../EDU/UE4/EndlessRunnerGame/Content/StarterContent/Textures/T_RockMesh_N.uasset" 308
"../../../../../EDU/UE4/EndlessRunnerGame/Content/StarterContent/Props/Materials/M_Rock.uasset" 309
"../../../../../EDU/UE4/EndlessRunnerGame/Content/StarterContent/Props/SM_Rock.uasset" 310
"../../../../../EDU/UE4/EndlessRunnerGame/Content/ThirdPersonBP/Blueprints/BP_Blocker.uasset" 311
"../../../../../EDU/UE4/EndlessRunnerGame/Content/ThirdPersonBP/Meshes/mag.uasset" 312
"../../../../../EDU/UE4/EndlessRunnerGame/Content/ThirdPersonBP/Meshes/engel.uasset" 313
"../../../../../EDU/UE4/EndlessRunnerGame/Content/ThirdPersonBP/Blueprints/BP_Blocker2.uasset" 314
"../../../../../EDU/UE4/EndlessRunnerGame/Content/Assets/Sounds/PowerUpPickup.uasset" 315
"../../../../../EDU/UE4/EndlessRunnerGame/Content/Assets/Sounds/PowerUpPickup_Cue.uasset" 316
"../../../../../EDU/UE4/EndlessRunnerGame/Content/ThirdPersonBP/Blueprints/BP_Jetpack.uasset" 317
"../../../../../EDU/UE4/EndlessRunnerGame/Content/ThirdPersonBP/Meshes/ns.uasset" 318
"../../../../../EDU/UE4/EndlessRunnerGame/Content/StarterContent/Materials/M_Basic_Wall.uasset" 319
"../../../../../EDU/UE4/EndlessRunnerGame/Content/StarterContent/Architecture/Pillar_50x500.uasset" 320
"../../../../../EDU/UE4/EndlessRunnerGame/Content/ThirdPersonBP/Blueprints/BP_Jumper.uasset" 321
"../../../../../EDU/UE4/EndlessRunnerGame/Content/ThirdPersonBP/Meshes/ns_1.uasset" 322
"../../../../../EDU/UE4/EndlessRunnerGame/Content/ThirdPersonBP/Meshes/south_1.uasset" 323
"../../../../../EDU/UE4/EndlessRunnerGame/Content/ThirdPersonBP/Meshes/north_1.uasset" 324
"../../../../../EDU/UE4/EndlessRunnerGame/Content/ThirdPersonBP/Meshes/magnet.uasset" 325
"../../../../../EDU/UE4/EndlessRunnerGame/Content/ThirdPersonBP/Blueprints/BP_Magnet.uasset" 326
"../../../Engine/Content/VREditor/BasicMeshes/T_CleanFloorGrunge_01_D.uasset" 327
"../../../Engine/Content/VREditor/BasicMeshes/M_Floor_01.uasset" 328
"../../../Engine/Content/VREditor/BasicMeshes/MI_Ball_01.uasset" 329
"../../../Engine/Content/VREditor/BasicMeshes/SM_Ball_01.uasset" 330
"../../../../../EDU/UE4/EndlessRunnerGame/Content/ThirdPersonBP/Blueprints/BP_MultiItem.uasset" 331
"../../../Engine/Content/BasicShapes/Cube.uasset" 332
"../../../../../EDU/UE4/EndlessRunnerGame/Content/Geometry/Curve2.uasset" 333
"../../../../../EDU/UE4/EndlessRunnerGame/Content/ThirdPersonBP/CurrentDirection.uasset" 334
"../../../../../EDU/UE4/EndlessRunnerGame/Content/ThirdPersonBP/Blueprints/BP_Fork.uasset" 335
"../../../../../EDU/UE4/EndlessRunnerGame/Content/ThirdPersonBP/Blueprints/RunGameInstance.uasset" 336
"../../../../../EDU/UE4/EndlessRunnerGame/Content/ThirdPersonBP/ShopData.uasset" 337
"../../../../../EDU/UE4/EndlessRunnerGame/Content/ThirdPersonBP/Blueprints/RunSaveGame.uasset" 338
"../../../../../EDU/UE4/EndlessRunnerGame/Content/Assets/Sounds/GameMusic.uasset" 339
"../../../../../EDU/UE4/EndlessRunnerGame/Content/Assets/Sounds/GameMusic_Cue.uasset" 340
"../../../../../EDU/UE4/EndlessRunnerGame/Content/Assets/Sounds/MenuMusic.uasset" 341
"../../../../../EDU/UE4/EndlessRunnerGame/Content/Assets/Sounds/MenuMusic_Cue.uasset" 342
"../../../../../EDU/UE4/EndlessRunnerGame/Content/ThirdPersonBP/UMG/Assets/Button.uasset" 343
"../../../../../EDU/UE4/EndlessRunnerGame/Content/ThirdPersonBP/UMG/Assets/HoveredButton.uasset" 344
"../../../../../EDU/UE4/EndlessRunnerGame/Content/ThirdPersonBP/UMG/Assets/PauseBackground.uasset" 345
"../../../../../EDU/UE4/EndlessRunnerGame/Content/ThirdPersonBP/SettingsData.uasset" 346
"../../../../../EDU/UE4/EndlessRunnerGame/Content/ThirdPersonBP/UMG/PauseMenu.uasset" 347
"../../../../../EDU/UE4/EndlessRunnerGame/Content/ThirdPersonBP/UMG/RunHUD.uasset" 348
"../../../../../EDU/UE4/EndlessRunnerGame/Content/ThirdPersonBP/UMG/GraphicsOptions.uasset" 349
"../../../../../EDU/UE4/EndlessRunnerGame/Content/ThirdPersonBP/UMG/OptionsMenu.uasset" 350
"../../../../../EDU/UE4/EndlessRunnerGame/Content/ThirdPersonBP/UMG/Assets/EmptyBar.uasset" 351
"../../../../../EDU/UE4/EndlessRunnerGame/Content/ThirdPersonBP/UMG/Assets/FullBar.uasset" 352
"../../../../../EDU/UE4/EndlessRunnerGame/Content/ThirdPersonBP/UMG/Shop.uasset" 353
"../../../../../EDU/UE4/EndlessRunnerGame/Content/ThirdPersonBP/UMG/MainMenu.uasset" 354
"../../../../../EDU/UE4/EndlessRunnerGame/Content/ThirdPersonBP/Blueprints/RunGameMode.uasset" 355
"../../../../../EDU/UE4/EndlessRunnerGame/Content/Textures/Road3Lanes3.uasset" 356
"../../../../../EDU/UE4/EndlessRunnerGame/Content/Textures/Road3Lanes3_N.uasset" 357
"../../../../../EDU/UE4/EndlessRunnerGame/Content/Materials/M_Road.uasset" 358
"../../../../../EDU/UE4/EndlessRunnerGame/Content/StarterContent/Textures/T_Brick_Clay_Beveled_D.uasset" 359
"../../../../../EDU/UE4/EndlessRunnerGame/Content/StarterContent/Textures/T_Brick_Clay_Beveled_M.uasset" 360
"../../../../../EDU/UE4/EndlessRunnerGame/Content/StarterContent/Textures/T_Brick_Clay_Beveled_N.uasset" 361
"../../../../../EDU/UE4/EndlessRunnerGame/Content/StarterContent/Textures/T_MacroVariation.uasset" 362
"../../../../../EDU/UE4/EndlessRunnerGame/Content/StarterContent/Materials/M_Brick_Clay_Beveled.uasset" 363
"../../../../../EDU/UE4/EndlessRunnerGame/Content/ThirdPersonBP/Meshes/binatexture2.uasset" 364
"../../../../../EDU/UE4/EndlessRunnerGame/Content/ThirdPersonBP/Meshes/M_Bina.uasset" 365
"../../../../../EDU/UE4/EndlessRunnerGame/Content/Geometry/Box_Brush_StaticMesh.uasset" 366
"../../../../../EDU/UE4/EndlessRunnerGame/Content/ThirdPersonBP/Meshes/M_BinaDoor.uasset" 367
"../../../../../EDU/UE4/EndlessRunnerGame/Content/ThirdPersonBP/Meshes/M_Windows.uasset" 368
"../../../../../EDU/UE4/EndlessRunnerGame/Content/ThirdPersonBP/Meshes/bina.uasset" 369
"../../../../../EDU/UE4/EndlessRunnerGame/Content/ThirdPersonBP/Meshes/bina3kat.uasset" 370
"../../../../../EDU/UE4/EndlessRunnerGame/Content/ThirdPersonBP/Meshes/bina5kat.uasset" 371
"../../../../../EDU/UE4/EndlessRunnerGame/Content/ThirdPersonBP/Blueprints/BP_FloorTile.uasset" 372
"../../../../../EDU/UE4/EndlessRunnerGame/Content/ThirdPersonBP/Blueprints/BP_MenuCamera.uasset" 373
"../../../../../EDU/UE4/EndlessRunnerGame/Content/Materials/M_Coin1.uasset" 374
"../../../../../EDU/UE4/EndlessRunnerGame/Content/Assets/JetpackFire.uasset" 375
"../../../../../EDU/UE4/EndlessRunnerGame/Content/StarterContent/Audio/Explosion_Cue.uasset" 376
"../../../../../EDU/UE4/EndlessRunnerGame/Content/StarterContent/Textures/T_Burst_M.uasset" 377
"../../../../../EDU/UE4/EndlessRunnerGame/Content/StarterContent/Particles/Materials/M_Burst.uasset" 378
"../../../../../EDU/UE4/EndlessRunnerGame/Content/StarterContent/Textures/T_Explosion_SubUV.uasset" 379
"../../../../../EDU/UE4/EndlessRunnerGame/Content/StarterContent/Particles/Materials/M_explosion_subUV.uasset" 380
"../../../../../EDU/UE4/EndlessRunnerGame/Content/StarterContent/Particles/Materials/m_flare_01.uasset" 381
"../../../../../EDU/UE4/EndlessRunnerGame/Content/StarterContent/Particles/Materials/M_radial_ramp.uasset" 382
"../../../../../EDU/UE4/EndlessRunnerGame/Content/StarterContent/Textures/T_Smoke_SubUV.uasset" 383
"../../../../../EDU/UE4/EndlessRunnerGame/Content/StarterContent/Textures/T_Smoke_Tiled_D.uasset" 384
"../../../../../EDU/UE4/EndlessRunnerGame/Content/StarterContent/Particles/Materials/M_smoke_subUV.uasset" 385
"../../../../../EDU/UE4/EndlessRunnerGame/Content/StarterContent/Particles/P_Explosion.uasset" 386
"../../../../../EDU/UE4/EndlessRunnerGame/Content/ThirdPersonBP/Runner_Character/Jasper_Body_Diffuse.uasset" 387
"../../../../../EDU/UE4/EndlessRunnerGame/Content/ThirdPersonBP/Runner_Character/Jasper_Body_Gloss.uasset" 388
"../../../../../EDU/UE4/EndlessRunnerGame/Content/ThirdPersonBP/Runner_Character/Jasper_Body_Normal.uasset" 389
"../../../../../EDU/UE4/EndlessRunnerGame/Content/ThirdPersonBP/Runner_Character/Jasper_Body_Opacity.uasset" 390
"../../../../../EDU/UE4/EndlessRunnerGame/Content/ThirdPersonBP/Runner_Character/Jasper_Body_Specular.uasset" 391
"../../../../../EDU/UE4/EndlessRunnerGame/Content/ThirdPersonBP/Runner_Character/Bodymat.uasset" 392
"../../../../../EDU/UE4/EndlessRunnerGame/Content/ThirdPersonBP/Runner_Character/Jasper_Bottom_Diffuse.uasset" 393
"../../../../../EDU/UE4/EndlessRunnerGame/Content/ThirdPersonBP/Runner_Character/Jasper_Bottom_Gloss.uasset" 394
"../../../../../EDU/UE4/EndlessRunnerGame/Content/ThirdPersonBP/Runner_Character/Jasper_Bottom_Normal.uasset" 395
"../../../../../EDU/UE4/EndlessRunnerGame/Content/ThirdPersonBP/Runner_Character/Jasper_Bottom_Opacity.uasset" 396
"../../../../../EDU/UE4/EndlessRunnerGame/Content/ThirdPersonBP/Runner_Character/Jasper_Bottom_Specular.uasset" 397
"../../../../../EDU/UE4/EndlessRunnerGame/Content/ThirdPersonBP/Runner_Character/Bottommat.uasset" 398
"../../../../../EDU/UE4/EndlessRunnerGame/Content/ThirdPersonBP/Runner_Character/Jasper_Hair_Diffuse.uasset" 399
"../../../../../EDU/UE4/EndlessRunnerGame/Content/ThirdPersonBP/Runner_Character/Jasper_Hair_Gloss.uasset" 400
"../../../../../EDU/UE4/EndlessRunnerGame/Content/ThirdPersonBP/Runner_Character/Jasper_Hair_Normal.uasset" 401
"../../../../../EDU/UE4/EndlessRunnerGame/Content/ThirdPersonBP/Runner_Character/Jasper_Hair_Opacity.uasset" 402
"../../../../../EDU/UE4/EndlessRunnerGame/Content/ThirdPersonBP/Runner_Character/Jasper_Hair_Specular.uasset" 403
"../../../../../EDU/UE4/EndlessRunnerGame/Content/ThirdPersonBP/Runner_Character/Hairmat.uasset" 404
"../../../../../EDU/UE4/EndlessRunnerGame/Content/ThirdPersonBP/Runner_Character/Jasper_Shoes_Diffuse.uasset" 405
"../../../../../EDU/UE4/EndlessRunnerGame/Content/ThirdPersonBP/Runner_Character/Jasper_Shoes_Gloss.uasset" 406
"../../../../../EDU/UE4/EndlessRunnerGame/Content/ThirdPersonBP/Runner_Character/Jasper_Shoes_Normal.uasset" 407
"../../../../../EDU/UE4/EndlessRunnerGame/Content/ThirdPersonBP/Runner_Character/Jasper_Shoes_Opacity.uasset" 408
"../../../../../EDU/UE4/EndlessRunnerGame/Content/ThirdPersonBP/Runner_Character/Jasper_Shoes_Specular.uasset" 409
"../../../../../EDU/UE4/EndlessRunnerGame/Content/ThirdPersonBP/Runner_Character/Shoesmat.uasset" 410
"../../../../../EDU/UE4/EndlessRunnerGame/Content/ThirdPersonBP/Runner_Character/Jasper_Top_Diffuse.uasset" 411
"../../../../../EDU/UE4/EndlessRunnerGame/Content/ThirdPersonBP/Runner_Character/Jasper_Top_Gloss.uasset" 412
"../../../../../EDU/UE4/EndlessRunnerGame/Content/ThirdPersonBP/Runner_Character/Jasper_Top_Normal.uasset" 413
"../../../../../EDU/UE4/EndlessRunnerGame/Content/ThirdPersonBP/Runner_Character/Jasper_Top_Opacity.uasset" 414
"../../../../../EDU/UE4/EndlessRunnerGame/Content/ThirdPersonBP/Runner_Character/Jasper_Top_Specular.uasset" 415
"../../../../../EDU/UE4/EndlessRunnerGame/Content/ThirdPersonBP/Runner_Character/Topmat.uasset" 416
"../../../../../EDU/UE4/EndlessRunnerGame/Content/ThirdPersonBP/Runner_Character/jasper_PhysicsAsset.uasset" 417
"../../../../../EDU/UE4/EndlessRunnerGame/Content/ThirdPersonBP/Runner_Character/jasper.uasset" 418
"../../../../../EDU/UE4/EndlessRunnerGame/Content/ThirdPersonBP/UMG/DeathScreen.uasset" 419
"../../../../../EDU/UE4/EndlessRunnerGame/Content/ThirdPersonBP/Blueprints/RunCharacter.uasset" 420
"../../../../../EDU/UE4/EndlessRunnerGame/Content/ThirdPersonBP/Blueprints/BP_StartTiles.uasset" 421
"../../../../../EDU/UE4/EndlessRunnerGame/Content/Levels/RunLevel_BuiltData.uasset" 422
"../../../../../EDU/UE4/EndlessRunnerGame/Content/Levels/RunLevel.umap" 423
"../../../../../EDU/UE4/EndlessRunnerGame/Content/Mannequin/Character/Mesh/UE4_Mannequin_Skeleton.uasset" 424
"../../../../../EDU/UE4/EndlessRunnerGame/Content/Mannequin/Animations/ThirdPerson_Jump.uasset" 425
"../../../../../EDU/UE4/EndlessRunnerGame/Content/Mannequin/Animations/ThirdPersonJump_Loop.uasset" 426
"../../../../../EDU/UE4/EndlessRunnerGame/Content/Mannequin/Animations/ThirdPersonJump_Start.uasset" 427
"../../../../../EDU/UE4/EndlessRunnerGame/Content/Mannequin/Animations/ThirdPersonIdle.uasset" 428
"../../../../../EDU/UE4/EndlessRunnerGame/Content/Mannequin/Animations/ThirdPersonRun.uasset" 429
"../../../../../EDU/UE4/EndlessRunnerGame/Content/Mannequin/Animations/ThirdPersonWalk.uasset" 430
"../../../../../EDU/UE4/EndlessRunnerGame/Content/Mannequin/Animations/ThirdPerson_IdleRun_2D.uasset" 431
"../../../../../EDU/UE4/EndlessRunnerGame/Content/Mannequin/Animations/ThirdPerson_AnimBP.uasset" 432
"../../../../../EDU/UE4/EndlessRunnerGame/Content/Mannequin/Character/Materials/MaterialLayers/T_ML_Rubber_Blue_01_D.uasset" 433
"../../../../../EDU/UE4/EndlessRunnerGame/Content/Mannequin/Character/Materials/MaterialLayers/T_ML_Rubber_Blue_01_N.uasset" 434
"../../../../../EDU/UE4/EndlessRunnerGame/Content/Mannequin/Character/Materials/MaterialLayers/ML_GlossyBlack_Latex_UE4.uasset" 435
"../../../../../EDU/UE4/EndlessRunnerGame/Content/Mannequin/Character/Materials/MaterialLayers/ML_Plastic_Shiny_Beige.uasset" 436
"../../../../../EDU/UE4/EndlessRunnerGame/Content/Mannequin/Character/Textures/UE4_LOGO_CARD.uasset" 437
"../../../../../EDU/UE4/EndlessRunnerGame/Content/Mannequin/Character/Materials/MaterialLayers/ML_Plastic_Shiny_Beige_LOGO.uasset" 438
"../../../../../EDU/UE4/EndlessRunnerGame/Content/Mannequin/Character/Materials/MaterialLayers/T_ML_Aluminum01.uasset" 439
"../../../../../EDU/UE4/EndlessRunnerGame/Content/Mannequin/Character/Materials/MaterialLayers/T_ML_Aluminum01_N.uasset" 440
"../../../../../EDU/UE4/EndlessRunnerGame/Content/Mannequin/Character/Materials/MaterialLayers/ML_SoftMetal_UE4.uasset" 441
"../../../../../EDU/UE4/EndlessRunnerGame/Content/Mannequin/Character/Textures/UE4_Mannequin__normals.uasset" 442
"../../../../../EDU/UE4/EndlessRunnerGame/Content/Mannequin/Character/Textures/UE4_Mannequin_MAT_MASKA.uasset" 443
"../../../../../EDU/UE4/EndlessRunnerGame/Content/Mannequin/Character/Materials/M_UE4Man_Body.uasset" 444
"../../../../../EDU/UE4/EndlessRunnerGame/Content/Mannequin/Character/Textures/UE4Man_Logo_N.uasset" 445
"../../../../../EDU/UE4/EndlessRunnerGame/Content/Mannequin/Character/Materials/M_UE4Man_ChestLogo.uasset" 446
"../../../../../EDU/UE4/EndlessRunnerGame/Content/Mannequin/Character/Mesh/SK_Mannequin_PhysicsAsset.uasset" 447
"../../../../../EDU/UE4/EndlessRunnerGame/Content/Mannequin/Character/Mesh/SK_Mannequin.uasset" 448
"../../../../../EDU/UE4/EndlessRunnerGame/Content/ThirdPersonBP/Blueprints/ThirdPersonCharacter.uasset" 449
"../../../../../EDU/UE4/EndlessRunnerGame/Content/Levels/TestLevel_BuiltData.uasset" 450
"../../../Engine/Content/BasicShapes/BasicShapeMaterial.uasset" 451
"../../../Engine/Content/MapTemplates/SM_Template_Map_Floor.uasset" 452
"../../../../../EDU/UE4/EndlessRunnerGame/Content/Levels/TestLevel.umap" 453
"../../../../../EDU/UE4/EndlessRunnerGame/Content/StarterContent/Blueprints/Assets/FogBrightnessLUT.uasset" 454
"../../../../../EDU/UE4/EndlessRunnerGame/Content/StarterContent/Blueprints/Assets/SunlightColorLUT.uasset" 455
"../../../../../EDU/UE4/EndlessRunnerGame/Content/StarterContent/Blueprints/Assets/M_LightStage_Arrows.uasset" 456
"../../../Engine/Content/MapTemplates/Sky/DaylightAmbientCubemap.uasset" 457
"../../../../../EDU/UE4/EndlessRunnerGame/Content/StarterContent/Blueprints/Assets/M_LightStage_Skybox_Master.uasset" 458
"../../../../../EDU/UE4/EndlessRunnerGame/Content/StarterContent/Blueprints/Assets/M_LightStage_Skybox_Black.uasset" 459
"../../../../../EDU/UE4/EndlessRunnerGame/Content/StarterContent/Blueprints/Assets/M_LightStage_Skybox_HDRI.uasset" 460
"../../../Engine/Content/EditorMaterials/Thumbnails/SkySphereMaterial.uasset" 461
"../../../../../EDU/UE4/EndlessRunnerGame/Content/StarterContent/Blueprints/Assets/Skybox.uasset" 462
"../../../../../EDU/UE4/EndlessRunnerGame/Content/StarterContent/Blueprints/Assets/SM_Arrows.uasset" 463
"../../../../../EDU/UE4/EndlessRunnerGame/Content/StarterContent/HDRI/HDRI_Epic_Courtyard_Daylight.uasset" 464
"../../../../../EDU/UE4/EndlessRunnerGame/Content/StarterContent/Blueprints/BP_LightStudio.uasset" 465
"../../../../../EDU/UE4/EndlessRunnerGame/Content/StarterContent/Maps/Advanced_Lighting_BuiltData.uasset" 466
"../../../../../EDU/UE4/EndlessRunnerGame/Content/StarterContent/Materials/M_AssetPlatform.uasset" 467
"../../../Engine/Content/EditorMeshes/ColorCalibrator/M_ChromeBall.uasset" 468
"../../../Engine/Content/EditorMeshes/ColorCalibrator/M_ClearCoat.uasset" 469
"../../../Engine/Content/EditorMeshes/ColorCalibrator/M_ClearCoatBlack.uasset" 470
"../../../Engine/Content/EditorMeshes/ColorCalibrator/Color_checker.uasset" 471
"../../../Engine/Content/EditorMeshes/ColorCalibrator/M_ColorGrid.uasset" 472
"../../../Engine/Content/EditorMeshes/ColorCalibrator/M_GreyBall.uasset" 473
"../../../Engine/Content/EditorMeshes/ColorCalibrator/SM_ColorCalibrator.uasset" 474
"../../../../../EDU/UE4/EndlessRunnerGame/Content/StarterContent/Architecture/SM_AssetPlatform.uasset" 475
"../../../../../EDU/UE4/EndlessRunnerGame/Content/StarterContent/Maps/Advanced_Lighting.umap" 476
"../../../../../EDU/UE4/EndlessRunnerGame/Content/StarterContent/Maps/Minimal_Default_BuiltData.uasset" 477
"../../../../../EDU/UE4/EndlessRunnerGame/Content/StarterContent/Materials/M_Metal_Brushed_Nickel.uasset" 478
"../../../../../EDU/UE4/EndlessRunnerGame/Content/StarterContent/Textures/T_Metal_Aluminum_D.uasset" 479
"../../../../../EDU/UE4/EndlessRunnerGame/Content/StarterContent/Textures/T_Metal_Gold_N.uasset" 480
"../../../../../EDU/UE4/EndlessRunnerGame/Content/StarterContent/Materials/M_Metal_Burnished_Steel.uasset" 481
"../../../../../EDU/UE4/EndlessRunnerGame/Content/StarterContent/Textures/T_Metal_Copper_D.uasset" 482
"../../../../../EDU/UE4/EndlessRunnerGame/Content/StarterContent/Materials/M_Metal_Copper.uasset" 483
"../../../../../EDU/UE4/EndlessRunnerGame/Content/StarterContent/Textures/T_Chair_M.uasset" 484
"../../../../../EDU/UE4/EndlessRunnerGame/Content/StarterContent/Textures/T_Chair_N.uasset" 485
"../../../../../EDU/UE4/EndlessRunnerGame/Content/StarterContent/Props/Materials/M_Chair.uasset" 486
"../../../../../EDU/UE4/EndlessRunnerGame/Content/StarterContent/Textures/T_Statue_M.uasset" 487
"../../../../../EDU/UE4/EndlessRunnerGame/Content/StarterContent/Textures/T_Statue_N.uasset" 488
"../../../../../EDU/UE4/EndlessRunnerGame/Content/StarterContent/Props/Materials/M_StatueGlass.uasset" 489
"../../../../../EDU/UE4/EndlessRunnerGame/Content/StarterContent/Materials/M_Basic_Floor.uasset" 490
"../../../../../EDU/UE4/EndlessRunnerGame/Content/StarterContent/Architecture/Floor_400x400.uasset" 491
"../../../../../EDU/UE4/EndlessRunnerGame/Content/StarterContent/Audio/Starter_Background_Cue.uasset" 492
"../../../../../EDU/UE4/EndlessRunnerGame/Content/StarterContent/Props/SM_Chair.uasset" 493
"../../../../../EDU/UE4/EndlessRunnerGame/Content/StarterContent/Props/Materials/M_Statue.uasset" 494
"../../../../../EDU/UE4/EndlessRunnerGame/Content/StarterContent/Props/SM_Statue.uasset" 495
"../../../../../EDU/UE4/EndlessRunnerGame/Content/StarterContent/Textures/T_TableRound_M.uasset" 496
"../../../../../EDU/UE4/EndlessRunnerGame/Content/StarterContent/Textures/T_TableRound_N.uasset" 497
"../../../../../EDU/UE4/EndlessRunnerGame/Content/StarterContent/Props/Materials/M_TableRound.uasset" 498
"../../../../../EDU/UE4/EndlessRunnerGame/Content/StarterContent/Props/SM_TableRound.uasset" 499
"../../../../../EDU/UE4/EndlessRunnerGame/Content/StarterContent/Maps/Minimal_Default.umap" 500
"../../../../../EDU/UE4/EndlessRunnerGame/Content/StarterContent/Audio/Fire01_Cue.uasset" 501
"../../../../../EDU/UE4/EndlessRunnerGame/Content/StarterContent/Textures/T_Fire_SubUV.uasset" 502
"../../../../../EDU/UE4/EndlessRunnerGame/Content/StarterContent/Textures/T_Fire_Tiled_D.uasset" 503
"../../../../../EDU/UE4/EndlessRunnerGame/Content/StarterContent/Particles/Materials/M_Fire_SubUV.uasset" 504
"../../../../../EDU/UE4/EndlessRunnerGame/Content/StarterContent/Textures/T_Water_N.uasset" 505
"../../../../../EDU/UE4/EndlessRunnerGame/Content/StarterContent/Particles/Materials/M_Heat_Distortion.uasset" 506
"../../../../../EDU/UE4/EndlessRunnerGame/Content/StarterContent/Particles/Materials/M_Radial_Gradient.uasset" 507
"../../../../../EDU/UE4/EndlessRunnerGame/Content/StarterContent/Particles/P_Fire.uasset" 508
"../../../../../EDU/UE4/EndlessRunnerGame/Content/StarterContent/Blueprints/Blueprint_Effect_Fire.uasset" 509
"../../../../../EDU/UE4/EndlessRunnerGame/Content/StarterContent/Audio/Smoke01_Cue.uasset" 510
"../../../../../EDU/UE4/EndlessRunnerGame/Content/StarterContent/Particles/P_Smoke.uasset" 511
"../../../../../EDU/UE4/EndlessRunnerGame/Content/StarterContent/Blueprints/Blueprint_Effect_Smoke.uasset" 512
"../../../../../EDU/UE4/EndlessRunnerGame/Content/StarterContent/Audio/Fire_Sparks01_Cue.uasset" 513
"../../../../../EDU/UE4/EndlessRunnerGame/Content/StarterContent/Textures/T_Spark_Core.uasset" 514
"../../../../../EDU/UE4/EndlessRunnerGame/Content/StarterContent/Particles/Materials/M_Spark.uasset" 515
"../../../../../EDU/UE4/EndlessRunnerGame/Content/StarterContent/Particles/P_Sparks.uasset" 516
"../../../../../EDU/UE4/EndlessRunnerGame/Content/StarterContent/Blueprints/Blueprint_Effect_Sparks.uasset" 517
"../../../../../EDU/UE4/EndlessRunnerGame/Content/StarterContent/Audio/Steam01_Cue.uasset" 518
"../../../../../EDU/UE4/EndlessRunnerGame/Content/StarterContent/Particles/P_Steam_Lit.uasset" 519
"../../../../../EDU/UE4/EndlessRunnerGame/Content/StarterContent/Blueprints/Blueprint_Effect_Steam.uasset" 520
"../../../../../EDU/UE4/EndlessRunnerGame/Content/StarterContent/Textures/T_Lamp_M.uasset" 521
"../../../../../EDU/UE4/EndlessRunnerGame/Content/StarterContent/Textures/T_Lamp_N.uasset" 522
"../../../../../EDU/UE4/EndlessRunnerGame/Content/StarterContent/Props/Materials/M_Lamp.uasset" 523
"../../../../../EDU/UE4/EndlessRunnerGame/Content/StarterContent/Props/SM_Lamp_Ceiling.uasset" 524
"../../../../../EDU/UE4/EndlessRunnerGame/Content/StarterContent/Blueprints/Blueprint_CeilingLight.uasset" 525
"../../../../../EDU/UE4/EndlessRunnerGame/Content/StarterContent/Props/SM_Lamp_Wall.uasset" 526
"../../../../../EDU/UE4/EndlessRunnerGame/Content/StarterContent/Blueprints/Blueprint_WallSconce.uasset" 527
"../../../../../EDU/UE4/EndlessRunnerGame/Content/StarterContent/Maps/StarterMap_BuiltData.uasset" 528
"../../../Engine/Content/Functions/Engine_MaterialFunctions03/Procedurals/ComputeFilterWidth.uasset" 529
"../../../Engine/Content/EngineMaterials/AntiAliasedTextMaterialTranslucent.uasset" 530
"../../../../../EDU/UE4/EndlessRunnerGame/Content/StarterContent/Textures/T_Brick_Clay_New_D.uasset" 531
"../../../../../EDU/UE4/EndlessRunnerGame/Content/StarterContent/Textures/T_Brick_Clay_New_M.uasset" 532
"../../../../../EDU/UE4/EndlessRunnerGame/Content/StarterContent/Textures/T_Brick_Clay_New_N.uasset" 533
"../../../../../EDU/UE4/EndlessRunnerGame/Content/StarterContent/Materials/M_Brick_Clay_New.uasset" 534
"../../../../../EDU/UE4/EndlessRunnerGame/Content/StarterContent/Textures/T_Brick_Clay_Old_D.uasset" 535
"../../../../../EDU/UE4/EndlessRunnerGame/Content/StarterContent/Textures/T_Brick_Clay_Old_N.uasset" 536
"../../../../../EDU/UE4/EndlessRunnerGame/Content/StarterContent/Textures/T_Perlin_Noise_M.uasset" 537
"../../../../../EDU/UE4/EndlessRunnerGame/Content/StarterContent/Materials/M_Brick_Clay_Old.uasset" 538
"../../../../../EDU/UE4/EndlessRunnerGame/Content/StarterContent/Textures/T_Brick_Cut_Stone_D.uasset" 539
"../../../../../EDU/UE4/EndlessRunnerGame/Content/StarterContent/Textures/T_Brick_Cut_Stone_N.uasset" 540
"../../../../../EDU/UE4/EndlessRunnerGame/Content/StarterContent/Materials/M_Brick_Cut_Stone.uasset" 541
"../../../../../EDU/UE4/EndlessRunnerGame/Content/StarterContent/Textures/T_Brick_Hewn_Stone_D.uasset" 542
"../../../../../EDU/UE4/EndlessRunnerGame/Content/StarterContent/Textures/T_Brick_Hewn_Stone_M.uasset" 543
"../../../../../EDU/UE4/EndlessRunnerGame/Content/StarterContent/Textures/T_Brick_Hewn_Stone_N.uasset" 544
"../../../../../EDU/UE4/EndlessRunnerGame/Content/StarterContent/Materials/M_Brick_Hewn_Stone.uasset" 545
"../../../../../EDU/UE4/EndlessRunnerGame/Content/StarterContent/Textures/T_Ceramic_Tile_M.uasset" 546
"../../../../../EDU/UE4/EndlessRunnerGame/Content/StarterContent/Textures/T_Ceramic_Tile_N.uasset" 547
"../../../../../EDU/UE4/EndlessRunnerGame/Content/StarterContent/Textures/T_Rock_Marble_Polished_D.uasset" 548
"../../../../../EDU/UE4/EndlessRunnerGame/Content/StarterContent/Materials/M_Ceramic_Tile_Checker.uasset" 549
"../../../../../EDU/UE4/EndlessRunnerGame/Content/StarterContent/Textures/T_CobbleStone_Pebble_D.uasset" 550
"../../../../../EDU/UE4/EndlessRunnerGame/Content/StarterContent/Textures/T_CobbleStone_Pebble_M.uasset" 551
"../../../../../EDU/UE4/EndlessRunnerGame/Content/StarterContent/Textures/T_CobbleStone_Pebble_N.uasset" 552
"../../../../../EDU/UE4/EndlessRunnerGame/Content/StarterContent/Materials/M_CobbleStone_Pebble.uasset" 553
"../../../../../EDU/UE4/EndlessRunnerGame/Content/StarterContent/Textures/T_CobbleStone_Rough_D.uasset" 554
"../../../../../EDU/UE4/EndlessRunnerGame/Content/StarterContent/Textures/T_CobbleStone_Rough_N.uasset" 555
"../../../../../EDU/UE4/EndlessRunnerGame/Content/StarterContent/Textures/T_Gradinet_01.uasset" 556
"../../../../../EDU/UE4/EndlessRunnerGame/Content/StarterContent/Textures/T_Rock_Smooth_Granite_D.uasset" 557
"../../../../../EDU/UE4/EndlessRunnerGame/Content/StarterContent/Materials/M_CobbleStone_Rough.uasset" 558
"../../../../../EDU/UE4/EndlessRunnerGame/Content/StarterContent/Textures/T_CobbleStone_Smooth_D.uasset" 559
"../../../../../EDU/UE4/EndlessRunnerGame/Content/StarterContent/Textures/T_CobbleStone_Smooth_M.uasset" 560
"../../../../../EDU/UE4/EndlessRunnerGame/Content/StarterContent/Textures/T_CobbleStone_Smooth_N.uasset" 561
"../../../../../EDU/UE4/EndlessRunnerGame/Content/StarterContent/Materials/M_CobbleStone_Smooth.uasset" 562
"../../../../../EDU/UE4/EndlessRunnerGame/Content/StarterContent/Textures/T_Concrete_Grime_D.uasset" 563
"../../../../../EDU/UE4/EndlessRunnerGame/Content/StarterContent/Textures/T_Metal_Rust_N.uasset" 564
"../../../../../EDU/UE4/EndlessRunnerGame/Content/StarterContent/Materials/M_Concrete_Grime.uasset" 565
"../../../../../EDU/UE4/EndlessRunnerGame/Content/StarterContent/Textures/T_Concrete_Panels_D.uasset" 566
"../../../../../EDU/UE4/EndlessRunnerGame/Content/StarterContent/Textures/T_Concrete_Panels_N.uasset" 567
"../../../../../EDU/UE4/EndlessRunnerGame/Content/StarterContent/Materials/M_Concrete_Panels.uasset" 568
"../../../../../EDU/UE4/EndlessRunnerGame/Content/StarterContent/Textures/T_Concrete_Poured_D.uasset" 569
"../../../../../EDU/UE4/EndlessRunnerGame/Content/StarterContent/Textures/T_Concrete_Poured_N.uasset" 570
"../../../../../EDU/UE4/EndlessRunnerGame/Content/StarterContent/Materials/M_Concrete_Poured.uasset" 571
"../../../../../EDU/UE4/EndlessRunnerGame/Content/StarterContent/Textures/T_Concrete_Tiles_D.uasset" 572
"../../../../../EDU/UE4/EndlessRunnerGame/Content/StarterContent/Textures/T_Concrete_Tiles_M.uasset" 573
"../../../../../EDU/UE4/EndlessRunnerGame/Content/StarterContent/Textures/T_Concrete_Tiles_N.uasset" 574
"../../../../../EDU/UE4/EndlessRunnerGame/Content/StarterContent/Textures/T_Concrete_Tiles_Variation_M.uasset" 575
"../../../../../EDU/UE4/EndlessRunnerGame/Content/StarterContent/Materials/M_Concrete_Tiles.uasset" 576
"../../../../../EDU/UE4/EndlessRunnerGame/Content/StarterContent/Textures/T_Ground_Grass_D.uasset" 577
"../../../../../EDU/UE4/EndlessRunnerGame/Content/StarterContent/Textures/T_Ground_Grass_N.uasset" 578
"../../../../../EDU/UE4/EndlessRunnerGame/Content/StarterContent/Materials/M_Ground_Grass.uasset" 579
"../../../../../EDU/UE4/EndlessRunnerGame/Content/StarterContent/Textures/T_Ground_Gravel_D.uasset" 580
"../../../../../EDU/UE4/EndlessRunnerGame/Content/StarterContent/Textures/T_Ground_Gravel_N.uasset" 581
"../../../../../EDU/UE4/EndlessRunnerGame/Content/StarterContent/Materials/M_Ground_Gravel.uasset" 582
"../../../../../EDU/UE4/EndlessRunnerGame/Content/StarterContent/Textures/T_ground_Moss_D.uasset" 583
"../../../../../EDU/UE4/EndlessRunnerGame/Content/StarterContent/Textures/T_Ground_Moss_N.uasset" 584
"../../../../../EDU/UE4/EndlessRunnerGame/Content/StarterContent/Materials/M_Ground_Moss.uasset" 585
"../../../../../EDU/UE4/EndlessRunnerGame/Content/StarterContent/Materials/M_Metal_Chrome.uasset" 586
"../../../../../EDU/UE4/EndlessRunnerGame/Content/StarterContent/Textures/T_Metal_Gold_D.uasset" 587
"../../../../../EDU/UE4/EndlessRunnerGame/Content/StarterContent/Materials/M_Metal_Gold.uasset" 588
"../../../../../EDU/UE4/EndlessRunnerGame/Content/StarterContent/Textures/T_Metal_Rust_D.uasset" 589
"../../../../../EDU/UE4/EndlessRunnerGame/Content/StarterContent/Materials/M_Metal_Rust.uasset" 590
"../../../../../EDU/UE4/EndlessRunnerGame/Content/StarterContent/Textures/T_Metal_Steel_D.uasset" 591
"../../../../../EDU/UE4/EndlessRunnerGame/Content/StarterContent/Textures/T_Metal_Steel_N.uasset" 592
"../../../../../EDU/UE4/EndlessRunnerGame/Content/StarterContent/Materials/M_Metal_Steel.uasset" 593
"../../../../../EDU/UE4/EndlessRunnerGame/Content/StarterContent/Textures/T_Rock_Basalt_N.uasset" 594
"../../../../../EDU/UE4/EndlessRunnerGame/Content/StarterContent/Materials/M_Rock_Basalt.uasset" 595
"../../../../../EDU/UE4/EndlessRunnerGame/Content/StarterContent/Materials/M_Rock_Marble_Polished.uasset" 596
"../../../../../EDU/UE4/EndlessRunnerGame/Content/StarterContent/Textures/T_Rock_Sandstone_D.uasset" 597
"../../../../../EDU/UE4/EndlessRunnerGame/Content/StarterContent/Textures/T_Rock_Sandstone_N.uasset" 598
"../../../../../EDU/UE4/EndlessRunnerGame/Content/StarterContent/Materials/M_Rock_Sandstone.uasset" 599
"../../../../../EDU/UE4/EndlessRunnerGame/Content/StarterContent/Textures/T_Rock_Slate_D.uasset" 600
"../../../../../EDU/UE4/EndlessRunnerGame/Content/StarterContent/Textures/T_Rock_Slate_N.uasset" 601
"../../../../../EDU/UE4/EndlessRunnerGame/Content/StarterContent/Materials/M_Rock_Slate.uasset" 602
"../../../../../EDU/UE4/EndlessRunnerGame/Content/StarterContent/Textures/T_Checker_Noise_M.uasset" 603
"../../../../../EDU/UE4/EndlessRunnerGame/Content/StarterContent/Textures/T_Single_Tile_N.uasset" 604
"../../../../../EDU/UE4/EndlessRunnerGame/Content/StarterContent/Textures/T_Tech_Dot_M.uasset" 605
"../../../../../EDU/UE4/EndlessRunnerGame/Content/StarterContent/Textures/T_Tech_Dot_N.uasset" 606
"../../../../../EDU/UE4/EndlessRunnerGame/Content/StarterContent/Materials/M_Tech_Checker_Dot.uasset" 607
"../../../../../EDU/UE4/EndlessRunnerGame/Content/StarterContent/Textures/T_Tech_Hex_Tile_M.uasset" 608
"../../../../../EDU/UE4/EndlessRunnerGame/Content/StarterContent/Textures/T_Tech_Hex_Tile_N.uasset" 609
"../../../../../EDU/UE4/EndlessRunnerGame/Content/StarterContent/Materials/M_Tech_Hex_Tile.uasset" 610
"../../../../../EDU/UE4/EndlessRunnerGame/Content/StarterContent/Materials/M_Tech_Hex_Tile_Pulse.uasset" 611
"../../../../../EDU/UE4/EndlessRunnerGame/Content/StarterContent/Textures/T_Tech_Panel_M.uasset" 612
"../../../../../EDU/UE4/EndlessRunnerGame/Content/StarterContent/Textures/T_Tech_Panel_N.uasset" 613
"../../../../../EDU/UE4/EndlessRunnerGame/Content/StarterContent/Materials/M_Tech_Panel.uasset" 614
"../../../../../EDU/UE4/EndlessRunnerGame/Content/StarterContent/Materials/M_Water_Lake.uasset" 615
"../../../../../EDU/UE4/EndlessRunnerGame/Content/StarterContent/Textures/T_Water_M.uasset" 616
"../../../../../EDU/UE4/EndlessRunnerGame/Content/StarterContent/Materials/M_Water_Ocean.uasset" 617
"../../../../../EDU/UE4/EndlessRunnerGame/Content/StarterContent/Textures/T_Wood_Floor_Walnut_D.uasset" 618
"../../../../../EDU/UE4/EndlessRunnerGame/Content/StarterContent/Textures/T_Wood_Floor_Walnut_M.uasset" 619
"../../../../../EDU/UE4/EndlessRunnerGame/Content/StarterContent/Textures/T_Wood_Floor_Walnut_N.uasset" 620
"../../../../../EDU/UE4/EndlessRunnerGame/Content/StarterContent/Materials/M_Wood_Floor_Walnut_Polished.uasset" 621
"../../../Engine/Content/Functions/Engine_MaterialFunctions01/Opacity/AlphaOffset.uasset" 622
"../../../../../EDU/UE4/EndlessRunnerGame/Content/StarterContent/Materials/M_Wood_Floor_Walnut_Worn.uasset" 623
"../../../../../EDU/UE4/EndlessRunnerGame/Content/StarterContent/Textures/T_Wood_Oak_D.uasset" 624
"../../../../../EDU/UE4/EndlessRunnerGame/Content/StarterContent/Textures/T_Wood_Oak_N.uasset" 625
"../../../../../EDU/UE4/EndlessRunnerGame/Content/StarterContent/Materials/M_Wood_Oak.uasset" 626
"../../../../../EDU/UE4/EndlessRunnerGame/Content/StarterContent/Textures/T_Wood_Pine_D.uasset" 627
"../../../../../EDU/UE4/EndlessRunnerGame/Content/StarterContent/Textures/T_Wood_Pine_N.uasset" 628
"../../../../../EDU/UE4/EndlessRunnerGame/Content/StarterContent/Materials/M_Wood_Pine.uasset" 629
"../../../../../EDU/UE4/EndlessRunnerGame/Content/StarterContent/Textures/T_Wood_Walnut_D.uasset" 630
"../../../../../EDU/UE4/EndlessRunnerGame/Content/StarterContent/Textures/T_Wood_Walnut_N.uasset" 631
"../../../../../EDU/UE4/EndlessRunnerGame/Content/StarterContent/Materials/M_Wood_Walnut.uasset" 632
"../../../../../EDU/UE4/EndlessRunnerGame/Content/StarterContent/Architecture/Wall_400x200.uasset" 633
"../../../../../EDU/UE4/EndlessRunnerGame/Content/StarterContent/Architecture/Wall_Door_400x300.uasset" 634
"../../../../../EDU/UE4/EndlessRunnerGame/Content/StarterContent/Architecture/Wall_Window_400x300.uasset" 635
"../../../../../EDU/UE4/EndlessRunnerGame/Content/StarterContent/Audio/Collapse_Cue.uasset" 636
"../../../../../EDU/UE4/EndlessRunnerGame/Content/StarterContent/Audio/Starter_Music_Cue.uasset" 637
"../../../../../EDU/UE4/EndlessRunnerGame/Content/StarterContent/Textures/T_Dust_Particle_D.uasset" 638
"../../../../../EDU/UE4/EndlessRunnerGame/Content/StarterContent/Particles/Materials/M_Dust_Particle.uasset" 639
"../../../../../EDU/UE4/EndlessRunnerGame/Content/StarterContent/Particles/P_Ambient_Dust.uasset" 640
"../../../../../EDU/UE4/EndlessRunnerGame/Content/StarterContent/Props/MaterialSphere.uasset" 641
"../../../../../EDU/UE4/EndlessRunnerGame/Content/StarterContent/Textures/T_Frame_M.uasset" 642
"../../../../../EDU/UE4/EndlessRunnerGame/Content/StarterContent/Textures/T_Frame_N.uasset" 643
"../../../../../EDU/UE4/EndlessRunnerGame/Content/StarterContent/Props/Materials/M_Frame.uasset" 644
"../../../../../EDU/UE4/EndlessRunnerGame/Content/StarterContent/Props/SM_CornerFrame.uasset" 645
"../../../../../EDU/UE4/EndlessRunnerGame/Content/StarterContent/Props/SM_DoorFrame.uasset" 646
"../../../../../EDU/UE4/EndlessRunnerGame/Content/StarterContent/Materials/M_Glass.uasset" 647
"../../../../../EDU/UE4/EndlessRunnerGame/Content/StarterContent/Props/SM_GlassWindow.uasset" 648
"../../../../../EDU/UE4/EndlessRunnerGame/Content/StarterContent/Props/SM_PillarFrame.uasset" 649
"../../../../../EDU/UE4/EndlessRunnerGame/Content/StarterContent/Props/SM_PillarFrame300.uasset" 650
"../../../../../EDU/UE4/EndlessRunnerGame/Content/StarterContent/Props/SM_WindowFrame.uasset" 651
"../../../../../EDU/UE4/EndlessRunnerGame/Content/StarterContent/Shapes/Shape_Cube.uasset" 652
"../../../../../EDU/UE4/EndlessRunnerGame/Content/StarterContent/Shapes/Shape_QuadPyramid.uasset" 653
"../../../../../EDU/UE4/EndlessRunnerGame/Content/StarterContent/Shapes/Shape_Sphere.uasset" 654
"../../../../../EDU/UE4/EndlessRunnerGame/Content/StarterContent/Maps/StarterMap.umap" 655
"../../../../../EDU/UE4/EndlessRunnerGame/Content/ThirdPersonBP/Maps/MenuLevel.umap" 656
"../../../Engine/Content/Maps/Entry.umap" 657
